[ 2019-12-19T10:43:33+08:00 ] 127.0.0.1 /Public/admin/images/btn.png
INFO: [ app_init ] --START--
INFO: Run Behavior\BuildLiteBehavior [ RunTime:0.000009s ]
INFO: [ app_init ] --END-- [ RunTime:0.000431s ]
ERR: 无法加载模块:Public

[ 2019-12-19T10:44:04+08:00 ] 127.0.0.1 /Public/admin/images/btn.png
INFO: [ app_init ] --START--
INFO: Run Behavior\BuildLiteBehavior [ RunTime:0.000007s ]
INFO: [ app_init ] --END-- [ RunTime:0.000253s ]
ERR: 无法加载模块:Public

[ 2019-12-19T10:44:28+08:00 ] 127.0.0.1 /Public/admin/images/btn.png
INFO: [ app_init ] --START--
INFO: Run Behavior\BuildLiteBehavior [ RunTime:0.000007s ]
INFO: [ app_init ] --END-- [ RunTime:0.000253s ]
ERR: 无法加载模块:Public

[ 2019-12-19T10:45:49+08:00 ] 127.0.0.1 /Public/admin/images/btn.png
INFO: [ app_init ] --START--
INFO: Run Behavior\BuildLiteBehavior [ RunTime:0.000010s ]
INFO: [ app_init ] --END-- [ RunTime:0.001093s ]
ERR: 无法加载模块:Public

[ 2019-12-19T10:48:17+08:00 ] 127.0.0.1 /Public/admin/images/btn.png
INFO: [ app_init ] --START--
INFO: Run Behavior\BuildLiteBehavior [ RunTime:0.000009s ]
INFO: [ app_init ] --END-- [ RunTime:0.000442s ]
ERR: 无法加载模块:Public

[ 2019-12-19T10:54:21+08:00 ] 127.0.0.1 /Public/admin/images/btn.png
INFO: [ app_init ] --START--
INFO: Run Behavior\BuildLiteBehavior [ RunTime:0.000009s ]
INFO: [ app_init ] --END-- [ RunTime:0.000299s ]
ERR: 无法加载模块:Public

