[ 2019-11-20T15:31:22+08:00 ] 127.0.0.1 /Admin/Index/dealManage
INFO: [ app_init ] --START--
INFO: Run Behavior\BuildLiteBehavior [ RunTime:0.000008s ]
INFO: [ app_init ] --END-- [ RunTime:0.000863s ]
INFO: [ app_begin ] --START--
INFO: Run Behavior\ReadHtmlCacheBehavior [ RunTime:0.000692s ]
INFO: [ app_begin ] --END-- [ RunTime:0.000726s ]
SQL: SHOW COLUMNS FROM `customer_admin_user_record` [ RunTime:0.0770s ]
SQL: SELECT `session` FROM `customer_admin_user_record` WHERE `uid` = 1 LIMIT 1   [ RunTime:0.0096s ]
SQL: SHOW COLUMNS FROM `customer_deal_user` [ RunTime:0.0322s ]
NOTIC: [8] Undefined variable: data E:\xampp\htdocs\cms\Application\Admin\Controller\CollegeController.class.php 第 27 行.
SQL: SELECT * FROM customer_deal_user as s ORDER BY s.id DESC LIMIT 0,10   [ RunTime:0.0101s ]
SQL: SHOW COLUMNS FROM `customer_deal_user` [ RunTime:0.0033s ]
NOTIC: [8] Undefined variable: school_data E:\xampp\htdocs\cms\Application\Admin\Controller\IndexController.class.php 第 464 行.
SQL: SELECT COUNT(*) AS tp_count FROM `customer_deal_user` LIMIT 1   [ RunTime:0.0014s ]
SQL: SHOW COLUMNS FROM `customer_college_area` [ RunTime:0.0031s ]
SQL: SELECT `id`,`name` FROM `customer_college_area`  [ RunTime:0.0005s ]
INFO: [ view_parse ] --START--
INFO: [ template_filter ] --START--
INFO: Run Behavior\ContentReplaceBehavior [ RunTime:0.001352s ]
INFO: [ template_filter ] --END-- [ RunTime:0.001440s ]
NOTIC: [8] Undefined variable: current_url E:\xampp\htdocs\cms\Application\Runtime\Cache\Admin\4e97cd0a27de6bf3b88df62786a5a09c.php 第 64 行.
INFO: Run Behavior\ParseTemplateBehavior [ RunTime:0.349253s ]
INFO: [ view_parse ] --END-- [ RunTime:0.349287s ]
INFO: [ view_filter ] --START--
INFO: Run Behavior\WriteHtmlCacheBehavior [ RunTime:0.000768s ]
INFO: [ view_filter ] --END-- [ RunTime:0.000791s ]
INFO: [ app_end ] --START--
INFO: Run Behavior\ShowPageTraceBehavior [ RunTime:0.000827s ]
INFO: [ app_end ] --END-- [ RunTime:0.000849s ]

[ 2019-11-20T16:43:06+08:00 ] 127.0.0.1 /Admin/Index/dealManage
INFO: [ app_init ] --START--
INFO: Run Behavior\BuildLiteBehavior [ RunTime:0.000007s ]
INFO: [ app_init ] --END-- [ RunTime:0.000628s ]
INFO: [ app_begin ] --START--
INFO: Run Behavior\ReadHtmlCacheBehavior [ RunTime:0.001365s ]
INFO: [ app_begin ] --END-- [ RunTime:0.001399s ]
SQL: SHOW COLUMNS FROM `customer_admin_user_record` [ RunTime:0.0485s ]
SQL: SELECT `session` FROM `customer_admin_user_record` WHERE `uid` = 1 LIMIT 1   [ RunTime:0.0051s ]
SQL: SHOW COLUMNS FROM `customer_deal_user` [ RunTime:0.0038s ]
NOTIC: [8] Undefined variable: data E:\xampp\htdocs\cms\Application\Admin\Controller\CollegeController.class.php 第 27 行.
SQL: SELECT * FROM customer_deal_user as s ORDER BY s.id DESC LIMIT 0,10   [ RunTime:0.0005s ]
SQL: SHOW COLUMNS FROM `customer_deal_user` [ RunTime:0.0229s ]
NOTIC: [8] Undefined variable: school_data E:\xampp\htdocs\cms\Application\Admin\Controller\IndexController.class.php 第 464 行.
SQL: SELECT COUNT(*) AS tp_count FROM `customer_deal_user` LIMIT 1   [ RunTime:0.0002s ]
SQL: SHOW COLUMNS FROM `customer_college_area` [ RunTime:0.0032s ]
SQL: SELECT `id`,`name` FROM `customer_college_area`  [ RunTime:0.0003s ]
INFO: [ view_parse ] --START--
INFO: [ template_filter ] --START--
INFO: Run Behavior\ContentReplaceBehavior [ RunTime:0.000040s ]
INFO: [ template_filter ] --END-- [ RunTime:0.000069s ]
NOTIC: [8] Undefined variable: current_url E:\xampp\htdocs\cms\Application\Runtime\Cache\Admin\4e97cd0a27de6bf3b88df62786a5a09c.php 第 64 行.
INFO: Run Behavior\ParseTemplateBehavior [ RunTime:0.053266s ]
INFO: [ view_parse ] --END-- [ RunTime:0.053305s ]
INFO: [ view_filter ] --START--
INFO: Run Behavior\WriteHtmlCacheBehavior [ RunTime:0.000635s ]
INFO: [ view_filter ] --END-- [ RunTime:0.000656s ]
INFO: [ app_end ] --START--
INFO: Run Behavior\ShowPageTraceBehavior [ RunTime:0.000883s ]
INFO: [ app_end ] --END-- [ RunTime:0.000924s ]

