[ 2019-11-19T15:33:28+08:00 ] 127.0.0.1 /Admin/Index/dealManage
INFO: [ app_init ] --START--
INFO: Run Behavior\BuildLiteBehavior [ RunTime:0.000010s ]
INFO: [ app_init ] --END-- [ RunTime:0.000907s ]
INFO: [ app_begin ] --START--
INFO: Run Behavior\ReadHtmlCacheBehavior [ RunTime:0.001128s ]
INFO: [ app_begin ] --END-- [ RunTime:0.001164s ]
SQL: SHOW COLUMNS FROM `customer_admin_user_record` [ RunTime:0.0258s ]
SQL: SELECT `session` FROM `customer_admin_user_record` WHERE `uid` = 1 LIMIT 1   [ RunTime:0.0004s ]
SQL: SHOW COLUMNS FROM `customer_deal_user` [ RunTime:0.0050s ]
NOTIC: [8] Undefined variable: data E:\xampp\htdocs\cms\Application\Admin\Controller\CollegeController.class.php 第 27 行.
SQL: SELECT * FROM customer_deal_user as s ORDER BY s.id DESC LIMIT 0,10   [ RunTime:0.0129s ]
SQL: SHOW COLUMNS FROM `customer_deal_user` [ RunTime:0.0044s ]
NOTIC: [8] Undefined variable: school_data E:\xampp\htdocs\cms\Application\Admin\Controller\IndexController.class.php 第 464 行.
SQL: SELECT COUNT(*) AS tp_count FROM `customer_deal_user` LIMIT 1   [ RunTime:0.0003s ]
SQL: SHOW COLUMNS FROM `customer_college_area` [ RunTime:0.0044s ]
SQL: SELECT `id`,`name` FROM `customer_college_area`  [ RunTime:0.0004s ]
INFO: [ view_parse ] --START--
INFO: [ template_filter ] --START--
INFO: Run Behavior\ContentReplaceBehavior [ RunTime:0.000038s ]
INFO: [ template_filter ] --END-- [ RunTime:0.000064s ]
NOTIC: [8] Undefined variable: current_url E:\xampp\htdocs\cms\Application\Runtime\Cache\Admin\4e97cd0a27de6bf3b88df62786a5a09c.php 第 64 行.
INFO: Run Behavior\ParseTemplateBehavior [ RunTime:0.039053s ]
INFO: [ view_parse ] --END-- [ RunTime:0.039086s ]
INFO: [ view_filter ] --START--
INFO: Run Behavior\WriteHtmlCacheBehavior [ RunTime:0.000878s ]
INFO: [ view_filter ] --END-- [ RunTime:0.000900s ]
INFO: [ app_end ] --START--
INFO: Run Behavior\ShowPageTraceBehavior [ RunTime:0.000986s ]
INFO: [ app_end ] --END-- [ RunTime:0.001025s ]

[ 2019-11-19T15:33:29+08:00 ] 127.0.0.1 /Admin/index/collegeSchoolAdd.html
INFO: [ app_init ] --START--
INFO: Run Behavior\BuildLiteBehavior [ RunTime:0.000006s ]
INFO: [ app_init ] --END-- [ RunTime:0.000501s ]
INFO: [ app_begin ] --START--
INFO: Run Behavior\ReadHtmlCacheBehavior [ RunTime:0.000609s ]
INFO: [ app_begin ] --END-- [ RunTime:0.000632s ]
SQL: SHOW COLUMNS FROM `customer_admin_user_record` [ RunTime:0.0044s ]
SQL: SELECT `session` FROM `customer_admin_user_record` WHERE `uid` = 1 LIMIT 1   [ RunTime:0.0003s ]
SQL: SHOW COLUMNS FROM `customer_college_area` [ RunTime:0.0053s ]
SQL: SELECT `id`,`name` FROM `customer_college_area`  [ RunTime:0.0003s ]
INFO: [ view_parse ] --START--
INFO: [ template_filter ] --START--
INFO: Run Behavior\ContentReplaceBehavior [ RunTime:0.000026s ]
INFO: [ template_filter ] --END-- [ RunTime:0.000052s ]
INFO: Run Behavior\ParseTemplateBehavior [ RunTime:0.015074s ]
INFO: [ view_parse ] --END-- [ RunTime:0.015105s ]
INFO: [ view_filter ] --START--
INFO: Run Behavior\WriteHtmlCacheBehavior [ RunTime:0.000490s ]
INFO: [ view_filter ] --END-- [ RunTime:0.000507s ]
INFO: [ app_end ] --START--
INFO: Run Behavior\ShowPageTraceBehavior [ RunTime:0.000679s ]
INFO: [ app_end ] --END-- [ RunTime:0.000699s ]

[ 2019-11-19T15:33:30+08:00 ] 127.0.0.1 /Admin/index/schoolManage.html
INFO: [ app_init ] --START--
INFO: Run Behavior\BuildLiteBehavior [ RunTime:0.000005s ]
INFO: [ app_init ] --END-- [ RunTime:0.000420s ]
INFO: [ app_begin ] --START--
INFO: Run Behavior\ReadHtmlCacheBehavior [ RunTime:0.000612s ]
INFO: [ app_begin ] --END-- [ RunTime:0.000634s ]
ERR: 非法操作:schoolManage

[ 2019-11-19T15:33:34+08:00 ] 127.0.0.1 /Admin/Index/questManage
INFO: [ app_init ] --START--
INFO: Run Behavior\BuildLiteBehavior [ RunTime:0.000007s ]
INFO: [ app_init ] --END-- [ RunTime:0.000452s ]
INFO: [ app_begin ] --START--
INFO: Run Behavior\ReadHtmlCacheBehavior [ RunTime:0.000786s ]
INFO: [ app_begin ] --END-- [ RunTime:0.000832s ]
SQL: SHOW COLUMNS FROM `customer_admin_user_record` [ RunTime:0.0049s ]
SQL: SELECT `session` FROM `customer_admin_user_record` WHERE `uid` = 1 LIMIT 1   [ RunTime:0.0003s ]
SQL: SELECT `session` FROM `customer_admin_user_record` WHERE `uid` = 1 LIMIT 1   [ RunTime:0.0006s ]
SQL: SHOW COLUMNS FROM `customer_quest` [ RunTime:0.0052s ]
NOTIC: [8] Undefined variable: data E:\xampp\htdocs\cms\Application\Admin\Controller\QuestController.class.php 第 18 行.
SQL: SELECT `id`,`send_name`,`send_content`,`send_datetime`,`put_content`,`status`,`n_id` FROM `customer_quest` ORDER BY send_datetime DESC LIMIT 0,10   [ RunTime:0.0007s ]
NOTIC: [8] Undefined variable: quest_data E:\xampp\htdocs\cms\Application\Admin\Controller\IndexController.class.php 第 302 行.
SQL: SELECT COUNT(*) AS tp_count FROM `customer_quest` LIMIT 1   [ RunTime:0.0003s ]
INFO: [ view_parse ] --START--
INFO: [ template_filter ] --START--
INFO: Run Behavior\ContentReplaceBehavior [ RunTime:0.000034s ]
INFO: [ template_filter ] --END-- [ RunTime:0.000062s ]
INFO: Run Behavior\ParseTemplateBehavior [ RunTime:0.027438s ]
INFO: [ view_parse ] --END-- [ RunTime:0.027478s ]
INFO: [ view_filter ] --START--
INFO: Run Behavior\WriteHtmlCacheBehavior [ RunTime:0.000721s ]
INFO: [ view_filter ] --END-- [ RunTime:0.000767s ]
INFO: [ app_end ] --START--
INFO: Run Behavior\ShowPageTraceBehavior [ RunTime:0.000816s ]
INFO: [ app_end ] --END-- [ RunTime:0.000867s ]

[ 2019-11-19T15:33:35+08:00 ] 127.0.0.1 /Admin/Index/dealManage
INFO: [ app_init ] --START--
INFO: Run Behavior\BuildLiteBehavior [ RunTime:0.000007s ]
INFO: [ app_init ] --END-- [ RunTime:0.000524s ]
INFO: [ app_begin ] --START--
INFO: Run Behavior\ReadHtmlCacheBehavior [ RunTime:0.000561s ]
INFO: [ app_begin ] --END-- [ RunTime:0.000598s ]
SQL: SHOW COLUMNS FROM `customer_admin_user_record` [ RunTime:0.0049s ]
SQL: SELECT `session` FROM `customer_admin_user_record` WHERE `uid` = 1 LIMIT 1   [ RunTime:0.0002s ]
SQL: SHOW COLUMNS FROM `customer_deal_user` [ RunTime:0.0046s ]
NOTIC: [8] Undefined variable: data E:\xampp\htdocs\cms\Application\Admin\Controller\CollegeController.class.php 第 27 行.
SQL: SELECT * FROM customer_deal_user as s ORDER BY s.id DESC LIMIT 0,10   [ RunTime:0.0003s ]
SQL: SHOW COLUMNS FROM `customer_deal_user` [ RunTime:0.0046s ]
NOTIC: [8] Undefined variable: school_data E:\xampp\htdocs\cms\Application\Admin\Controller\IndexController.class.php 第 464 行.
SQL: SELECT COUNT(*) AS tp_count FROM `customer_deal_user` LIMIT 1   [ RunTime:0.0002s ]
SQL: SHOW COLUMNS FROM `customer_college_area` [ RunTime:0.0043s ]
SQL: SELECT `id`,`name` FROM `customer_college_area`  [ RunTime:0.0003s ]
INFO: [ view_parse ] --START--
INFO: [ template_filter ] --START--
INFO: Run Behavior\ContentReplaceBehavior [ RunTime:0.000035s ]
INFO: [ template_filter ] --END-- [ RunTime:0.000057s ]
NOTIC: [8] Undefined variable: current_url E:\xampp\htdocs\cms\Application\Runtime\Cache\Admin\4e97cd0a27de6bf3b88df62786a5a09c.php 第 64 行.
INFO: Run Behavior\ParseTemplateBehavior [ RunTime:0.006280s ]
INFO: [ view_parse ] --END-- [ RunTime:0.006303s ]
INFO: [ view_filter ] --START--
INFO: Run Behavior\WriteHtmlCacheBehavior [ RunTime:0.000442s ]
INFO: [ view_filter ] --END-- [ RunTime:0.000460s ]
INFO: [ app_end ] --START--
INFO: Run Behavior\ShowPageTraceBehavior [ RunTime:0.000588s ]
INFO: [ app_end ] --END-- [ RunTime:0.000607s ]

[ 2019-11-19T15:33:36+08:00 ] 127.0.0.1 /Admin/index/collegeSchoolAdd.html
INFO: [ app_init ] --START--
INFO: Run Behavior\BuildLiteBehavior [ RunTime:0.000005s ]
INFO: [ app_init ] --END-- [ RunTime:0.000434s ]
INFO: [ app_begin ] --START--
INFO: Run Behavior\ReadHtmlCacheBehavior [ RunTime:0.000638s ]
INFO: [ app_begin ] --END-- [ RunTime:0.000662s ]
SQL: SHOW COLUMNS FROM `customer_admin_user_record` [ RunTime:0.0051s ]
SQL: SELECT `session` FROM `customer_admin_user_record` WHERE `uid` = 1 LIMIT 1   [ RunTime:0.0003s ]
SQL: SHOW COLUMNS FROM `customer_college_area` [ RunTime:0.0051s ]
SQL: SELECT `id`,`name` FROM `customer_college_area`  [ RunTime:0.0003s ]
INFO: [ view_parse ] --START--
INFO: [ template_filter ] --START--
INFO: Run Behavior\ContentReplaceBehavior [ RunTime:0.000025s ]
INFO: [ template_filter ] --END-- [ RunTime:0.000046s ]
INFO: Run Behavior\ParseTemplateBehavior [ RunTime:0.005390s ]
INFO: [ view_parse ] --END-- [ RunTime:0.005413s ]
INFO: [ view_filter ] --START--
INFO: Run Behavior\WriteHtmlCacheBehavior [ RunTime:0.000474s ]
INFO: [ view_filter ] --END-- [ RunTime:0.000493s ]
INFO: [ app_end ] --START--
INFO: Run Behavior\ShowPageTraceBehavior [ RunTime:0.000572s ]
INFO: [ app_end ] --END-- [ RunTime:0.000590s ]

[ 2019-11-19T15:33:38+08:00 ] 127.0.0.1 /Admin/index/schoolManage.html
INFO: [ app_init ] --START--
INFO: Run Behavior\BuildLiteBehavior [ RunTime:0.000005s ]
INFO: [ app_init ] --END-- [ RunTime:0.000434s ]
INFO: [ app_begin ] --START--
INFO: Run Behavior\ReadHtmlCacheBehavior [ RunTime:0.000590s ]
INFO: [ app_begin ] --END-- [ RunTime:0.000614s ]
ERR: 非法操作:schoolManage

[ 2019-11-19T15:33:40+08:00 ] 127.0.0.1 /Admin/Index/dealManage
INFO: [ app_init ] --START--
INFO: Run Behavior\BuildLiteBehavior [ RunTime:0.000006s ]
INFO: [ app_init ] --END-- [ RunTime:0.000440s ]
INFO: [ app_begin ] --START--
INFO: Run Behavior\ReadHtmlCacheBehavior [ RunTime:0.000557s ]
INFO: [ app_begin ] --END-- [ RunTime:0.000580s ]
SQL: SHOW COLUMNS FROM `customer_admin_user_record` [ RunTime:0.0058s ]
SQL: SELECT `session` FROM `customer_admin_user_record` WHERE `uid` = 1 LIMIT 1   [ RunTime:0.0003s ]
SQL: SHOW COLUMNS FROM `customer_deal_user` [ RunTime:0.0047s ]
NOTIC: [8] Undefined variable: data E:\xampp\htdocs\cms\Application\Admin\Controller\CollegeController.class.php 第 27 行.
SQL: SELECT * FROM customer_deal_user as s ORDER BY s.id DESC LIMIT 0,10   [ RunTime:0.0003s ]
SQL: SHOW COLUMNS FROM `customer_deal_user` [ RunTime:0.0042s ]
NOTIC: [8] Undefined variable: school_data E:\xampp\htdocs\cms\Application\Admin\Controller\IndexController.class.php 第 464 行.
SQL: SELECT COUNT(*) AS tp_count FROM `customer_deal_user` LIMIT 1   [ RunTime:0.0002s ]
SQL: SHOW COLUMNS FROM `customer_college_area` [ RunTime:0.0053s ]
SQL: SELECT `id`,`name` FROM `customer_college_area`  [ RunTime:0.0004s ]
INFO: [ view_parse ] --START--
INFO: [ template_filter ] --START--
INFO: Run Behavior\ContentReplaceBehavior [ RunTime:0.000036s ]
INFO: [ template_filter ] --END-- [ RunTime:0.000060s ]
NOTIC: [8] Undefined variable: current_url E:\xampp\htdocs\cms\Application\Runtime\Cache\Admin\4e97cd0a27de6bf3b88df62786a5a09c.php 第 64 行.
INFO: Run Behavior\ParseTemplateBehavior [ RunTime:0.006644s ]
INFO: [ view_parse ] --END-- [ RunTime:0.006678s ]
INFO: [ view_filter ] --START--
INFO: Run Behavior\WriteHtmlCacheBehavior [ RunTime:0.000443s ]
INFO: [ view_filter ] --END-- [ RunTime:0.000461s ]
INFO: [ app_end ] --START--
INFO: Run Behavior\ShowPageTraceBehavior [ RunTime:0.000634s ]
INFO: [ app_end ] --END-- [ RunTime:0.000653s ]

[ 2019-11-19T15:33:51+08:00 ] 127.0.0.1 /Admin/index/collegeSchoolAdd.html
INFO: [ app_init ] --START--
INFO: Run Behavior\BuildLiteBehavior [ RunTime:0.000006s ]
INFO: [ app_init ] --END-- [ RunTime:0.000466s ]
INFO: [ app_begin ] --START--
INFO: Run Behavior\ReadHtmlCacheBehavior [ RunTime:0.000552s ]
INFO: [ app_begin ] --END-- [ RunTime:0.000576s ]
SQL: SHOW COLUMNS FROM `customer_admin_user_record` [ RunTime:0.0053s ]
SQL: SELECT `session` FROM `customer_admin_user_record` WHERE `uid` = 1 LIMIT 1   [ RunTime:0.0003s ]
SQL: SHOW COLUMNS FROM `customer_college_area` [ RunTime:0.0044s ]
SQL: SELECT `id`,`name` FROM `customer_college_area`  [ RunTime:0.0003s ]
INFO: [ view_parse ] --START--
INFO: [ template_filter ] --START--
INFO: Run Behavior\ContentReplaceBehavior [ RunTime:0.000025s ]
INFO: [ template_filter ] --END-- [ RunTime:0.000046s ]
INFO: Run Behavior\ParseTemplateBehavior [ RunTime:0.005364s ]
INFO: [ view_parse ] --END-- [ RunTime:0.005386s ]
INFO: [ view_filter ] --START--
INFO: Run Behavior\WriteHtmlCacheBehavior [ RunTime:0.000437s ]
INFO: [ view_filter ] --END-- [ RunTime:0.000455s ]
INFO: [ app_end ] --START--
INFO: Run Behavior\ShowPageTraceBehavior [ RunTime:0.000585s ]
INFO: [ app_end ] --END-- [ RunTime:0.000605s ]

[ 2019-11-19T15:33:54+08:00 ] 127.0.0.1 /Admin/Index/dealManage
INFO: [ app_init ] --START--
INFO: Run Behavior\BuildLiteBehavior [ RunTime:0.000005s ]
INFO: [ app_init ] --END-- [ RunTime:0.000433s ]
INFO: [ app_begin ] --START--
INFO: Run Behavior\ReadHtmlCacheBehavior [ RunTime:0.000710s ]
INFO: [ app_begin ] --END-- [ RunTime:0.000738s ]
SQL: SHOW COLUMNS FROM `customer_admin_user_record` [ RunTime:0.0053s ]
SQL: SELECT `session` FROM `customer_admin_user_record` WHERE `uid` = 1 LIMIT 1   [ RunTime:0.0002s ]
SQL: SHOW COLUMNS FROM `customer_deal_user` [ RunTime:0.0046s ]
NOTIC: [8] Undefined variable: data E:\xampp\htdocs\cms\Application\Admin\Controller\CollegeController.class.php 第 27 行.
SQL: SELECT * FROM customer_deal_user as s ORDER BY s.id DESC LIMIT 0,10   [ RunTime:0.0003s ]
SQL: SHOW COLUMNS FROM `customer_deal_user` [ RunTime:0.0043s ]
NOTIC: [8] Undefined variable: school_data E:\xampp\htdocs\cms\Application\Admin\Controller\IndexController.class.php 第 464 行.
SQL: SELECT COUNT(*) AS tp_count FROM `customer_deal_user` LIMIT 1   [ RunTime:0.0003s ]
SQL: SHOW COLUMNS FROM `customer_college_area` [ RunTime:0.0043s ]
SQL: SELECT `id`,`name` FROM `customer_college_area`  [ RunTime:0.0003s ]
INFO: [ view_parse ] --START--
INFO: [ template_filter ] --START--
INFO: Run Behavior\ContentReplaceBehavior [ RunTime:0.000035s ]
INFO: [ template_filter ] --END-- [ RunTime:0.000058s ]
NOTIC: [8] Undefined variable: current_url E:\xampp\htdocs\cms\Application\Runtime\Cache\Admin\4e97cd0a27de6bf3b88df62786a5a09c.php 第 64 行.
INFO: Run Behavior\ParseTemplateBehavior [ RunTime:0.006221s ]
INFO: [ view_parse ] --END-- [ RunTime:0.006242s ]
INFO: [ view_filter ] --START--
INFO: Run Behavior\WriteHtmlCacheBehavior [ RunTime:0.000439s ]
INFO: [ view_filter ] --END-- [ RunTime:0.000457s ]
INFO: [ app_end ] --START--
INFO: Run Behavior\ShowPageTraceBehavior [ RunTime:0.000633s ]
INFO: [ app_end ] --END-- [ RunTime:0.000653s ]

[ 2019-11-19T16:05:47+08:00 ] 127.0.0.1 /Admin/Index/dealManage
INFO: [ app_init ] --START--
INFO: Run Behavior\BuildLiteBehavior [ RunTime:0.000006s ]
INFO: [ app_init ] --END-- [ RunTime:0.000520s ]
INFO: [ app_begin ] --START--
INFO: Run Behavior\ReadHtmlCacheBehavior [ RunTime:0.000687s ]
INFO: [ app_begin ] --END-- [ RunTime:0.000711s ]
SQL: SHOW COLUMNS FROM `customer_admin_user_record` [ RunTime:0.0051s ]
SQL: SELECT `session` FROM `customer_admin_user_record` WHERE `uid` = 1 LIMIT 1   [ RunTime:0.0003s ]
SQL: SHOW COLUMNS FROM `customer_deal_user` [ RunTime:0.0048s ]
NOTIC: [8] Undefined variable: data E:\xampp\htdocs\cms\Application\Admin\Controller\CollegeController.class.php 第 27 行.
SQL: SELECT * FROM customer_deal_user as s ORDER BY s.id DESC LIMIT 0,10   [ RunTime:0.0004s ]
SQL: SHOW COLUMNS FROM `customer_deal_user` [ RunTime:0.0049s ]
NOTIC: [8] Undefined variable: school_data E:\xampp\htdocs\cms\Application\Admin\Controller\IndexController.class.php 第 464 行.
SQL: SELECT COUNT(*) AS tp_count FROM `customer_deal_user` LIMIT 1   [ RunTime:0.0002s ]
SQL: SHOW COLUMNS FROM `customer_college_area` [ RunTime:0.0047s ]
SQL: SELECT `id`,`name` FROM `customer_college_area`  [ RunTime:0.0003s ]
INFO: [ view_parse ] --START--
INFO: [ template_filter ] --START--
INFO: Run Behavior\ContentReplaceBehavior [ RunTime:0.000038s ]
INFO: [ template_filter ] --END-- [ RunTime:0.000061s ]
NOTIC: [8] Undefined variable: current_url E:\xampp\htdocs\cms\Application\Runtime\Cache\Admin\4e97cd0a27de6bf3b88df62786a5a09c.php 第 64 行.
INFO: Run Behavior\ParseTemplateBehavior [ RunTime:0.007274s ]
INFO: [ view_parse ] --END-- [ RunTime:0.007294s ]
INFO: [ view_filter ] --START--
INFO: Run Behavior\WriteHtmlCacheBehavior [ RunTime:0.000510s ]
INFO: [ view_filter ] --END-- [ RunTime:0.000528s ]
INFO: [ app_end ] --START--
INFO: Run Behavior\ShowPageTraceBehavior [ RunTime:0.000677s ]
INFO: [ app_end ] --END-- [ RunTime:0.000697s ]

