[ 2019-11-22T14:50:26+08:00 ] 127.0.0.1 /Admin/index/index
INFO: [ app_init ] --START--
INFO: Run Behavior\BuildLiteBehavior [ RunTime:0.000011s ]
INFO: [ app_init ] --END-- [ RunTime:0.000843s ]
INFO: [ app_begin ] --START--
INFO: Run Behavior\ReadHtmlCacheBehavior [ RunTime:0.007598s ]
INFO: [ app_begin ] --END-- [ RunTime:0.007643s ]
SQL: SHOW COLUMNS FROM `customer_admin_user_record` [ RunTime:0.0417s ]
SQL: SELECT `session` FROM `customer_admin_user_record` WHERE `uid` = 1 LIMIT 1   [ RunTime:0.0362s ]
SQL: SELECT `session` FROM `customer_admin_user_record` WHERE `uid` = 1 LIMIT 1   [ RunTime:0.0004s ]
SQL: SHOW COLUMNS FROM `customer_admin_menu` [ RunTime:0.0228s ]
SQL: SELECT * FROM `customer_admin_menu` WHERE ( pid=0 )  [ RunTime:0.0542s ]
SQL: SELECT * FROM `customer_admin_menu` WHERE ( pid=1 )  [ RunTime:0.0004s ]
SQL: SELECT * FROM `customer_admin_menu` WHERE ( pid=2 )  [ RunTime:0.0003s ]
SQL: SELECT * FROM `customer_admin_menu` WHERE ( pid=3 )  [ RunTime:0.0003s ]
SQL: SELECT * FROM `customer_admin_menu` WHERE ( pid=12 )  [ RunTime:0.0003s ]
SQL: SELECT * FROM `customer_admin_menu` WHERE ( pid=13 )  [ RunTime:0.0003s ]
SQL: SELECT * FROM `customer_admin_menu` WHERE ( pid=14 )  [ RunTime:0.0003s ]
SQL: SELECT * FROM `customer_admin_menu` WHERE ( pid=20 )  [ RunTime:0.0003s ]
SQL: SELECT * FROM `customer_admin_menu` WHERE ( pid=19 )  [ RunTime:0.0003s ]
SQL: SELECT * FROM `customer_admin_menu` WHERE ( pid=22 )  [ RunTime:0.0003s ]
SQL: SELECT * FROM `customer_admin_menu` WHERE ( pid=33 )  [ RunTime:0.0004s ]
SQL: SELECT * FROM `customer_admin_menu` WHERE ( pid=36 )  [ RunTime:0.0003s ]
SQL: SELECT * FROM `customer_admin_menu` WHERE ( pid=28 )  [ RunTime:0.0003s ]
SQL: SELECT * FROM `customer_admin_menu` WHERE ( pid=29 )  [ RunTime:0.0003s ]
SQL: SELECT * FROM `customer_admin_menu` WHERE ( pid=32 )  [ RunTime:0.0003s ]
SQL: SELECT * FROM `customer_admin_menu` WHERE ( pid=34 )  [ RunTime:0.0003s ]
SQL: SELECT * FROM `customer_admin_menu` WHERE ( pid=35 )  [ RunTime:0.0181s ]
SQL: SELECT * FROM `customer_admin_menu` WHERE ( pid=40 )  [ RunTime:0.0007s ]
SQL: SELECT * FROM `customer_admin_menu` WHERE ( pid=41 )  [ RunTime:0.0003s ]
SQL: SELECT * FROM `customer_admin_menu` WHERE ( pid=42 )  [ RunTime:0.0002s ]
INFO: [ view_parse ] --START--
INFO: [ template_filter ] --START--
INFO: Run Behavior\ContentReplaceBehavior [ RunTime:0.000050s ]
INFO: [ template_filter ] --END-- [ RunTime:0.000080s ]
INFO: Run Behavior\ParseTemplateBehavior [ RunTime:0.350579s ]
INFO: [ view_parse ] --END-- [ RunTime:0.350620s ]
INFO: [ view_filter ] --START--
INFO: Run Behavior\WriteHtmlCacheBehavior [ RunTime:0.012594s ]
INFO: [ view_filter ] --END-- [ RunTime:0.012627s ]
INFO: [ app_end ] --START--
INFO: Run Behavior\ShowPageTraceBehavior [ RunTime:0.001367s ]
INFO: [ app_end ] --END-- [ RunTime:0.001439s ]

[ 2019-11-22T14:50:27+08:00 ] 127.0.0.1 /Admin/index/main
INFO: [ app_init ] --START--
INFO: Run Behavior\BuildLiteBehavior [ RunTime:0.000006s ]
INFO: [ app_init ] --END-- [ RunTime:0.000226s ]
INFO: [ app_begin ] --START--
INFO: Run Behavior\ReadHtmlCacheBehavior [ RunTime:0.000344s ]
INFO: [ app_begin ] --END-- [ RunTime:0.000366s ]
SQL: SHOW COLUMNS FROM `customer_admin_user_record` [ RunTime:0.0264s ]
SQL: SELECT `session` FROM `customer_admin_user_record` WHERE `uid` = 1 LIMIT 1   [ RunTime:0.0003s ]
INFO: [ view_parse ] --START--
INFO: [ template_filter ] --START--
INFO: Run Behavior\ContentReplaceBehavior [ RunTime:0.000055s ]
INFO: [ template_filter ] --END-- [ RunTime:0.000083s ]
NOTIC: [8] Undefined index: SYSTEMROOT E:\xampp\htdocs\cms\Application\Runtime\Cache\Admin\65a1f94348fbcf8ea0b7b04e37c32a89.php 第 110 行.
NOTIC: [8] Undefined index: PHP_FCGI_MAX_REQUESTS E:\xampp\htdocs\cms\Application\Runtime\Cache\Admin\65a1f94348fbcf8ea0b7b04e37c32a89.php 第 115 行.
NOTIC: [8] Undefined index: _FCGI_SHUTDOWN_EVENT_ E:\xampp\htdocs\cms\Application\Runtime\Cache\Admin\65a1f94348fbcf8ea0b7b04e37c32a89.php 第 117 行.
NOTIC: [8] Undefined index: HTTP_ACCERT E:\xampp\htdocs\cms\Application\Runtime\Cache\Admin\65a1f94348fbcf8ea0b7b04e37c32a89.php 第 163 行.
NOTIC: [8] Undefined index: FCGI_ROLE E:\xampp\htdocs\cms\Application\Runtime\Cache\Admin\65a1f94348fbcf8ea0b7b04e37c32a89.php 第 175 行.
INFO: Run Behavior\ParseTemplateBehavior [ RunTime:0.063857s ]
INFO: [ view_parse ] --END-- [ RunTime:0.063896s ]
INFO: [ view_filter ] --START--
INFO: Run Behavior\WriteHtmlCacheBehavior [ RunTime:0.000397s ]
INFO: [ view_filter ] --END-- [ RunTime:0.000470s ]
INFO: [ app_end ] --START--
INFO: Run Behavior\ShowPageTraceBehavior [ RunTime:0.000642s ]
INFO: [ app_end ] --END-- [ RunTime:0.000708s ]

[ 2019-11-22T14:50:30+08:00 ] 127.0.0.1 /Admin/Index/dealManage
INFO: [ app_init ] --START--
INFO: Run Behavior\BuildLiteBehavior [ RunTime:0.000006s ]
INFO: [ app_init ] --END-- [ RunTime:0.000220s ]
INFO: [ app_begin ] --START--
INFO: Run Behavior\ReadHtmlCacheBehavior [ RunTime:0.000343s ]
INFO: [ app_begin ] --END-- [ RunTime:0.000366s ]
SQL: SHOW COLUMNS FROM `customer_admin_user_record` [ RunTime:0.0027s ]
SQL: SELECT `session` FROM `customer_admin_user_record` WHERE `uid` = 1 LIMIT 1   [ RunTime:0.0003s ]
SQL: SHOW COLUMNS FROM `customer_deal_user` [ RunTime:0.0399s ]
NOTIC: [8] Undefined variable: data E:\xampp\htdocs\cms\Application\Admin\Controller\CollegeController.class.php 第 27 行.
SQL: SELECT * FROM customer_deal_user as s ORDER BY s.id DESC LIMIT 0,10   [ RunTime:0.0017s ]
SQL: SHOW COLUMNS FROM `customer_deal_user` [ RunTime:0.0026s ]
NOTIC: [8] Undefined variable: school_data E:\xampp\htdocs\cms\Application\Admin\Controller\IndexController.class.php 第 464 行.
SQL: SELECT COUNT(*) AS tp_count FROM `customer_deal_user` LIMIT 1   [ RunTime:0.0002s ]
SQL: SHOW COLUMNS FROM `customer_college_area` [ RunTime:0.0032s ]
SQL: SELECT `id`,`name` FROM `customer_college_area`  [ RunTime:0.0012s ]
INFO: [ view_parse ] --START--
INFO: [ template_filter ] --START--
INFO: Run Behavior\ContentReplaceBehavior [ RunTime:0.000035s ]
INFO: [ template_filter ] --END-- [ RunTime:0.000062s ]
NOTIC: [8] Undefined variable: current_url E:\xampp\htdocs\cms\Application\Runtime\Cache\Admin\4e97cd0a27de6bf3b88df62786a5a09c.php 第 64 行.
INFO: Run Behavior\ParseTemplateBehavior [ RunTime:0.067255s ]
INFO: [ view_parse ] --END-- [ RunTime:0.067288s ]
INFO: [ view_filter ] --START--
INFO: Run Behavior\WriteHtmlCacheBehavior [ RunTime:0.000296s ]
INFO: [ view_filter ] --END-- [ RunTime:0.000314s ]
INFO: [ app_end ] --START--
INFO: Run Behavior\ShowPageTraceBehavior [ RunTime:0.016388s ]
INFO: [ app_end ] --END-- [ RunTime:0.016446s ]

[ 2019-11-22T14:54:17+08:00 ] 127.0.0.1 /Admin/index/collegeSchoolAdd.html
INFO: [ app_init ] --START--
INFO: Run Behavior\BuildLiteBehavior [ RunTime:0.000007s ]
INFO: [ app_init ] --END-- [ RunTime:0.000279s ]
INFO: [ app_begin ] --START--
INFO: Run Behavior\ReadHtmlCacheBehavior [ RunTime:0.000493s ]
INFO: [ app_begin ] --END-- [ RunTime:0.000525s ]
SQL: SHOW COLUMNS FROM `customer_admin_user_record` [ RunTime:0.0027s ]
SQL: SELECT `session` FROM `customer_admin_user_record` WHERE `uid` = 1 LIMIT 1   [ RunTime:0.0002s ]
SQL: SHOW COLUMNS FROM `customer_college_area` [ RunTime:0.0024s ]
SQL: SELECT `id`,`name` FROM `customer_college_area`  [ RunTime:0.0002s ]
INFO: [ view_parse ] --START--
INFO: [ template_filter ] --START--
INFO: Run Behavior\ContentReplaceBehavior [ RunTime:0.000070s ]
INFO: [ template_filter ] --END-- [ RunTime:0.000156s ]
INFO: Run Behavior\ParseTemplateBehavior [ RunTime:0.064202s ]
INFO: [ view_parse ] --END-- [ RunTime:0.064234s ]
INFO: [ view_filter ] --START--
INFO: Run Behavior\WriteHtmlCacheBehavior [ RunTime:0.000335s ]
INFO: [ view_filter ] --END-- [ RunTime:0.000354s ]
INFO: [ app_end ] --START--
INFO: Run Behavior\ShowPageTraceBehavior [ RunTime:0.000806s ]
INFO: [ app_end ] --END-- [ RunTime:0.000828s ]

[ 2019-11-22T14:56:04+08:00 ] 127.0.0.1 /Admin/index/index
INFO: [ app_init ] --START--
INFO: Run Behavior\BuildLiteBehavior [ RunTime:0.000007s ]
INFO: [ app_init ] --END-- [ RunTime:0.000362s ]
INFO: [ app_begin ] --START--
INFO: Run Behavior\ReadHtmlCacheBehavior [ RunTime:0.000554s ]
INFO: [ app_begin ] --END-- [ RunTime:0.000594s ]
SQL: SHOW COLUMNS FROM `customer_admin_user_record` [ RunTime:0.0036s ]
SQL: SELECT `session` FROM `customer_admin_user_record` WHERE `uid` = 1 LIMIT 1   [ RunTime:0.0003s ]
SQL: SELECT `session` FROM `customer_admin_user_record` WHERE `uid` = 1 LIMIT 1   [ RunTime:0.0003s ]
SQL: SHOW COLUMNS FROM `customer_admin_menu` [ RunTime:0.0024s ]
SQL: SELECT * FROM `customer_admin_menu` WHERE ( pid=0 )  [ RunTime:0.0003s ]
SQL: SELECT * FROM `customer_admin_menu` WHERE ( pid=1 )  [ RunTime:0.0003s ]
SQL: SELECT * FROM `customer_admin_menu` WHERE ( pid=2 )  [ RunTime:0.0003s ]
SQL: SELECT * FROM `customer_admin_menu` WHERE ( pid=3 )  [ RunTime:0.0003s ]
SQL: SELECT * FROM `customer_admin_menu` WHERE ( pid=12 )  [ RunTime:0.0003s ]
SQL: SELECT * FROM `customer_admin_menu` WHERE ( pid=13 )  [ RunTime:0.0003s ]
SQL: SELECT * FROM `customer_admin_menu` WHERE ( pid=14 )  [ RunTime:0.0003s ]
SQL: SELECT * FROM `customer_admin_menu` WHERE ( pid=20 )  [ RunTime:0.0003s ]
SQL: SELECT * FROM `customer_admin_menu` WHERE ( pid=19 )  [ RunTime:0.0003s ]
SQL: SELECT * FROM `customer_admin_menu` WHERE ( pid=22 )  [ RunTime:0.0003s ]
SQL: SELECT * FROM `customer_admin_menu` WHERE ( pid=33 )  [ RunTime:0.0003s ]
SQL: SELECT * FROM `customer_admin_menu` WHERE ( pid=36 )  [ RunTime:0.0002s ]
SQL: SELECT * FROM `customer_admin_menu` WHERE ( pid=28 )  [ RunTime:0.0002s ]
SQL: SELECT * FROM `customer_admin_menu` WHERE ( pid=29 )  [ RunTime:0.0002s ]
SQL: SELECT * FROM `customer_admin_menu` WHERE ( pid=32 )  [ RunTime:0.0002s ]
SQL: SELECT * FROM `customer_admin_menu` WHERE ( pid=34 )  [ RunTime:0.0002s ]
SQL: SELECT * FROM `customer_admin_menu` WHERE ( pid=35 )  [ RunTime:0.0003s ]
SQL: SELECT * FROM `customer_admin_menu` WHERE ( pid=40 )  [ RunTime:0.0003s ]
SQL: SELECT * FROM `customer_admin_menu` WHERE ( pid=41 )  [ RunTime:0.0002s ]
SQL: SELECT * FROM `customer_admin_menu` WHERE ( pid=42 )  [ RunTime:0.0003s ]
INFO: [ view_parse ] --START--
INFO: [ template_filter ] --START--
INFO: Run Behavior\ContentReplaceBehavior [ RunTime:0.000067s ]
INFO: [ template_filter ] --END-- [ RunTime:0.000121s ]
INFO: Run Behavior\ParseTemplateBehavior [ RunTime:0.006754s ]
INFO: [ view_parse ] --END-- [ RunTime:0.006785s ]
INFO: [ view_filter ] --START--
INFO: Run Behavior\WriteHtmlCacheBehavior [ RunTime:0.000326s ]
INFO: [ view_filter ] --END-- [ RunTime:0.000347s ]
INFO: [ app_end ] --START--
INFO: Run Behavior\ShowPageTraceBehavior [ RunTime:0.000966s ]
INFO: [ app_end ] --END-- [ RunTime:0.001037s ]

[ 2019-11-22T14:56:04+08:00 ] 127.0.0.1 /Admin/index/main
INFO: [ app_init ] --START--
INFO: Run Behavior\BuildLiteBehavior [ RunTime:0.000011s ]
INFO: [ app_init ] --END-- [ RunTime:0.000312s ]
INFO: [ app_begin ] --START--
INFO: Run Behavior\ReadHtmlCacheBehavior [ RunTime:0.000517s ]
INFO: [ app_begin ] --END-- [ RunTime:0.000559s ]
SQL: SHOW COLUMNS FROM `customer_admin_user_record` [ RunTime:0.0030s ]
SQL: SELECT `session` FROM `customer_admin_user_record` WHERE `uid` = 1 LIMIT 1   [ RunTime:0.0006s ]
INFO: [ view_parse ] --START--
INFO: [ template_filter ] --START--
INFO: Run Behavior\ContentReplaceBehavior [ RunTime:0.000075s ]
INFO: [ template_filter ] --END-- [ RunTime:0.000130s ]
NOTIC: [8] Undefined index: SYSTEMROOT E:\xampp\htdocs\cms\Application\Runtime\Cache\Admin\65a1f94348fbcf8ea0b7b04e37c32a89.php 第 110 行.
NOTIC: [8] Undefined index: PHP_FCGI_MAX_REQUESTS E:\xampp\htdocs\cms\Application\Runtime\Cache\Admin\65a1f94348fbcf8ea0b7b04e37c32a89.php 第 115 行.
NOTIC: [8] Undefined index: _FCGI_SHUTDOWN_EVENT_ E:\xampp\htdocs\cms\Application\Runtime\Cache\Admin\65a1f94348fbcf8ea0b7b04e37c32a89.php 第 117 行.
NOTIC: [8] Undefined index: HTTP_ACCERT E:\xampp\htdocs\cms\Application\Runtime\Cache\Admin\65a1f94348fbcf8ea0b7b04e37c32a89.php 第 163 行.
NOTIC: [8] Undefined index: FCGI_ROLE E:\xampp\htdocs\cms\Application\Runtime\Cache\Admin\65a1f94348fbcf8ea0b7b04e37c32a89.php 第 175 行.
INFO: Run Behavior\ParseTemplateBehavior [ RunTime:0.006246s ]
INFO: [ view_parse ] --END-- [ RunTime:0.006283s ]
INFO: [ view_filter ] --START--
INFO: Run Behavior\WriteHtmlCacheBehavior [ RunTime:0.000382s ]
INFO: [ view_filter ] --END-- [ RunTime:0.000417s ]
INFO: [ app_end ] --START--
INFO: Run Behavior\ShowPageTraceBehavior [ RunTime:0.000676s ]
INFO: [ app_end ] --END-- [ RunTime:0.000747s ]

[ 2019-11-22T14:56:06+08:00 ] 127.0.0.1 /Admin/Index/dealManage
INFO: [ app_init ] --START--
INFO: Run Behavior\BuildLiteBehavior [ RunTime:0.000007s ]
INFO: [ app_init ] --END-- [ RunTime:0.000234s ]
INFO: [ app_begin ] --START--
INFO: Run Behavior\ReadHtmlCacheBehavior [ RunTime:0.000354s ]
INFO: [ app_begin ] --END-- [ RunTime:0.000379s ]
SQL: SHOW COLUMNS FROM `customer_admin_user_record` [ RunTime:0.0337s ]
SQL: SELECT `session` FROM `customer_admin_user_record` WHERE `uid` = 1 LIMIT 1   [ RunTime:0.0003s ]
SQL: SHOW COLUMNS FROM `customer_deal_user` [ RunTime:0.0030s ]
NOTIC: [8] Undefined variable: data E:\xampp\htdocs\cms\Application\Admin\Controller\CollegeController.class.php 第 27 行.
SQL: SELECT * FROM customer_deal_user as s ORDER BY s.id DESC LIMIT 0,10   [ RunTime:0.0003s ]
SQL: SHOW COLUMNS FROM `customer_deal_user` [ RunTime:0.0030s ]
NOTIC: [8] Undefined variable: school_data E:\xampp\htdocs\cms\Application\Admin\Controller\IndexController.class.php 第 464 行.
SQL: SELECT COUNT(*) AS tp_count FROM `customer_deal_user` LIMIT 1   [ RunTime:0.0003s ]
SQL: SHOW COLUMNS FROM `customer_college_area` [ RunTime:0.0036s ]
SQL: SELECT `id`,`name` FROM `customer_college_area`  [ RunTime:0.0003s ]
INFO: [ view_parse ] --START--
INFO: [ template_filter ] --START--
INFO: Run Behavior\ContentReplaceBehavior [ RunTime:0.000037s ]
INFO: [ template_filter ] --END-- [ RunTime:0.000079s ]
NOTIC: [8] Undefined variable: current_url E:\xampp\htdocs\cms\Application\Runtime\Cache\Admin\4e97cd0a27de6bf3b88df62786a5a09c.php 第 64 行.
INFO: Run Behavior\ParseTemplateBehavior [ RunTime:0.005214s ]
INFO: [ view_parse ] --END-- [ RunTime:0.005236s ]
INFO: [ view_filter ] --START--
INFO: Run Behavior\WriteHtmlCacheBehavior [ RunTime:0.000261s ]
INFO: [ view_filter ] --END-- [ RunTime:0.000281s ]
INFO: [ app_end ] --START--
INFO: Run Behavior\ShowPageTraceBehavior [ RunTime:0.000363s ]
INFO: [ app_end ] --END-- [ RunTime:0.000382s ]

[ 2019-11-22T14:56:07+08:00 ] 127.0.0.1 /Admin/index/collegeSchoolAdd.html
INFO: [ app_init ] --START--
INFO: Run Behavior\BuildLiteBehavior [ RunTime:0.000005s ]
INFO: [ app_init ] --END-- [ RunTime:0.000219s ]
INFO: [ app_begin ] --START--
INFO: Run Behavior\ReadHtmlCacheBehavior [ RunTime:0.000371s ]
INFO: [ app_begin ] --END-- [ RunTime:0.000395s ]
SQL: SHOW COLUMNS FROM `customer_admin_user_record` [ RunTime:0.0030s ]
SQL: SELECT `session` FROM `customer_admin_user_record` WHERE `uid` = 1 LIMIT 1   [ RunTime:0.0003s ]
SQL: SHOW COLUMNS FROM `customer_college_area` [ RunTime:0.0029s ]
SQL: SELECT `id`,`name` FROM `customer_college_area`  [ RunTime:0.0003s ]
INFO: [ view_parse ] --START--
INFO: [ template_filter ] --START--
INFO: Run Behavior\ContentReplaceBehavior [ RunTime:0.000024s ]
INFO: [ template_filter ] --END-- [ RunTime:0.000046s ]
INFO: Run Behavior\ParseTemplateBehavior [ RunTime:0.003598s ]
INFO: [ view_parse ] --END-- [ RunTime:0.003621s ]
INFO: [ view_filter ] --START--
INFO: Run Behavior\WriteHtmlCacheBehavior [ RunTime:0.000224s ]
INFO: [ view_filter ] --END-- [ RunTime:0.000243s ]
INFO: [ app_end ] --START--
INFO: Run Behavior\ShowPageTraceBehavior [ RunTime:0.000358s ]
INFO: [ app_end ] --END-- [ RunTime:0.000377s ]

[ 2019-11-22T14:56:10+08:00 ] 127.0.0.1 /Admin/index/collegeSchoolAdd.html
INFO: [ app_init ] --START--
INFO: Run Behavior\BuildLiteBehavior [ RunTime:0.000006s ]
INFO: [ app_init ] --END-- [ RunTime:0.000223s ]
INFO: [ app_begin ] --START--
INFO: Run Behavior\ReadHtmlCacheBehavior [ RunTime:0.000397s ]
INFO: [ app_begin ] --END-- [ RunTime:0.000420s ]
SQL: SHOW COLUMNS FROM `customer_admin_user_record` [ RunTime:0.0032s ]
SQL: SELECT `session` FROM `customer_admin_user_record` WHERE `uid` = 1 LIMIT 1   [ RunTime:0.0003s ]
SQL: SHOW COLUMNS FROM `customer_college_area` [ RunTime:0.0029s ]
SQL: SELECT `id`,`name` FROM `customer_college_area`  [ RunTime:0.0003s ]
INFO: [ view_parse ] --START--
INFO: [ template_filter ] --START--
INFO: Run Behavior\ContentReplaceBehavior [ RunTime:0.000026s ]
INFO: [ template_filter ] --END-- [ RunTime:0.000048s ]
INFO: Run Behavior\ParseTemplateBehavior [ RunTime:0.003690s ]
INFO: [ view_parse ] --END-- [ RunTime:0.003713s ]
INFO: [ view_filter ] --START--
INFO: Run Behavior\WriteHtmlCacheBehavior [ RunTime:0.000224s ]
INFO: [ view_filter ] --END-- [ RunTime:0.000242s ]
INFO: [ app_end ] --START--
INFO: Run Behavior\ShowPageTraceBehavior [ RunTime:0.000456s ]
INFO: [ app_end ] --END-- [ RunTime:0.000475s ]

[ 2019-11-22T14:56:14+08:00 ] 127.0.0.1 /Admin/Index/dealManage
INFO: [ app_init ] --START--
INFO: Run Behavior\BuildLiteBehavior [ RunTime:0.000006s ]
INFO: [ app_init ] --END-- [ RunTime:0.000219s ]
INFO: [ app_begin ] --START--
INFO: Run Behavior\ReadHtmlCacheBehavior [ RunTime:0.000389s ]
INFO: [ app_begin ] --END-- [ RunTime:0.000412s ]
SQL: SHOW COLUMNS FROM `customer_admin_user_record` [ RunTime:0.0034s ]
SQL: SELECT `session` FROM `customer_admin_user_record` WHERE `uid` = 1 LIMIT 1   [ RunTime:0.0003s ]
SQL: SHOW COLUMNS FROM `customer_deal_user` [ RunTime:0.0031s ]
NOTIC: [8] Undefined variable: data E:\xampp\htdocs\cms\Application\Admin\Controller\CollegeController.class.php 第 27 行.
SQL: SELECT * FROM customer_deal_user as s ORDER BY s.id DESC LIMIT 0,10   [ RunTime:0.0003s ]
SQL: SHOW COLUMNS FROM `customer_deal_user` [ RunTime:0.0029s ]
NOTIC: [8] Undefined variable: school_data E:\xampp\htdocs\cms\Application\Admin\Controller\IndexController.class.php 第 464 行.
SQL: SELECT COUNT(*) AS tp_count FROM `customer_deal_user` LIMIT 1   [ RunTime:0.0002s ]
SQL: SHOW COLUMNS FROM `customer_college_area` [ RunTime:0.0028s ]
SQL: SELECT `id`,`name` FROM `customer_college_area`  [ RunTime:0.0003s ]
INFO: [ view_parse ] --START--
INFO: [ template_filter ] --START--
INFO: Run Behavior\ContentReplaceBehavior [ RunTime:0.000036s ]
INFO: [ template_filter ] --END-- [ RunTime:0.000059s ]
NOTIC: [8] Undefined variable: current_url E:\xampp\htdocs\cms\Application\Runtime\Cache\Admin\4e97cd0a27de6bf3b88df62786a5a09c.php 第 64 行.
INFO: Run Behavior\ParseTemplateBehavior [ RunTime:0.004353s ]
INFO: [ view_parse ] --END-- [ RunTime:0.004409s ]
INFO: [ view_filter ] --START--
INFO: Run Behavior\WriteHtmlCacheBehavior [ RunTime:0.000243s ]
INFO: [ view_filter ] --END-- [ RunTime:0.000261s ]
INFO: [ app_end ] --START--
INFO: Run Behavior\ShowPageTraceBehavior [ RunTime:0.000556s ]
INFO: [ app_end ] --END-- [ RunTime:0.000577s ]

[ 2019-11-22T14:56:48+08:00 ] 127.0.0.1 /Admin/index/collegeSchoolAdd.html
INFO: [ app_init ] --START--
INFO: Run Behavior\BuildLiteBehavior [ RunTime:0.000006s ]
INFO: [ app_init ] --END-- [ RunTime:0.000271s ]
INFO: [ app_begin ] --START--
INFO: Run Behavior\ReadHtmlCacheBehavior [ RunTime:0.000347s ]
INFO: [ app_begin ] --END-- [ RunTime:0.000370s ]
SQL: SHOW COLUMNS FROM `customer_admin_user_record` [ RunTime:0.0025s ]
SQL: SELECT `session` FROM `customer_admin_user_record` WHERE `uid` = 1 LIMIT 1   [ RunTime:0.0002s ]
SQL: SHOW COLUMNS FROM `customer_college_area` [ RunTime:0.0024s ]
SQL: SELECT `id`,`name` FROM `customer_college_area`  [ RunTime:0.0002s ]
INFO: [ view_parse ] --START--
INFO: [ template_filter ] --START--
INFO: Run Behavior\ContentReplaceBehavior [ RunTime:0.000028s ]
INFO: [ template_filter ] --END-- [ RunTime:0.000051s ]
INFO: Run Behavior\ParseTemplateBehavior [ RunTime:0.003940s ]
INFO: [ view_parse ] --END-- [ RunTime:0.003965s ]
INFO: [ view_filter ] --START--
INFO: Run Behavior\WriteHtmlCacheBehavior [ RunTime:0.000230s ]
INFO: [ view_filter ] --END-- [ RunTime:0.000248s ]
INFO: [ app_end ] --START--
INFO: Run Behavior\ShowPageTraceBehavior [ RunTime:0.000364s ]
INFO: [ app_end ] --END-- [ RunTime:0.000383s ]

[ 2019-11-22T17:03:28+08:00 ] 127.0.0.1 /Admin/index/index
INFO: [ app_init ] --START--
INFO: Run Behavior\BuildLiteBehavior [ RunTime:0.000026s ]
INFO: [ app_init ] --END-- [ RunTime:0.000777s ]
INFO: [ app_begin ] --START--
INFO: Run Behavior\ReadHtmlCacheBehavior [ RunTime:0.001134s ]
INFO: [ app_begin ] --END-- [ RunTime:0.001174s ]
NOTIC: [8] Undefined index: AdminUserInfo E:\xampp\htdocs\cms\Application\Admin\Controller\AdminUserController.class.php 第 35 行.
INFO: [ view_parse ] --START--
INFO: [ template_filter ] --START--
INFO: Run Behavior\ContentReplaceBehavior [ RunTime:0.000649s ]
INFO: [ template_filter ] --END-- [ RunTime:0.000693s ]
INFO: Run Behavior\ParseTemplateBehavior [ RunTime:0.011848s ]
INFO: [ view_parse ] --END-- [ RunTime:0.011888s ]
INFO: [ view_filter ] --START--
INFO: Run Behavior\WriteHtmlCacheBehavior [ RunTime:0.000504s ]
INFO: [ view_filter ] --END-- [ RunTime:0.000525s ]

[ 2019-11-22T17:03:30+08:00 ] 127.0.0.1 /Admin/index/login.html
INFO: [ app_init ] --START--
INFO: Run Behavior\BuildLiteBehavior [ RunTime:0.000007s ]
INFO: [ app_init ] --END-- [ RunTime:0.000243s ]
INFO: [ app_begin ] --START--
INFO: Run Behavior\ReadHtmlCacheBehavior [ RunTime:0.000445s ]
INFO: [ app_begin ] --END-- [ RunTime:0.000470s ]
INFO: [ view_parse ] --START--
INFO: [ template_filter ] --START--
INFO: Run Behavior\ContentReplaceBehavior [ RunTime:0.000026s ]
INFO: [ template_filter ] --END-- [ RunTime:0.000056s ]
INFO: Run Behavior\ParseTemplateBehavior [ RunTime:0.021701s ]
INFO: [ view_parse ] --END-- [ RunTime:0.021748s ]
INFO: [ view_filter ] --START--
INFO: Run Behavior\WriteHtmlCacheBehavior [ RunTime:0.000353s ]
INFO: [ view_filter ] --END-- [ RunTime:0.000377s ]
INFO: [ app_end ] --START--
INFO: Run Behavior\ShowPageTraceBehavior [ RunTime:0.001061s ]
INFO: [ app_end ] --END-- [ RunTime:0.001086s ]

[ 2019-11-22T17:03:30+08:00 ] 127.0.0.1 /Admin/index/getVerify.html
INFO: [ app_init ] --START--
INFO: Run Behavior\BuildLiteBehavior [ RunTime:0.000008s ]
INFO: [ app_init ] --END-- [ RunTime:0.000407s ]
INFO: [ app_begin ] --START--
INFO: Run Behavior\ReadHtmlCacheBehavior [ RunTime:0.000612s ]
INFO: [ app_begin ] --END-- [ RunTime:0.000650s ]
INFO: [ app_end ] --START--
INFO: Run Behavior\ShowPageTraceBehavior [ RunTime:0.000667s ]
INFO: [ app_end ] --END-- [ RunTime:0.000718s ]

[ 2019-11-22T17:03:42+08:00 ] 127.0.0.1 /Admin/AdminUser/login
INFO: [ app_init ] --START--
INFO: Run Behavior\BuildLiteBehavior [ RunTime:0.000005s ]
INFO: [ app_init ] --END-- [ RunTime:0.000249s ]
INFO: [ app_begin ] --START--
INFO: Run Behavior\ReadHtmlCacheBehavior [ RunTime:0.000367s ]
INFO: [ app_begin ] --END-- [ RunTime:0.000388s ]
SQL: SHOW COLUMNS FROM `customer_admin_user` [ RunTime:0.0511s ]
SQL: SELECT `id`,`user`,`pwd`,`user_name`,`exa_juris` FROM `customer_admin_user` WHERE `user` = 'admin' AND `pwd` = 'd6d12a105b099549452b21b54251908f' LIMIT 1   [ RunTime:0.0024s ]
SQL: SHOW COLUMNS FROM `customer_admin_user_record` [ RunTime:0.0216s ]
SQL: UPDATE `customer_admin_user_record` SET `session`='leg58qr3ne3ta4r56eshbrr596' WHERE `uid` = 1 [ RunTime:0.0026s ]
INFO: [ app_end ] --START--
INFO: Run Behavior\ShowPageTraceBehavior [ RunTime:0.000484s ]
INFO: [ app_end ] --END-- [ RunTime:0.000525s ]

[ 2019-11-22T17:03:42+08:00 ] 127.0.0.1 /Admin/index/index
INFO: [ app_init ] --START--
INFO: Run Behavior\BuildLiteBehavior [ RunTime:0.000006s ]
INFO: [ app_init ] --END-- [ RunTime:0.000311s ]
INFO: [ app_begin ] --START--
INFO: Run Behavior\ReadHtmlCacheBehavior [ RunTime:0.000463s ]
INFO: [ app_begin ] --END-- [ RunTime:0.000504s ]
SQL: SHOW COLUMNS FROM `customer_admin_user_record` [ RunTime:0.0033s ]
SQL: SELECT `session` FROM `customer_admin_user_record` WHERE `uid` = 1 LIMIT 1   [ RunTime:0.0002s ]
SQL: SELECT `session` FROM `customer_admin_user_record` WHERE `uid` = 1 LIMIT 1   [ RunTime:0.0004s ]
SQL: SHOW COLUMNS FROM `customer_admin_menu` [ RunTime:0.0051s ]
SQL: SELECT * FROM `customer_admin_menu` WHERE ( pid=0 )  [ RunTime:0.0007s ]
SQL: SELECT * FROM `customer_admin_menu` WHERE ( pid=1 )  [ RunTime:0.0003s ]
SQL: SELECT * FROM `customer_admin_menu` WHERE ( pid=2 )  [ RunTime:0.0003s ]
SQL: SELECT * FROM `customer_admin_menu` WHERE ( pid=3 )  [ RunTime:0.0004s ]
SQL: SELECT * FROM `customer_admin_menu` WHERE ( pid=12 )  [ RunTime:0.0002s ]
SQL: SELECT * FROM `customer_admin_menu` WHERE ( pid=13 )  [ RunTime:0.0003s ]
SQL: SELECT * FROM `customer_admin_menu` WHERE ( pid=14 )  [ RunTime:0.0003s ]
SQL: SELECT * FROM `customer_admin_menu` WHERE ( pid=20 )  [ RunTime:0.0003s ]
SQL: SELECT * FROM `customer_admin_menu` WHERE ( pid=19 )  [ RunTime:0.0003s ]
SQL: SELECT * FROM `customer_admin_menu` WHERE ( pid=22 )  [ RunTime:0.0003s ]
SQL: SELECT * FROM `customer_admin_menu` WHERE ( pid=33 )  [ RunTime:0.0003s ]
SQL: SELECT * FROM `customer_admin_menu` WHERE ( pid=36 )  [ RunTime:0.0003s ]
SQL: SELECT * FROM `customer_admin_menu` WHERE ( pid=28 )  [ RunTime:0.0003s ]
SQL: SELECT * FROM `customer_admin_menu` WHERE ( pid=29 )  [ RunTime:0.0003s ]
SQL: SELECT * FROM `customer_admin_menu` WHERE ( pid=32 )  [ RunTime:0.0003s ]
SQL: SELECT * FROM `customer_admin_menu` WHERE ( pid=34 )  [ RunTime:0.0003s ]
SQL: SELECT * FROM `customer_admin_menu` WHERE ( pid=35 )  [ RunTime:0.0003s ]
SQL: SELECT * FROM `customer_admin_menu` WHERE ( pid=40 )  [ RunTime:0.0003s ]
SQL: SELECT * FROM `customer_admin_menu` WHERE ( pid=41 )  [ RunTime:0.0003s ]
SQL: SELECT * FROM `customer_admin_menu` WHERE ( pid=42 )  [ RunTime:0.0003s ]
INFO: [ view_parse ] --START--
INFO: [ template_filter ] --START--
INFO: Run Behavior\ContentReplaceBehavior [ RunTime:0.000088s ]
INFO: [ template_filter ] --END-- [ RunTime:0.000131s ]
INFO: Run Behavior\ParseTemplateBehavior [ RunTime:0.007228s ]
INFO: [ view_parse ] --END-- [ RunTime:0.007259s ]
INFO: [ view_filter ] --START--
INFO: Run Behavior\WriteHtmlCacheBehavior [ RunTime:0.000377s ]
INFO: [ view_filter ] --END-- [ RunTime:0.000398s ]
INFO: [ app_end ] --START--
INFO: Run Behavior\ShowPageTraceBehavior [ RunTime:0.000694s ]
INFO: [ app_end ] --END-- [ RunTime:0.000748s ]

[ 2019-11-22T17:03:43+08:00 ] 127.0.0.1 /Admin/index/main
INFO: [ app_init ] --START--
INFO: Run Behavior\BuildLiteBehavior [ RunTime:0.000020s ]
INFO: [ app_init ] --END-- [ RunTime:0.000336s ]
INFO: [ app_begin ] --START--
INFO: Run Behavior\ReadHtmlCacheBehavior [ RunTime:0.000458s ]
INFO: [ app_begin ] --END-- [ RunTime:0.000482s ]
SQL: SHOW COLUMNS FROM `customer_admin_user_record` [ RunTime:0.0126s ]
SQL: SELECT `session` FROM `customer_admin_user_record` WHERE `uid` = 1 LIMIT 1   [ RunTime:0.0003s ]
INFO: [ view_parse ] --START--
INFO: [ template_filter ] --START--
INFO: Run Behavior\ContentReplaceBehavior [ RunTime:0.000088s ]
INFO: [ template_filter ] --END-- [ RunTime:0.000155s ]
NOTIC: [8] Undefined index: SYSTEMROOT E:\xampp\htdocs\cms\Application\Runtime\Cache\Admin\65a1f94348fbcf8ea0b7b04e37c32a89.php 第 110 行.
NOTIC: [8] Undefined index: PHP_FCGI_MAX_REQUESTS E:\xampp\htdocs\cms\Application\Runtime\Cache\Admin\65a1f94348fbcf8ea0b7b04e37c32a89.php 第 115 行.
NOTIC: [8] Undefined index: _FCGI_SHUTDOWN_EVENT_ E:\xampp\htdocs\cms\Application\Runtime\Cache\Admin\65a1f94348fbcf8ea0b7b04e37c32a89.php 第 117 行.
NOTIC: [8] Undefined index: HTTP_ACCERT E:\xampp\htdocs\cms\Application\Runtime\Cache\Admin\65a1f94348fbcf8ea0b7b04e37c32a89.php 第 163 行.
NOTIC: [8] Undefined index: FCGI_ROLE E:\xampp\htdocs\cms\Application\Runtime\Cache\Admin\65a1f94348fbcf8ea0b7b04e37c32a89.php 第 175 行.
INFO: Run Behavior\ParseTemplateBehavior [ RunTime:0.044847s ]
INFO: [ view_parse ] --END-- [ RunTime:0.044889s ]
INFO: [ view_filter ] --START--
INFO: Run Behavior\WriteHtmlCacheBehavior [ RunTime:0.000306s ]
INFO: [ view_filter ] --END-- [ RunTime:0.000324s ]
INFO: [ app_end ] --START--
INFO: Run Behavior\ShowPageTraceBehavior [ RunTime:0.000480s ]
INFO: [ app_end ] --END-- [ RunTime:0.000506s ]

[ 2019-11-22T17:04:30+08:00 ] 127.0.0.1 /Admin/index/indexUserManage
INFO: [ app_init ] --START--
INFO: Run Behavior\BuildLiteBehavior [ RunTime:0.000006s ]
INFO: [ app_init ] --END-- [ RunTime:0.000220s ]
INFO: [ app_begin ] --START--
INFO: Run Behavior\ReadHtmlCacheBehavior [ RunTime:0.000382s ]
INFO: [ app_begin ] --END-- [ RunTime:0.000422s ]
SQL: SHOW COLUMNS FROM `customer_admin_user_record` [ RunTime:0.0033s ]
SQL: SELECT `session` FROM `customer_admin_user_record` WHERE `uid` = 1 LIMIT 1   [ RunTime:0.0003s ]
SQL: SELECT `session` FROM `customer_admin_user_record` WHERE `uid` = 1 LIMIT 1   [ RunTime:0.0004s ]
SQL: SHOW COLUMNS FROM `customer_index_user` [ RunTime:0.0245s ]
NOTIC: [8] Undefined variable: data E:\xampp\htdocs\cms\Application\Admin\Controller\IndexUserController.class.php 第 14 行.
SQL: SELECT `id`,`user`,`pet_name`,`portrait`,`email`,`regi_time`,`login_time`,`login_ip`,`status` FROM `customer_index_user` ORDER BY regi_time DESC LIMIT 0,10   [ RunTime:0.0004s ]
NOTIC: [8] Undefined variable: index_user_data E:\xampp\htdocs\cms\Application\Admin\Controller\IndexController.class.php 第 131 行.
SQL: SELECT COUNT(*) AS tp_count FROM `customer_index_user` LIMIT 1   [ RunTime:0.0247s ]
INFO: [ view_parse ] --START--
INFO: [ template_filter ] --START--
INFO: Run Behavior\ContentReplaceBehavior [ RunTime:0.000027s ]
INFO: [ template_filter ] --END-- [ RunTime:0.000054s ]
NOTIC: [2] date() expects parameter 2 to be integer, string given E:\xampp\htdocs\cms\Application\Runtime\Cache\Admin\13cceef73c23f778fdb1ec193db62743.php 第 57 行.
NOTIC: [2] date() expects parameter 2 to be integer, string given E:\xampp\htdocs\cms\Application\Runtime\Cache\Admin\13cceef73c23f778fdb1ec193db62743.php 第 58 行.
NOTIC: [8] Undefined index: login_id E:\xampp\htdocs\cms\Application\Runtime\Cache\Admin\13cceef73c23f778fdb1ec193db62743.php 第 59 行.
INFO: Run Behavior\ParseTemplateBehavior [ RunTime:0.017329s ]
INFO: [ view_parse ] --END-- [ RunTime:0.017356s ]
INFO: [ view_filter ] --START--
INFO: Run Behavior\WriteHtmlCacheBehavior [ RunTime:0.000218s ]
INFO: [ view_filter ] --END-- [ RunTime:0.000235s ]
INFO: [ app_end ] --START--
INFO: Run Behavior\ShowPageTraceBehavior [ RunTime:0.000422s ]
INFO: [ app_end ] --END-- [ RunTime:0.000448s ]

[ 2019-11-22T17:04:34+08:00 ] 127.0.0.1 /Admin/index/leaveWordManage
INFO: [ app_init ] --START--
INFO: Run Behavior\BuildLiteBehavior [ RunTime:0.000005s ]
INFO: [ app_init ] --END-- [ RunTime:0.000290s ]
INFO: [ app_begin ] --START--
INFO: Run Behavior\ReadHtmlCacheBehavior [ RunTime:0.000429s ]
INFO: [ app_begin ] --END-- [ RunTime:0.000452s ]
SQL: SHOW COLUMNS FROM `customer_admin_user_record` [ RunTime:0.0035s ]
SQL: SELECT `session` FROM `customer_admin_user_record` WHERE `uid` = 1 LIMIT 1   [ RunTime:0.0003s ]
SQL: SELECT `session` FROM `customer_admin_user_record` WHERE `uid` = 1 LIMIT 1   [ RunTime:0.0003s ]
SQL: SHOW COLUMNS FROM `customer_leave_word` [ RunTime:0.0430s ]
NOTIC: [8] Undefined variable: data E:\xampp\htdocs\cms\Application\Admin\Controller\LeaveWordController.class.php 第 17 行.
SQL: SELECT l.id,`title`,`content`,`datetime`,l.status FROM customer_leave_word as l INNER JOIN customer_index_user as iu on iu.id=l.u_id  ORDER BY datetime DESC LIMIT 0,10   [ RunTime:0.0131s ]
SQL: SHOW COLUMNS FROM `customer_leave_word` [ RunTime:0.0030s ]
NOTIC: [8] Undefined variable: leave_word_data E:\xampp\htdocs\cms\Application\Admin\Controller\IndexController.class.php 第 241 行.
SQL: SELECT COUNT(*) AS tp_count FROM `customer_leave_word` LIMIT 1   [ RunTime:0.0002s ]
INFO: [ view_parse ] --START--
INFO: [ template_filter ] --START--
INFO: Run Behavior\ContentReplaceBehavior [ RunTime:0.000029s ]
INFO: [ template_filter ] --END-- [ RunTime:0.000056s ]
INFO: Run Behavior\ParseTemplateBehavior [ RunTime:0.017834s ]
INFO: [ view_parse ] --END-- [ RunTime:0.017888s ]
INFO: [ view_filter ] --START--
INFO: Run Behavior\WriteHtmlCacheBehavior [ RunTime:0.000469s ]
INFO: [ view_filter ] --END-- [ RunTime:0.000503s ]
INFO: [ app_end ] --START--
INFO: Run Behavior\ShowPageTraceBehavior [ RunTime:0.000591s ]
INFO: [ app_end ] --END-- [ RunTime:0.000612s ]

[ 2019-11-22T17:04:36+08:00 ] 127.0.0.1 /Admin/index/mindManage
INFO: [ app_init ] --START--
INFO: Run Behavior\BuildLiteBehavior [ RunTime:0.000006s ]
INFO: [ app_init ] --END-- [ RunTime:0.000215s ]
INFO: [ app_begin ] --START--
INFO: Run Behavior\ReadHtmlCacheBehavior [ RunTime:0.000331s ]
INFO: [ app_begin ] --END-- [ RunTime:0.000353s ]
SQL: SHOW COLUMNS FROM `customer_admin_user_record` [ RunTime:0.0033s ]
SQL: SELECT `session` FROM `customer_admin_user_record` WHERE `uid` = 1 LIMIT 1   [ RunTime:0.0003s ]
SQL: SELECT `session` FROM `customer_admin_user_record` WHERE `uid` = 1 LIMIT 1   [ RunTime:0.0004s ]
SQL: SHOW COLUMNS FROM `customer_mind_user` [ RunTime:0.0309s ]
NOTIC: [8] Undefined variable: data E:\xampp\htdocs\cms\Application\Admin\Controller\ArticleController.class.php 第 52 行.
SQL: SELECT * FROM customer_mind_user as a ORDER BY create_time DESC LIMIT 0,10   [ RunTime:0.0004s ]
SQL: SHOW COLUMNS FROM `customer_mind_user` [ RunTime:0.0028s ]
NOTIC: [8] Undefined variable: article_data E:\xampp\htdocs\cms\Application\Admin\Controller\IndexController.class.php 第 56 行.
SQL: SELECT COUNT(*) AS tp_count FROM `customer_mind_user` LIMIT 1   [ RunTime:0.0002s ]
SQL: SELECT `session` FROM `customer_admin_user_record` WHERE `uid` = 1 LIMIT 1   [ RunTime:0.0003s ]
SQL: SHOW COLUMNS FROM `customer_index_menu` [ RunTime:0.0115s ]
SQL: SELECT * FROM `customer_index_menu` WHERE `pid` = 0  [ RunTime:0.0004s ]
SQL: SELECT * FROM `customer_index_menu` WHERE `pid` = 2  [ RunTime:0.0003s ]
SQL: SELECT * FROM `customer_index_menu` WHERE `pid` = 3  [ RunTime:0.0003s ]
SQL: SELECT * FROM `customer_index_menu` WHERE `pid` = 4  [ RunTime:0.0003s ]
SQL: SELECT * FROM `customer_index_menu` WHERE `pid` = 5  [ RunTime:0.0003s ]
SQL: SELECT * FROM `customer_index_menu` WHERE `pid` = 9  [ RunTime:0.0002s ]
SQL: SELECT * FROM `customer_index_menu` WHERE `pid` = 6  [ RunTime:0.0002s ]
SQL: SELECT * FROM `customer_index_menu` WHERE `pid` = 18  [ RunTime:0.0002s ]
INFO: [ view_parse ] --START--
INFO: [ template_filter ] --START--
INFO: Run Behavior\ContentReplaceBehavior [ RunTime:0.000128s ]
INFO: [ template_filter ] --END-- [ RunTime:0.000154s ]
INFO: Run Behavior\ParseTemplateBehavior [ RunTime:0.027908s ]
INFO: [ view_parse ] --END-- [ RunTime:0.027949s ]
INFO: [ view_filter ] --START--
INFO: Run Behavior\WriteHtmlCacheBehavior [ RunTime:0.000224s ]
INFO: [ view_filter ] --END-- [ RunTime:0.000243s ]
INFO: [ app_end ] --START--
INFO: Run Behavior\ShowPageTraceBehavior [ RunTime:0.000630s ]
INFO: [ app_end ] --END-- [ RunTime:0.000674s ]

[ 2019-11-22T17:04:37+08:00 ] 127.0.0.1 /Admin/index/addArticle.html
INFO: [ app_init ] --START--
INFO: Run Behavior\BuildLiteBehavior [ RunTime:0.000006s ]
INFO: [ app_init ] --END-- [ RunTime:0.000220s ]
INFO: [ app_begin ] --START--
INFO: Run Behavior\ReadHtmlCacheBehavior [ RunTime:0.000385s ]
INFO: [ app_begin ] --END-- [ RunTime:0.000435s ]
SQL: SHOW COLUMNS FROM `customer_admin_user_record` [ RunTime:0.0034s ]
SQL: SELECT `session` FROM `customer_admin_user_record` WHERE `uid` = 1 LIMIT 1   [ RunTime:0.0003s ]
SQL: SELECT `session` FROM `customer_admin_user_record` WHERE `uid` = 1 LIMIT 1   [ RunTime:0.0003s ]
SQL: SHOW COLUMNS FROM `customer_index_menu` [ RunTime:0.0027s ]
SQL: SELECT * FROM `customer_index_menu` WHERE `pid` = 0  [ RunTime:0.0003s ]
SQL: SELECT * FROM `customer_index_menu` WHERE `pid` = 2  [ RunTime:0.0003s ]
SQL: SELECT * FROM `customer_index_menu` WHERE `pid` = 3  [ RunTime:0.0003s ]
SQL: SELECT * FROM `customer_index_menu` WHERE `pid` = 4  [ RunTime:0.0003s ]
SQL: SELECT * FROM `customer_index_menu` WHERE `pid` = 5  [ RunTime:0.0003s ]
SQL: SELECT * FROM `customer_index_menu` WHERE `pid` = 9  [ RunTime:0.0003s ]
SQL: SELECT * FROM `customer_index_menu` WHERE `pid` = 6  [ RunTime:0.0003s ]
SQL: SELECT * FROM `customer_index_menu` WHERE `pid` = 18  [ RunTime:0.0003s ]
INFO: [ view_parse ] --START--
INFO: [ template_filter ] --START--
INFO: Run Behavior\ContentReplaceBehavior [ RunTime:0.000097s ]
INFO: [ template_filter ] --END-- [ RunTime:0.000125s ]
INFO: Run Behavior\ParseTemplateBehavior [ RunTime:0.017828s ]
INFO: [ view_parse ] --END-- [ RunTime:0.017851s ]
INFO: [ view_filter ] --START--
INFO: Run Behavior\WriteHtmlCacheBehavior [ RunTime:0.000209s ]
INFO: [ view_filter ] --END-- [ RunTime:0.000226s ]
INFO: [ app_end ] --START--
INFO: Run Behavior\ShowPageTraceBehavior [ RunTime:0.000596s ]
INFO: [ app_end ] --END-- [ RunTime:0.000648s ]

[ 2019-11-22T17:04:37+08:00 ] 127.0.0.1 /admin/index/plupload
INFO: [ app_init ] --START--
INFO: Run Behavior\BuildLiteBehavior [ RunTime:0.000007s ]
INFO: [ app_init ] --END-- [ RunTime:0.000382s ]
INFO: [ app_begin ] --START--
INFO: Run Behavior\ReadHtmlCacheBehavior [ RunTime:0.000502s ]
INFO: [ app_begin ] --END-- [ RunTime:0.000532s ]
SQL: SHOW COLUMNS FROM `customer_admin_user_record` [ RunTime:0.0029s ]
SQL: SELECT `session` FROM `customer_admin_user_record` WHERE `uid` = 1 LIMIT 1   [ RunTime:0.0003s ]
INFO: [ view_parse ] --START--
INFO: [ template_filter ] --START--
INFO: Run Behavior\ContentReplaceBehavior [ RunTime:0.000046s ]
INFO: [ template_filter ] --END-- [ RunTime:0.000088s ]
INFO: Run Behavior\ParseTemplateBehavior [ RunTime:0.024604s ]
INFO: [ view_parse ] --END-- [ RunTime:0.024640s ]
INFO: [ view_filter ] --START--
INFO: Run Behavior\WriteHtmlCacheBehavior [ RunTime:0.000268s ]
INFO: [ view_filter ] --END-- [ RunTime:0.000295s ]
INFO: [ app_end ] --START--
INFO: Run Behavior\ShowPageTraceBehavior [ RunTime:0.000386s ]
INFO: [ app_end ] --END-- [ RunTime:0.000406s ]

[ 2019-11-22T17:04:38+08:00 ] 127.0.0.1 /admin/index/plupload
INFO: [ app_init ] --START--
INFO: Run Behavior\BuildLiteBehavior [ RunTime:0.000008s ]
INFO: [ app_init ] --END-- [ RunTime:0.000276s ]
INFO: [ app_begin ] --START--
INFO: Run Behavior\ReadHtmlCacheBehavior [ RunTime:0.000389s ]
INFO: [ app_begin ] --END-- [ RunTime:0.000418s ]
SQL: SHOW COLUMNS FROM `customer_admin_user_record` [ RunTime:0.0045s ]
SQL: SELECT `session` FROM `customer_admin_user_record` WHERE `uid` = 1 LIMIT 1   [ RunTime:0.0004s ]
INFO: [ view_parse ] --START--
INFO: [ template_filter ] --START--
INFO: Run Behavior\ContentReplaceBehavior [ RunTime:0.000062s ]
INFO: [ template_filter ] --END-- [ RunTime:0.000101s ]
INFO: Run Behavior\ParseTemplateBehavior [ RunTime:0.004672s ]
INFO: [ view_parse ] --END-- [ RunTime:0.004697s ]
INFO: [ view_filter ] --START--
INFO: Run Behavior\WriteHtmlCacheBehavior [ RunTime:0.000219s ]
INFO: [ view_filter ] --END-- [ RunTime:0.000236s ]
INFO: [ app_end ] --START--
INFO: Run Behavior\ShowPageTraceBehavior [ RunTime:0.000396s ]
INFO: [ app_end ] --END-- [ RunTime:0.000415s ]

[ 2019-11-22T17:04:42+08:00 ] 127.0.0.1 /Admin/Index/majorManage
INFO: [ app_init ] --START--
INFO: Run Behavior\BuildLiteBehavior [ RunTime:0.000005s ]
INFO: [ app_init ] --END-- [ RunTime:0.000216s ]
INFO: [ app_begin ] --START--
INFO: Run Behavior\ReadHtmlCacheBehavior [ RunTime:0.000361s ]
INFO: [ app_begin ] --END-- [ RunTime:0.000384s ]
SQL: SHOW COLUMNS FROM `customer_admin_user_record` [ RunTime:0.0030s ]
SQL: SELECT `session` FROM `customer_admin_user_record` WHERE `uid` = 1 LIMIT 1   [ RunTime:0.0003s ]
SQL: SHOW COLUMNS FROM `customer_college_major` [ RunTime:0.0305s ]
NOTIC: [8] Undefined variable: data E:\xampp\htdocs\cms\Application\Admin\Controller\CollegeController.class.php 第 49 行.
SQL: SELECT m.id,m.name,s.name as school,l.name as level FROM customer_college_major as m INNER JOIN customer_college_school as s on s.id=m.sid INNER JOIN customer_college_level as l on l.id=m.lid  ORDER BY m.id DESC LIMIT 0,10   [ RunTime:0.0138s ]
SQL: SHOW COLUMNS FROM `customer_college_major` [ RunTime:0.0025s ]
NOTIC: [8] Undefined variable: major_data E:\xampp\htdocs\cms\Application\Admin\Controller\IndexController.class.php 第 493 行.
SQL: SELECT COUNT(*) AS tp_count FROM `customer_college_major` LIMIT 1   [ RunTime:0.0304s ]
SQL: SHOW COLUMNS FROM `customer_college_level` [ RunTime:0.0026s ]
SQL: SELECT `id`,`name` FROM `customer_college_level`  [ RunTime:0.0003s ]
SQL: SHOW COLUMNS FROM `customer_college_area` [ RunTime:0.0185s ]
SQL: SELECT `id`,`name` FROM `customer_college_area`  [ RunTime:0.0003s ]
INFO: [ view_parse ] --START--
INFO: [ template_filter ] --START--
INFO: Run Behavior\ContentReplaceBehavior [ RunTime:0.000037s ]
INFO: [ template_filter ] --END-- [ RunTime:0.000063s ]
NOTIC: [8] Undefined variable: current_url E:\xampp\htdocs\cms\Application\Runtime\Cache\Admin\19f8332a70009437009aefebf0ce036d.php 第 73 行.
INFO: Run Behavior\ParseTemplateBehavior [ RunTime:0.022289s ]
INFO: [ view_parse ] --END-- [ RunTime:0.022312s ]
INFO: [ view_filter ] --START--
INFO: Run Behavior\WriteHtmlCacheBehavior [ RunTime:0.000215s ]
INFO: [ view_filter ] --END-- [ RunTime:0.000232s ]
INFO: [ app_end ] --START--
INFO: Run Behavior\ShowPageTraceBehavior [ RunTime:0.000667s ]
INFO: [ app_end ] --END-- [ RunTime:0.000717s ]

[ 2019-11-22T17:04:44+08:00 ] 127.0.0.1 /Admin/index/collegeMajorAdd.html
INFO: [ app_init ] --START--
INFO: Run Behavior\BuildLiteBehavior [ RunTime:0.000006s ]
INFO: [ app_init ] --END-- [ RunTime:0.000219s ]
INFO: [ app_begin ] --START--
INFO: Run Behavior\ReadHtmlCacheBehavior [ RunTime:0.000330s ]
INFO: [ app_begin ] --END-- [ RunTime:0.000353s ]
SQL: SHOW COLUMNS FROM `customer_admin_user_record` [ RunTime:0.0034s ]
SQL: SELECT `session` FROM `customer_admin_user_record` WHERE `uid` = 1 LIMIT 1   [ RunTime:0.0003s ]
SQL: SHOW COLUMNS FROM `customer_college_level` [ RunTime:0.0026s ]
SQL: SELECT `id`,`name` FROM `customer_college_level`  [ RunTime:0.0003s ]
SQL: SHOW COLUMNS FROM `customer_college_area` [ RunTime:0.0031s ]
SQL: SELECT `id`,`name` FROM `customer_college_area`  [ RunTime:0.0003s ]
INFO: [ view_parse ] --START--
INFO: [ template_filter ] --START--
INFO: Run Behavior\ContentReplaceBehavior [ RunTime:0.000027s ]
INFO: [ template_filter ] --END-- [ RunTime:0.000055s ]
INFO: Run Behavior\ParseTemplateBehavior [ RunTime:0.004258s ]
INFO: [ view_parse ] --END-- [ RunTime:0.004282s ]
INFO: [ view_filter ] --START--
INFO: Run Behavior\WriteHtmlCacheBehavior [ RunTime:0.000271s ]
INFO: [ view_filter ] --END-- [ RunTime:0.000289s ]
INFO: [ app_end ] --START--
INFO: Run Behavior\ShowPageTraceBehavior [ RunTime:0.000347s ]
INFO: [ app_end ] --END-- [ RunTime:0.000366s ]

[ 2019-11-22T17:04:45+08:00 ] 127.0.0.1 /Admin/Index/gradeManage
INFO: [ app_init ] --START--
INFO: Run Behavior\BuildLiteBehavior [ RunTime:0.000006s ]
INFO: [ app_init ] --END-- [ RunTime:0.000231s ]
INFO: [ app_begin ] --START--
INFO: Run Behavior\ReadHtmlCacheBehavior [ RunTime:0.000371s ]
INFO: [ app_begin ] --END-- [ RunTime:0.000395s ]
SQL: SHOW COLUMNS FROM `customer_admin_user_record` [ RunTime:0.0037s ]
SQL: SELECT `session` FROM `customer_admin_user_record` WHERE `uid` = 1 LIMIT 1   [ RunTime:0.0003s ]
SQL: SHOW COLUMNS FROM `customer_college_grade` [ RunTime:0.0045s ]
NOTIC: [8] Undefined variable: data E:\xampp\htdocs\cms\Application\Admin\Controller\CollegeController.class.php 第 62 行.
SQL: SELECT g.id,g.code,g.year,g.planum,m.name as major FROM customer_college_grade as g INNER JOIN customer_college_major as m on m.id=g.mid  ORDER BY g.id DESC LIMIT 0,10   [ RunTime:0.0002s ]
NOTIC: [8] Undefined variable: code E:\xampp\htdocs\cms\Application\Admin\Controller\IndexController.class.php 第 524 行.
SQL: SHOW COLUMNS FROM `customer_college_grade` [ RunTime:0.0027s ]
NOTIC: [8] Undefined variable: grade_data E:\xampp\htdocs\cms\Application\Admin\Controller\IndexController.class.php 第 525 行.
SQL: SELECT COUNT(*) AS tp_count FROM `customer_college_grade` LIMIT 1   [ RunTime:0.0002s ]
SQL: SHOW COLUMNS FROM `customer_college_level` [ RunTime:0.0027s ]
SQL: SELECT `id`,`name` FROM `customer_college_level`  [ RunTime:0.0002s ]
SQL: SHOW COLUMNS FROM `customer_college_area` [ RunTime:0.0022s ]
SQL: SELECT `id`,`name` FROM `customer_college_area`  [ RunTime:0.0002s ]
INFO: [ view_parse ] --START--
INFO: [ template_filter ] --START--
INFO: Run Behavior\ContentReplaceBehavior [ RunTime:0.000038s ]
INFO: [ template_filter ] --END-- [ RunTime:0.000061s ]
NOTIC: [8] Undefined variable: current_url E:\xampp\htdocs\cms\Application\Runtime\Cache\Admin\ebbe425a00d38bfea5afe3eeeb99d4b5.php 第 80 行.
INFO: Run Behavior\ParseTemplateBehavior [ RunTime:0.004556s ]
INFO: [ view_parse ] --END-- [ RunTime:0.004578s ]
INFO: [ view_filter ] --START--
INFO: Run Behavior\WriteHtmlCacheBehavior [ RunTime:0.000225s ]
INFO: [ view_filter ] --END-- [ RunTime:0.000243s ]
INFO: [ app_end ] --START--
INFO: Run Behavior\ShowPageTraceBehavior [ RunTime:0.000368s ]
INFO: [ app_end ] --END-- [ RunTime:0.000389s ]

[ 2019-11-22T17:04:46+08:00 ] 127.0.0.1 /Admin/index/collegeGradeAdd.html
INFO: [ app_init ] --START--
INFO: Run Behavior\BuildLiteBehavior [ RunTime:0.000005s ]
INFO: [ app_init ] --END-- [ RunTime:0.000275s ]
INFO: [ app_begin ] --START--
INFO: Run Behavior\ReadHtmlCacheBehavior [ RunTime:0.000330s ]
INFO: [ app_begin ] --END-- [ RunTime:0.000355s ]
SQL: SHOW COLUMNS FROM `customer_admin_user_record` [ RunTime:0.0034s ]
SQL: SELECT `session` FROM `customer_admin_user_record` WHERE `uid` = 1 LIMIT 1   [ RunTime:0.0003s ]
SQL: SHOW COLUMNS FROM `customer_college_level` [ RunTime:0.0026s ]
SQL: SELECT `id`,`name` FROM `customer_college_level`  [ RunTime:0.0003s ]
SQL: SHOW COLUMNS FROM `customer_college_area` [ RunTime:0.0026s ]
SQL: SELECT `id`,`name` FROM `customer_college_area`  [ RunTime:0.0003s ]
INFO: [ view_parse ] --START--
INFO: [ template_filter ] --START--
INFO: Run Behavior\ContentReplaceBehavior [ RunTime:0.000031s ]
INFO: [ template_filter ] --END-- [ RunTime:0.000053s ]
INFO: Run Behavior\ParseTemplateBehavior [ RunTime:0.004363s ]
INFO: [ view_parse ] --END-- [ RunTime:0.004387s ]
INFO: [ view_filter ] --START--
INFO: Run Behavior\WriteHtmlCacheBehavior [ RunTime:0.000216s ]
INFO: [ view_filter ] --END-- [ RunTime:0.000234s ]
INFO: [ app_end ] --START--
INFO: Run Behavior\ShowPageTraceBehavior [ RunTime:0.000348s ]
INFO: [ app_end ] --END-- [ RunTime:0.000367s ]

[ 2019-11-22T17:04:49+08:00 ] 127.0.0.1 /Admin/College/ajaxGetMajor
INFO: [ app_init ] --START--
INFO: Run Behavior\BuildLiteBehavior [ RunTime:0.000006s ]
INFO: [ app_init ] --END-- [ RunTime:0.000261s ]
INFO: [ app_begin ] --START--
INFO: Run Behavior\ReadHtmlCacheBehavior [ RunTime:0.000332s ]
INFO: [ app_begin ] --END-- [ RunTime:0.000353s ]
SQL: SHOW COLUMNS FROM `customer_admin_user_record` [ RunTime:0.0025s ]
SQL: SELECT `session` FROM `customer_admin_user_record` WHERE `uid` = 1 LIMIT 1   [ RunTime:0.0002s ]
INFO: [ app_end ] --START--
INFO: Run Behavior\ShowPageTraceBehavior [ RunTime:0.000662s ]
INFO: [ app_end ] --END-- [ RunTime:0.000707s ]

[ 2019-11-22T17:04:50+08:00 ] 127.0.0.1 /Admin/index/collegeLevelAdd
INFO: [ app_init ] --START--
INFO: Run Behavior\BuildLiteBehavior [ RunTime:0.000006s ]
INFO: [ app_init ] --END-- [ RunTime:0.000217s ]
INFO: [ app_begin ] --START--
INFO: Run Behavior\ReadHtmlCacheBehavior [ RunTime:0.000331s ]
INFO: [ app_begin ] --END-- [ RunTime:0.000355s ]
INFO: [ view_parse ] --START--
INFO: [ template_filter ] --START--
INFO: Run Behavior\ContentReplaceBehavior [ RunTime:0.000023s ]
INFO: [ template_filter ] --END-- [ RunTime:0.000050s ]
INFO: Run Behavior\ParseTemplateBehavior [ RunTime:0.004272s ]
INFO: [ view_parse ] --END-- [ RunTime:0.004295s ]
INFO: [ view_filter ] --START--
INFO: Run Behavior\WriteHtmlCacheBehavior [ RunTime:0.000213s ]
INFO: [ view_filter ] --END-- [ RunTime:0.000231s ]
INFO: [ app_end ] --START--
INFO: Run Behavior\ShowPageTraceBehavior [ RunTime:0.000377s ]
INFO: [ app_end ] --END-- [ RunTime:0.000395s ]

[ 2019-11-22T17:04:53+08:00 ] 127.0.0.1 /Admin/index/trainStudentManage
INFO: [ app_init ] --START--
INFO: Run Behavior\BuildLiteBehavior [ RunTime:0.000005s ]
INFO: [ app_init ] --END-- [ RunTime:0.000218s ]
INFO: [ app_begin ] --START--
INFO: Run Behavior\ReadHtmlCacheBehavior [ RunTime:0.000331s ]
INFO: [ app_begin ] --END-- [ RunTime:0.000354s ]
SQL: SHOW COLUMNS FROM `customer_admin_user_record` [ RunTime:0.0028s ]
SQL: SELECT `session` FROM `customer_admin_user_record` WHERE `uid` = 1 LIMIT 1   [ RunTime:0.0002s ]
SQL: SHOW COLUMNS FROM `customer_train_student` [ RunTime:0.0286s ]
SQL: SELECT s.id,s.name,s.sex,s.birth,s.phone,s.source,s.site,s.ramark,s.money,s.status,b.name as begins FROM customer_train_student as s INNER JOIN customer_train_begins as b on b.id=s.b_id  ORDER BY s.id DESC LIMIT 0,10   [ RunTime:0.0160s ]
SQL: SHOW COLUMNS FROM `customer_train_student` [ RunTime:0.0030s ]
SQL: SELECT COUNT(*) AS tp_count FROM `customer_train_student` LIMIT 1   [ RunTime:0.0002s ]
INFO: [ view_parse ] --START--
INFO: [ template_filter ] --START--
INFO: Run Behavior\ContentReplaceBehavior [ RunTime:0.000031s ]
INFO: [ template_filter ] --END-- [ RunTime:0.000056s ]
NOTIC: [8] Undefined variable: current_url E:\xampp\htdocs\cms\Application\Runtime\Cache\Admin\bdd2c2267675214de06d66defdff3163.php 第 27 行.
INFO: Run Behavior\ParseTemplateBehavior [ RunTime:0.004979s ]
INFO: [ view_parse ] --END-- [ RunTime:0.005005s ]
INFO: [ view_filter ] --START--
INFO: Run Behavior\WriteHtmlCacheBehavior [ RunTime:0.000232s ]
INFO: [ view_filter ] --END-- [ RunTime:0.000250s ]
INFO: [ app_end ] --START--
INFO: Run Behavior\ShowPageTraceBehavior [ RunTime:0.000358s ]
INFO: [ app_end ] --END-- [ RunTime:0.000377s ]

[ 2019-11-22T17:04:54+08:00 ] 127.0.0.1 /Admin/index/trainStudentAdd.html
INFO: [ app_init ] --START--
INFO: Run Behavior\BuildLiteBehavior [ RunTime:0.000006s ]
INFO: [ app_init ] --END-- [ RunTime:0.000216s ]
INFO: [ app_begin ] --START--
INFO: Run Behavior\ReadHtmlCacheBehavior [ RunTime:0.000333s ]
INFO: [ app_begin ] --END-- [ RunTime:0.000357s ]
SQL: SHOW COLUMNS FROM `customer_admin_user_record` [ RunTime:0.0027s ]
SQL: SELECT `session` FROM `customer_admin_user_record` WHERE `uid` = 1 LIMIT 1   [ RunTime:0.0003s ]
SQL: SHOW COLUMNS FROM `customer_train_begins` [ RunTime:0.0025s ]
SQL: SELECT `id`,`name` FROM `customer_train_begins`  [ RunTime:0.0003s ]
INFO: [ view_parse ] --START--
INFO: [ template_filter ] --START--
INFO: Run Behavior\ContentReplaceBehavior [ RunTime:0.000091s ]
INFO: [ template_filter ] --END-- [ RunTime:0.000114s ]
INFO: Run Behavior\ParseTemplateBehavior [ RunTime:0.005936s ]
INFO: [ view_parse ] --END-- [ RunTime:0.005959s ]
INFO: [ view_filter ] --START--
INFO: Run Behavior\WriteHtmlCacheBehavior [ RunTime:0.000219s ]
INFO: [ view_filter ] --END-- [ RunTime:0.000237s ]
INFO: [ app_end ] --START--
INFO: Run Behavior\ShowPageTraceBehavior [ RunTime:0.000681s ]
INFO: [ app_end ] --END-- [ RunTime:0.000720s ]

[ 2019-11-22T17:04:54+08:00 ] 127.0.0.1 /admin/index/plupload
INFO: [ app_init ] --START--
INFO: Run Behavior\BuildLiteBehavior [ RunTime:0.000008s ]
INFO: [ app_init ] --END-- [ RunTime:0.000314s ]
INFO: [ app_begin ] --START--
INFO: Run Behavior\ReadHtmlCacheBehavior [ RunTime:0.000567s ]
INFO: [ app_begin ] --END-- [ RunTime:0.000613s ]
SQL: SHOW COLUMNS FROM `customer_admin_user_record` [ RunTime:0.0029s ]
SQL: SELECT `session` FROM `customer_admin_user_record` WHERE `uid` = 1 LIMIT 1   [ RunTime:0.0003s ]
INFO: [ view_parse ] --START--
INFO: [ template_filter ] --START--
INFO: Run Behavior\ContentReplaceBehavior [ RunTime:0.000032s ]
INFO: [ template_filter ] --END-- [ RunTime:0.000058s ]
INFO: Run Behavior\ParseTemplateBehavior [ RunTime:0.004162s ]
INFO: [ view_parse ] --END-- [ RunTime:0.004195s ]
INFO: [ view_filter ] --START--
INFO: Run Behavior\WriteHtmlCacheBehavior [ RunTime:0.000338s ]
INFO: [ view_filter ] --END-- [ RunTime:0.000359s ]
INFO: [ app_end ] --START--
INFO: Run Behavior\ShowPageTraceBehavior [ RunTime:0.000534s ]
INFO: [ app_end ] --END-- [ RunTime:0.000557s ]

[ 2019-11-22T17:04:54+08:00 ] 127.0.0.1 /admin/index/plupload
INFO: [ app_init ] --START--
INFO: Run Behavior\BuildLiteBehavior [ RunTime:0.000008s ]
INFO: [ app_init ] --END-- [ RunTime:0.000245s ]
INFO: [ app_begin ] --START--
INFO: Run Behavior\ReadHtmlCacheBehavior [ RunTime:0.000399s ]
INFO: [ app_begin ] --END-- [ RunTime:0.000430s ]
SQL: SHOW COLUMNS FROM `customer_admin_user_record` [ RunTime:0.0028s ]
SQL: SELECT `session` FROM `customer_admin_user_record` WHERE `uid` = 1 LIMIT 1   [ RunTime:0.0002s ]
INFO: [ view_parse ] --START--
INFO: [ template_filter ] --START--
INFO: Run Behavior\ContentReplaceBehavior [ RunTime:0.000033s ]
INFO: [ template_filter ] --END-- [ RunTime:0.000062s ]
INFO: Run Behavior\ParseTemplateBehavior [ RunTime:0.004037s ]
INFO: [ view_parse ] --END-- [ RunTime:0.004067s ]
INFO: [ view_filter ] --START--
INFO: Run Behavior\WriteHtmlCacheBehavior [ RunTime:0.000272s ]
INFO: [ view_filter ] --END-- [ RunTime:0.000292s ]
INFO: [ app_end ] --START--
INFO: Run Behavior\ShowPageTraceBehavior [ RunTime:0.000385s ]
INFO: [ app_end ] --END-- [ RunTime:0.000406s ]

[ 2019-11-22T17:05:07+08:00 ] 127.0.0.1 /Admin/index/trainStudentManage
INFO: [ app_init ] --START--
INFO: Run Behavior\BuildLiteBehavior [ RunTime:0.000007s ]
INFO: [ app_init ] --END-- [ RunTime:0.000222s ]
INFO: [ app_begin ] --START--
INFO: Run Behavior\ReadHtmlCacheBehavior [ RunTime:0.000332s ]
INFO: [ app_begin ] --END-- [ RunTime:0.000355s ]
SQL: SHOW COLUMNS FROM `customer_admin_user_record` [ RunTime:0.0035s ]
SQL: SELECT `session` FROM `customer_admin_user_record` WHERE `uid` = 1 LIMIT 1   [ RunTime:0.0003s ]
SQL: SHOW COLUMNS FROM `customer_train_student` [ RunTime:0.0026s ]
SQL: SELECT s.id,s.name,s.sex,s.birth,s.phone,s.source,s.site,s.ramark,s.money,s.status,b.name as begins FROM customer_train_student as s INNER JOIN customer_train_begins as b on b.id=s.b_id  ORDER BY s.id DESC LIMIT 0,10   [ RunTime:0.0006s ]
SQL: SHOW COLUMNS FROM `customer_train_student` [ RunTime:0.0025s ]
SQL: SELECT COUNT(*) AS tp_count FROM `customer_train_student` LIMIT 1   [ RunTime:0.0003s ]
INFO: [ view_parse ] --START--
INFO: [ template_filter ] --START--
INFO: Run Behavior\ContentReplaceBehavior [ RunTime:0.000030s ]
INFO: [ template_filter ] --END-- [ RunTime:0.000053s ]
NOTIC: [8] Undefined variable: current_url E:\xampp\htdocs\cms\Application\Runtime\Cache\Admin\bdd2c2267675214de06d66defdff3163.php 第 27 行.
INFO: Run Behavior\ParseTemplateBehavior [ RunTime:0.003994s ]
INFO: [ view_parse ] --END-- [ RunTime:0.004016s ]
INFO: [ view_filter ] --START--
INFO: Run Behavior\WriteHtmlCacheBehavior [ RunTime:0.000248s ]
INFO: [ view_filter ] --END-- [ RunTime:0.000266s ]
INFO: [ app_end ] --START--
INFO: Run Behavior\ShowPageTraceBehavior [ RunTime:0.000353s ]
INFO: [ app_end ] --END-- [ RunTime:0.000372s ]

[ 2019-11-22T17:05:15+08:00 ] 127.0.0.1 /Admin/AdminUser/outLogin
INFO: [ app_init ] --START--
INFO: Run Behavior\BuildLiteBehavior [ RunTime:0.000006s ]
INFO: [ app_init ] --END-- [ RunTime:0.000220s ]
INFO: [ app_begin ] --START--
INFO: Run Behavior\ReadHtmlCacheBehavior [ RunTime:0.000337s ]
INFO: [ app_begin ] --END-- [ RunTime:0.000359s ]
INFO: [ app_end ] --START--
INFO: Run Behavior\ShowPageTraceBehavior [ RunTime:0.000353s ]
INFO: [ app_end ] --END-- [ RunTime:0.000375s ]

[ 2019-11-22T17:05:15+08:00 ] 127.0.0.1 /Admin/index/login
INFO: [ app_init ] --START--
INFO: Run Behavior\BuildLiteBehavior [ RunTime:0.000007s ]
INFO: [ app_init ] --END-- [ RunTime:0.000297s ]
INFO: [ app_begin ] --START--
INFO: Run Behavior\ReadHtmlCacheBehavior [ RunTime:0.000435s ]
INFO: [ app_begin ] --END-- [ RunTime:0.000477s ]
INFO: [ view_parse ] --START--
INFO: [ template_filter ] --START--
INFO: Run Behavior\ContentReplaceBehavior [ RunTime:0.000026s ]
INFO: [ template_filter ] --END-- [ RunTime:0.000051s ]
INFO: Run Behavior\ParseTemplateBehavior [ RunTime:0.003418s ]
INFO: [ view_parse ] --END-- [ RunTime:0.003445s ]
INFO: [ view_filter ] --START--
INFO: Run Behavior\WriteHtmlCacheBehavior [ RunTime:0.000278s ]
INFO: [ view_filter ] --END-- [ RunTime:0.000297s ]
INFO: [ app_end ] --START--
INFO: Run Behavior\ShowPageTraceBehavior [ RunTime:0.000380s ]
INFO: [ app_end ] --END-- [ RunTime:0.000401s ]

[ 2019-11-22T17:05:15+08:00 ] 127.0.0.1 /Admin/index/getVerify.html
INFO: [ app_init ] --START--
INFO: Run Behavior\BuildLiteBehavior [ RunTime:0.000007s ]
INFO: [ app_init ] --END-- [ RunTime:0.000332s ]
INFO: [ app_begin ] --START--
INFO: Run Behavior\ReadHtmlCacheBehavior [ RunTime:0.000486s ]
INFO: [ app_begin ] --END-- [ RunTime:0.000531s ]
INFO: [ app_end ] --START--
INFO: Run Behavior\ShowPageTraceBehavior [ RunTime:0.000518s ]
INFO: [ app_end ] --END-- [ RunTime:0.000560s ]

[ 2019-11-22T17:05:34+08:00 ] 127.0.0.1 /Admin/index/getVerify/0.8276706222198169
INFO: [ app_init ] --START--
INFO: Run Behavior\BuildLiteBehavior [ RunTime:0.000006s ]
INFO: [ app_init ] --END-- [ RunTime:0.000263s ]
INFO: [ app_begin ] --START--
INFO: Run Behavior\ReadHtmlCacheBehavior [ RunTime:0.000459s ]
INFO: [ app_begin ] --END-- [ RunTime:0.000485s ]
INFO: [ app_end ] --START--
INFO: Run Behavior\ShowPageTraceBehavior [ RunTime:0.000558s ]
INFO: [ app_end ] --END-- [ RunTime:0.000592s ]

[ 2019-11-22T17:05:37+08:00 ] 127.0.0.1 /Admin/index/getVerify/0.544588289633174
INFO: [ app_init ] --START--
INFO: Run Behavior\BuildLiteBehavior [ RunTime:0.000008s ]
INFO: [ app_init ] --END-- [ RunTime:0.000310s ]
INFO: [ app_begin ] --START--
INFO: Run Behavior\ReadHtmlCacheBehavior [ RunTime:0.000427s ]
INFO: [ app_begin ] --END-- [ RunTime:0.000465s ]
INFO: [ app_end ] --START--
INFO: Run Behavior\ShowPageTraceBehavior [ RunTime:0.000450s ]
INFO: [ app_end ] --END-- [ RunTime:0.000492s ]

[ 2019-11-22T17:05:42+08:00 ] 127.0.0.1 /Admin/AdminUser/login
INFO: [ app_init ] --START--
INFO: Run Behavior\BuildLiteBehavior [ RunTime:0.000009s ]
INFO: [ app_init ] --END-- [ RunTime:0.000281s ]
INFO: [ app_begin ] --START--
INFO: Run Behavior\ReadHtmlCacheBehavior [ RunTime:0.000456s ]
INFO: [ app_begin ] --END-- [ RunTime:0.000494s ]
INFO: [ app_end ] --START--
INFO: Run Behavior\ShowPageTraceBehavior [ RunTime:0.000484s ]
INFO: [ app_end ] --END-- [ RunTime:0.000526s ]

[ 2019-11-22T17:06:17+08:00 ] 127.0.0.1 /Admin/index/getVerify/0.12412658674103816
INFO: [ app_init ] --START--
INFO: Run Behavior\BuildLiteBehavior [ RunTime:0.000010s ]
INFO: [ app_init ] --END-- [ RunTime:0.000290s ]
INFO: [ app_begin ] --START--
INFO: Run Behavior\ReadHtmlCacheBehavior [ RunTime:0.000459s ]
INFO: [ app_begin ] --END-- [ RunTime:0.000501s ]
INFO: [ app_end ] --START--
INFO: Run Behavior\ShowPageTraceBehavior [ RunTime:0.000646s ]
INFO: [ app_end ] --END-- [ RunTime:0.000767s ]

[ 2019-11-22T17:06:24+08:00 ] 127.0.0.1 /Admin/AdminUser/login
INFO: [ app_init ] --START--
INFO: Run Behavior\BuildLiteBehavior [ RunTime:0.000007s ]
INFO: [ app_init ] --END-- [ RunTime:0.000379s ]
INFO: [ app_begin ] --START--
INFO: Run Behavior\ReadHtmlCacheBehavior [ RunTime:0.000440s ]
INFO: [ app_begin ] --END-- [ RunTime:0.000466s ]
SQL: SHOW COLUMNS FROM `customer_admin_user` [ RunTime:0.0033s ]
SQL: SELECT `id`,`user`,`pwd`,`user_name`,`exa_juris` FROM `customer_admin_user` WHERE `user` = 'admin' AND `pwd` = 'd6d12a105b099549452b21b54251908f' LIMIT 1   [ RunTime:0.0004s ]
SQL: SHOW COLUMNS FROM `customer_admin_user_record` [ RunTime:0.0034s ]
SQL: UPDATE `customer_admin_user_record` SET `session`='leg58qr3ne3ta4r56eshbrr596' WHERE `uid` = 1 [ RunTime:0.0004s ]
INFO: [ app_end ] --START--
INFO: Run Behavior\ShowPageTraceBehavior [ RunTime:0.000701s ]
INFO: [ app_end ] --END-- [ RunTime:0.000743s ]

[ 2019-11-22T17:06:24+08:00 ] 127.0.0.1 /Admin/index/index
INFO: [ app_init ] --START--
INFO: Run Behavior\BuildLiteBehavior [ RunTime:0.000010s ]
INFO: [ app_init ] --END-- [ RunTime:0.000395s ]
INFO: [ app_begin ] --START--
INFO: Run Behavior\ReadHtmlCacheBehavior [ RunTime:0.000622s ]
INFO: [ app_begin ] --END-- [ RunTime:0.000664s ]
SQL: SHOW COLUMNS FROM `customer_admin_user_record` [ RunTime:0.0033s ]
SQL: SELECT `session` FROM `customer_admin_user_record` WHERE `uid` = 1 LIMIT 1   [ RunTime:0.0002s ]
SQL: SELECT `session` FROM `customer_admin_user_record` WHERE `uid` = 1 LIMIT 1   [ RunTime:0.0002s ]
SQL: SHOW COLUMNS FROM `customer_admin_menu` [ RunTime:0.0026s ]
SQL: SELECT * FROM `customer_admin_menu` WHERE ( pid=0 )  [ RunTime:0.0003s ]
SQL: SELECT * FROM `customer_admin_menu` WHERE ( pid=1 )  [ RunTime:0.0002s ]
SQL: SELECT * FROM `customer_admin_menu` WHERE ( pid=2 )  [ RunTime:0.0003s ]
SQL: SELECT * FROM `customer_admin_menu` WHERE ( pid=3 )  [ RunTime:0.0002s ]
SQL: SELECT * FROM `customer_admin_menu` WHERE ( pid=12 )  [ RunTime:0.0003s ]
SQL: SELECT * FROM `customer_admin_menu` WHERE ( pid=13 )  [ RunTime:0.0002s ]
SQL: SELECT * FROM `customer_admin_menu` WHERE ( pid=14 )  [ RunTime:0.0003s ]
SQL: SELECT * FROM `customer_admin_menu` WHERE ( pid=20 )  [ RunTime:0.0003s ]
SQL: SELECT * FROM `customer_admin_menu` WHERE ( pid=19 )  [ RunTime:0.0003s ]
SQL: SELECT * FROM `customer_admin_menu` WHERE ( pid=22 )  [ RunTime:0.0003s ]
SQL: SELECT * FROM `customer_admin_menu` WHERE ( pid=33 )  [ RunTime:0.0003s ]
SQL: SELECT * FROM `customer_admin_menu` WHERE ( pid=36 )  [ RunTime:0.0003s ]
SQL: SELECT * FROM `customer_admin_menu` WHERE ( pid=28 )  [ RunTime:0.0003s ]
SQL: SELECT * FROM `customer_admin_menu` WHERE ( pid=29 )  [ RunTime:0.0004s ]
SQL: SELECT * FROM `customer_admin_menu` WHERE ( pid=32 )  [ RunTime:0.0003s ]
SQL: SELECT * FROM `customer_admin_menu` WHERE ( pid=34 )  [ RunTime:0.0003s ]
SQL: SELECT * FROM `customer_admin_menu` WHERE ( pid=35 )  [ RunTime:0.0002s ]
SQL: SELECT * FROM `customer_admin_menu` WHERE ( pid=40 )  [ RunTime:0.0002s ]
SQL: SELECT * FROM `customer_admin_menu` WHERE ( pid=41 )  [ RunTime:0.0002s ]
SQL: SELECT * FROM `customer_admin_menu` WHERE ( pid=42 )  [ RunTime:0.0002s ]
INFO: [ view_parse ] --START--
INFO: [ template_filter ] --START--
INFO: Run Behavior\ContentReplaceBehavior [ RunTime:0.000047s ]
INFO: [ template_filter ] --END-- [ RunTime:0.000072s ]
INFO: Run Behavior\ParseTemplateBehavior [ RunTime:0.010278s ]
INFO: [ view_parse ] --END-- [ RunTime:0.010317s ]
INFO: [ view_filter ] --START--
INFO: Run Behavior\WriteHtmlCacheBehavior [ RunTime:0.000357s ]
INFO: [ view_filter ] --END-- [ RunTime:0.000389s ]
INFO: [ app_end ] --START--
INFO: Run Behavior\ShowPageTraceBehavior [ RunTime:0.000729s ]
INFO: [ app_end ] --END-- [ RunTime:0.000807s ]

[ 2019-11-22T17:06:24+08:00 ] 127.0.0.1 /Admin/index/main
INFO: [ app_init ] --START--
INFO: Run Behavior\BuildLiteBehavior [ RunTime:0.000016s ]
INFO: [ app_init ] --END-- [ RunTime:0.000289s ]
INFO: [ app_begin ] --START--
INFO: Run Behavior\ReadHtmlCacheBehavior [ RunTime:0.000429s ]
INFO: [ app_begin ] --END-- [ RunTime:0.000463s ]
SQL: SHOW COLUMNS FROM `customer_admin_user_record` [ RunTime:0.0027s ]
SQL: SELECT `session` FROM `customer_admin_user_record` WHERE `uid` = 1 LIMIT 1   [ RunTime:0.0003s ]
INFO: [ view_parse ] --START--
INFO: [ template_filter ] --START--
INFO: Run Behavior\ContentReplaceBehavior [ RunTime:0.000060s ]
INFO: [ template_filter ] --END-- [ RunTime:0.000094s ]
NOTIC: [8] Undefined index: SYSTEMROOT E:\xampp\htdocs\cms\Application\Runtime\Cache\Admin\65a1f94348fbcf8ea0b7b04e37c32a89.php 第 110 行.
NOTIC: [8] Undefined index: PHP_FCGI_MAX_REQUESTS E:\xampp\htdocs\cms\Application\Runtime\Cache\Admin\65a1f94348fbcf8ea0b7b04e37c32a89.php 第 115 行.
NOTIC: [8] Undefined index: _FCGI_SHUTDOWN_EVENT_ E:\xampp\htdocs\cms\Application\Runtime\Cache\Admin\65a1f94348fbcf8ea0b7b04e37c32a89.php 第 117 行.
NOTIC: [8] Undefined index: HTTP_ACCERT E:\xampp\htdocs\cms\Application\Runtime\Cache\Admin\65a1f94348fbcf8ea0b7b04e37c32a89.php 第 163 行.
NOTIC: [8] Undefined index: FCGI_ROLE E:\xampp\htdocs\cms\Application\Runtime\Cache\Admin\65a1f94348fbcf8ea0b7b04e37c32a89.php 第 175 行.
INFO: Run Behavior\ParseTemplateBehavior [ RunTime:0.005705s ]
INFO: [ view_parse ] --END-- [ RunTime:0.005746s ]
INFO: [ view_filter ] --START--
INFO: Run Behavior\WriteHtmlCacheBehavior [ RunTime:0.000295s ]
INFO: [ view_filter ] --END-- [ RunTime:0.000320s ]
INFO: [ app_end ] --START--
INFO: Run Behavior\ShowPageTraceBehavior [ RunTime:0.000526s ]
INFO: [ app_end ] --END-- [ RunTime:0.000578s ]

[ 2019-11-22T17:06:29+08:00 ] 127.0.0.1 /Admin/index/trainStudentManage
INFO: [ app_init ] --START--
INFO: Run Behavior\BuildLiteBehavior [ RunTime:0.000006s ]
INFO: [ app_init ] --END-- [ RunTime:0.000315s ]
INFO: [ app_begin ] --START--
INFO: Run Behavior\ReadHtmlCacheBehavior [ RunTime:0.000489s ]
INFO: [ app_begin ] --END-- [ RunTime:0.000514s ]
SQL: SHOW COLUMNS FROM `customer_admin_user_record` [ RunTime:0.0041s ]
SQL: SELECT `session` FROM `customer_admin_user_record` WHERE `uid` = 1 LIMIT 1   [ RunTime:0.0004s ]
SQL: SHOW COLUMNS FROM `customer_train_student` [ RunTime:0.0040s ]
SQL: SELECT s.id,s.name,s.sex,s.birth,s.phone,s.source,s.site,s.ramark,s.money,s.status,b.name as begins FROM customer_train_student as s INNER JOIN customer_train_begins as b on b.id=s.b_id  ORDER BY s.id DESC LIMIT 0,10   [ RunTime:0.0008s ]
SQL: SHOW COLUMNS FROM `customer_train_student` [ RunTime:0.0043s ]
SQL: SELECT COUNT(*) AS tp_count FROM `customer_train_student` LIMIT 1   [ RunTime:0.0002s ]
INFO: [ view_parse ] --START--
INFO: [ template_filter ] --START--
INFO: Run Behavior\ContentReplaceBehavior [ RunTime:0.000029s ]
INFO: [ template_filter ] --END-- [ RunTime:0.000050s ]
NOTIC: [8] Undefined variable: current_url E:\xampp\htdocs\cms\Application\Runtime\Cache\Admin\bdd2c2267675214de06d66defdff3163.php 第 27 行.
INFO: Run Behavior\ParseTemplateBehavior [ RunTime:0.004389s ]
INFO: [ view_parse ] --END-- [ RunTime:0.004412s ]
INFO: [ view_filter ] --START--
INFO: Run Behavior\WriteHtmlCacheBehavior [ RunTime:0.000293s ]
INFO: [ view_filter ] --END-- [ RunTime:0.000312s ]
INFO: [ app_end ] --START--
INFO: Run Behavior\ShowPageTraceBehavior [ RunTime:0.000414s ]
INFO: [ app_end ] --END-- [ RunTime:0.000433s ]

[ 2019-11-22T17:06:34+08:00 ] 127.0.0.1 /Admin/index/trainStudentAdd.html
INFO: [ app_init ] --START--
INFO: Run Behavior\BuildLiteBehavior [ RunTime:0.000007s ]
INFO: [ app_init ] --END-- [ RunTime:0.000223s ]
INFO: [ app_begin ] --START--
INFO: Run Behavior\ReadHtmlCacheBehavior [ RunTime:0.000340s ]
INFO: [ app_begin ] --END-- [ RunTime:0.000365s ]
SQL: SHOW COLUMNS FROM `customer_admin_user_record` [ RunTime:0.0031s ]
SQL: SELECT `session` FROM `customer_admin_user_record` WHERE `uid` = 1 LIMIT 1   [ RunTime:0.0002s ]
SQL: SHOW COLUMNS FROM `customer_train_begins` [ RunTime:0.0024s ]
SQL: SELECT `id`,`name` FROM `customer_train_begins`  [ RunTime:0.0002s ]
INFO: [ view_parse ] --START--
INFO: [ template_filter ] --START--
INFO: Run Behavior\ContentReplaceBehavior [ RunTime:0.000107s ]
INFO: [ template_filter ] --END-- [ RunTime:0.000136s ]
INFO: Run Behavior\ParseTemplateBehavior [ RunTime:0.006218s ]
INFO: [ view_parse ] --END-- [ RunTime:0.006245s ]
INFO: [ view_filter ] --START--
INFO: Run Behavior\WriteHtmlCacheBehavior [ RunTime:0.000340s ]
INFO: [ view_filter ] --END-- [ RunTime:0.000361s ]
INFO: [ app_end ] --START--
INFO: Run Behavior\ShowPageTraceBehavior [ RunTime:0.000564s ]
INFO: [ app_end ] --END-- [ RunTime:0.000613s ]

[ 2019-11-22T17:06:34+08:00 ] 127.0.0.1 /admin/index/plupload
INFO: [ app_init ] --START--
INFO: Run Behavior\BuildLiteBehavior [ RunTime:0.000008s ]
INFO: [ app_init ] --END-- [ RunTime:0.000308s ]
INFO: [ app_begin ] --START--
INFO: Run Behavior\ReadHtmlCacheBehavior [ RunTime:0.000444s ]
INFO: [ app_begin ] --END-- [ RunTime:0.000485s ]
SQL: SHOW COLUMNS FROM `customer_admin_user_record` [ RunTime:0.0031s ]
SQL: SELECT `session` FROM `customer_admin_user_record` WHERE `uid` = 1 LIMIT 1   [ RunTime:0.0005s ]
INFO: [ view_parse ] --START--
INFO: [ template_filter ] --START--
INFO: Run Behavior\ContentReplaceBehavior [ RunTime:0.000035s ]
INFO: [ template_filter ] --END-- [ RunTime:0.000067s ]
INFO: Run Behavior\ParseTemplateBehavior [ RunTime:0.004628s ]
INFO: [ view_parse ] --END-- [ RunTime:0.004673s ]
INFO: [ view_filter ] --START--
INFO: Run Behavior\WriteHtmlCacheBehavior [ RunTime:0.000274s ]
INFO: [ view_filter ] --END-- [ RunTime:0.000296s ]
INFO: [ app_end ] --START--
INFO: Run Behavior\ShowPageTraceBehavior [ RunTime:0.000405s ]
INFO: [ app_end ] --END-- [ RunTime:0.000429s ]

[ 2019-11-22T17:06:34+08:00 ] 127.0.0.1 /admin/index/plupload
INFO: [ app_init ] --START--
INFO: Run Behavior\BuildLiteBehavior [ RunTime:0.000013s ]
INFO: [ app_init ] --END-- [ RunTime:0.000311s ]
INFO: [ app_begin ] --START--
INFO: Run Behavior\ReadHtmlCacheBehavior [ RunTime:0.000500s ]
INFO: [ app_begin ] --END-- [ RunTime:0.000540s ]
SQL: SHOW COLUMNS FROM `customer_admin_user_record` [ RunTime:0.0032s ]
SQL: SELECT `session` FROM `customer_admin_user_record` WHERE `uid` = 1 LIMIT 1   [ RunTime:0.0008s ]
INFO: [ view_parse ] --START--
INFO: [ template_filter ] --START--
INFO: Run Behavior\ContentReplaceBehavior [ RunTime:0.000032s ]
INFO: [ template_filter ] --END-- [ RunTime:0.000067s ]
INFO: Run Behavior\ParseTemplateBehavior [ RunTime:0.004888s ]
INFO: [ view_parse ] --END-- [ RunTime:0.004933s ]
INFO: [ view_filter ] --START--
INFO: Run Behavior\WriteHtmlCacheBehavior [ RunTime:0.000289s ]
INFO: [ view_filter ] --END-- [ RunTime:0.000314s ]
INFO: [ app_end ] --START--
INFO: Run Behavior\ShowPageTraceBehavior [ RunTime:0.000439s ]
INFO: [ app_end ] --END-- [ RunTime:0.000469s ]

[ 2019-11-22T17:06:36+08:00 ] 127.0.0.1 /Admin/index/trainStudentManage.html
INFO: [ app_init ] --START--
INFO: Run Behavior\BuildLiteBehavior [ RunTime:0.000006s ]
INFO: [ app_init ] --END-- [ RunTime:0.000225s ]
INFO: [ app_begin ] --START--
INFO: Run Behavior\ReadHtmlCacheBehavior [ RunTime:0.000400s ]
INFO: [ app_begin ] --END-- [ RunTime:0.000429s ]
SQL: SHOW COLUMNS FROM `customer_admin_user_record` [ RunTime:0.0033s ]
SQL: SELECT `session` FROM `customer_admin_user_record` WHERE `uid` = 1 LIMIT 1   [ RunTime:0.0003s ]
SQL: SHOW COLUMNS FROM `customer_train_student` [ RunTime:0.0029s ]
SQL: SELECT s.id,s.name,s.sex,s.birth,s.phone,s.source,s.site,s.ramark,s.money,s.status,b.name as begins FROM customer_train_student as s INNER JOIN customer_train_begins as b on b.id=s.b_id  ORDER BY s.id DESC LIMIT 0,10   [ RunTime:0.0005s ]
SQL: SHOW COLUMNS FROM `customer_train_student` [ RunTime:0.0031s ]
SQL: SELECT COUNT(*) AS tp_count FROM `customer_train_student` LIMIT 1   [ RunTime:0.0003s ]
INFO: [ view_parse ] --START--
INFO: [ template_filter ] --START--
INFO: Run Behavior\ContentReplaceBehavior [ RunTime:0.000032s ]
INFO: [ template_filter ] --END-- [ RunTime:0.000057s ]
NOTIC: [8] Undefined variable: current_url E:\xampp\htdocs\cms\Application\Runtime\Cache\Admin\bdd2c2267675214de06d66defdff3163.php 第 27 行.
INFO: Run Behavior\ParseTemplateBehavior [ RunTime:0.004248s ]
INFO: [ view_parse ] --END-- [ RunTime:0.004271s ]
INFO: [ view_filter ] --START--
INFO: Run Behavior\WriteHtmlCacheBehavior [ RunTime:0.000223s ]
INFO: [ view_filter ] --END-- [ RunTime:0.000242s ]
INFO: [ app_end ] --START--
INFO: Run Behavior\ShowPageTraceBehavior [ RunTime:0.000363s ]
INFO: [ app_end ] --END-- [ RunTime:0.000382s ]

[ 2019-11-22T17:10:20+08:00 ] 127.0.0.1 /Admin/Index/dealManage
INFO: [ app_init ] --START--
INFO: Run Behavior\BuildLiteBehavior [ RunTime:0.000007s ]
INFO: [ app_init ] --END-- [ RunTime:0.000329s ]
INFO: [ app_begin ] --START--
INFO: Run Behavior\ReadHtmlCacheBehavior [ RunTime:0.000451s ]
INFO: [ app_begin ] --END-- [ RunTime:0.000495s ]
SQL: SHOW COLUMNS FROM `customer_admin_user_record` [ RunTime:0.0028s ]
SQL: SELECT `session` FROM `customer_admin_user_record` WHERE `uid` = 1 LIMIT 1   [ RunTime:0.0003s ]
SQL: SHOW COLUMNS FROM `customer_deal_user` [ RunTime:0.0325s ]
NOTIC: [8] Undefined variable: data E:\xampp\htdocs\cms\Application\Admin\Controller\CollegeController.class.php 第 27 行.
SQL: SELECT * FROM customer_deal_user as s ORDER BY s.id DESC LIMIT 0,10   [ RunTime:0.0006s ]
SQL: SHOW COLUMNS FROM `customer_deal_user` [ RunTime:0.0027s ]
NOTIC: [8] Undefined variable: school_data E:\xampp\htdocs\cms\Application\Admin\Controller\IndexController.class.php 第 464 行.
SQL: SELECT COUNT(*) AS tp_count FROM `customer_deal_user` LIMIT 1   [ RunTime:0.0003s ]
SQL: SHOW COLUMNS FROM `customer_college_area` [ RunTime:0.0026s ]
SQL: SELECT `id`,`name` FROM `customer_college_area`  [ RunTime:0.0003s ]
INFO: [ view_parse ] --START--
INFO: [ template_filter ] --START--
INFO: Run Behavior\ContentReplaceBehavior [ RunTime:0.000069s ]
INFO: [ template_filter ] --END-- [ RunTime:0.000133s ]
NOTIC: [8] Undefined variable: current_url E:\xampp\htdocs\cms\Application\Runtime\Cache\Admin\4e97cd0a27de6bf3b88df62786a5a09c.php 第 64 行.
INFO: Run Behavior\ParseTemplateBehavior [ RunTime:0.026175s ]
INFO: [ view_parse ] --END-- [ RunTime:0.026198s ]
INFO: [ view_filter ] --START--
INFO: Run Behavior\WriteHtmlCacheBehavior [ RunTime:0.000297s ]
INFO: [ view_filter ] --END-- [ RunTime:0.000316s ]
INFO: [ app_end ] --START--
INFO: Run Behavior\ShowPageTraceBehavior [ RunTime:0.000502s ]
INFO: [ app_end ] --END-- [ RunTime:0.000521s ]

[ 2019-11-22T17:10:21+08:00 ] 127.0.0.1 /Admin/index/collegeSchoolAdd.html
INFO: [ app_init ] --START--
INFO: Run Behavior\BuildLiteBehavior [ RunTime:0.000007s ]
INFO: [ app_init ] --END-- [ RunTime:0.000238s ]
INFO: [ app_begin ] --START--
INFO: Run Behavior\ReadHtmlCacheBehavior [ RunTime:0.000378s ]
INFO: [ app_begin ] --END-- [ RunTime:0.000407s ]
SQL: SHOW COLUMNS FROM `customer_admin_user_record` [ RunTime:0.0032s ]
SQL: SELECT `session` FROM `customer_admin_user_record` WHERE `uid` = 1 LIMIT 1   [ RunTime:0.0003s ]
SQL: SHOW COLUMNS FROM `customer_college_area` [ RunTime:0.0022s ]
SQL: SELECT `id`,`name` FROM `customer_college_area`  [ RunTime:0.0003s ]
INFO: [ view_parse ] --START--
INFO: [ template_filter ] --START--
INFO: Run Behavior\ContentReplaceBehavior [ RunTime:0.000078s ]
INFO: [ template_filter ] --END-- [ RunTime:0.000102s ]
INFO: Run Behavior\ParseTemplateBehavior [ RunTime:0.005137s ]
INFO: [ view_parse ] --END-- [ RunTime:0.005165s ]
INFO: [ view_filter ] --START--
INFO: Run Behavior\WriteHtmlCacheBehavior [ RunTime:0.000247s ]
INFO: [ view_filter ] --END-- [ RunTime:0.000266s ]
INFO: [ app_end ] --START--
INFO: Run Behavior\ShowPageTraceBehavior [ RunTime:0.000536s ]
INFO: [ app_end ] --END-- [ RunTime:0.000590s ]

[ 2019-11-22T17:10:23+08:00 ] 127.0.0.1 /Admin/index/collegeSchoolAdd.html
INFO: [ app_init ] --START--
INFO: Run Behavior\BuildLiteBehavior [ RunTime:0.000011s ]
INFO: [ app_init ] --END-- [ RunTime:0.000309s ]
INFO: [ app_begin ] --START--
INFO: Run Behavior\ReadHtmlCacheBehavior [ RunTime:0.000431s ]
INFO: [ app_begin ] --END-- [ RunTime:0.000462s ]
SQL: SHOW COLUMNS FROM `customer_admin_user_record` [ RunTime:0.0034s ]
SQL: SELECT `session` FROM `customer_admin_user_record` WHERE `uid` = 1 LIMIT 1   [ RunTime:0.0004s ]
SQL: SHOW COLUMNS FROM `customer_college_area` [ RunTime:0.0032s ]
SQL: SELECT `id`,`name` FROM `customer_college_area`  [ RunTime:0.0003s ]
INFO: [ view_parse ] --START--
INFO: [ template_filter ] --START--
INFO: Run Behavior\ContentReplaceBehavior [ RunTime:0.000078s ]
INFO: [ template_filter ] --END-- [ RunTime:0.000104s ]
INFO: Run Behavior\ParseTemplateBehavior [ RunTime:0.005697s ]
INFO: [ view_parse ] --END-- [ RunTime:0.005721s ]
INFO: [ view_filter ] --START--
INFO: Run Behavior\WriteHtmlCacheBehavior [ RunTime:0.000260s ]
INFO: [ view_filter ] --END-- [ RunTime:0.000278s ]
INFO: [ app_end ] --START--
INFO: Run Behavior\ShowPageTraceBehavior [ RunTime:0.000519s ]
INFO: [ app_end ] --END-- [ RunTime:0.000544s ]

[ 2019-11-22T18:06:33+08:00 ] 127.0.0.1 /Admin/Index/dealManage
INFO: [ app_init ] --START--
INFO: Run Behavior\BuildLiteBehavior [ RunTime:0.000008s ]
INFO: [ app_init ] --END-- [ RunTime:0.000283s ]
INFO: [ app_begin ] --START--
INFO: Run Behavior\ReadHtmlCacheBehavior [ RunTime:0.000635s ]
INFO: [ app_begin ] --END-- [ RunTime:0.000664s ]
SQL: SHOW COLUMNS FROM `customer_admin_user_record` [ RunTime:0.0037s ]
SQL: SELECT `session` FROM `customer_admin_user_record` WHERE `uid` = 1 LIMIT 1   [ RunTime:0.0004s ]
SQL: SHOW COLUMNS FROM `customer_deal_user` [ RunTime:0.0030s ]
NOTIC: [8] Undefined variable: data E:\xampp\htdocs\cms\Application\Admin\Controller\CollegeController.class.php 第 27 行.
SQL: SELECT * FROM customer_deal_user as s ORDER BY s.id DESC LIMIT 0,10   [ RunTime:0.0027s ]
SQL: SHOW COLUMNS FROM `customer_deal_user` [ RunTime:0.0029s ]
NOTIC: [8] Undefined variable: school_data E:\xampp\htdocs\cms\Application\Admin\Controller\IndexController.class.php 第 464 行.
SQL: SELECT COUNT(*) AS tp_count FROM `customer_deal_user` LIMIT 1   [ RunTime:0.0003s ]
SQL: SHOW COLUMNS FROM `customer_college_area` [ RunTime:0.0028s ]
SQL: SELECT `id`,`name` FROM `customer_college_area`  [ RunTime:0.0004s ]
INFO: [ view_parse ] --START--
INFO: [ template_filter ] --START--
INFO: Run Behavior\ContentReplaceBehavior [ RunTime:0.000065s ]
INFO: [ template_filter ] --END-- [ RunTime:0.000114s ]
NOTIC: [8] Undefined variable: current_url E:\xampp\htdocs\cms\Application\Runtime\Cache\Admin\4e97cd0a27de6bf3b88df62786a5a09c.php 第 64 行.
INFO: Run Behavior\ParseTemplateBehavior [ RunTime:0.009436s ]
INFO: [ view_parse ] --END-- [ RunTime:0.009477s ]
INFO: [ view_filter ] --START--
INFO: Run Behavior\WriteHtmlCacheBehavior [ RunTime:0.000438s ]
INFO: [ view_filter ] --END-- [ RunTime:0.000469s ]
INFO: [ app_end ] --START--
INFO: Run Behavior\ShowPageTraceBehavior [ RunTime:0.000718s ]
INFO: [ app_end ] --END-- [ RunTime:0.000758s ]

[ 2019-11-22T18:06:34+08:00 ] 127.0.0.1 /Admin/Index/dealManage
INFO: [ app_init ] --START--
INFO: Run Behavior\BuildLiteBehavior [ RunTime:0.000007s ]
INFO: [ app_init ] --END-- [ RunTime:0.000228s ]
INFO: [ app_begin ] --START--
INFO: Run Behavior\ReadHtmlCacheBehavior [ RunTime:0.000440s ]
INFO: [ app_begin ] --END-- [ RunTime:0.000498s ]
SQL: SHOW COLUMNS FROM `customer_admin_user_record` [ RunTime:0.0032s ]
SQL: SELECT `session` FROM `customer_admin_user_record` WHERE `uid` = 1 LIMIT 1   [ RunTime:0.0003s ]
SQL: SHOW COLUMNS FROM `customer_deal_user` [ RunTime:0.0023s ]
NOTIC: [8] Undefined variable: data E:\xampp\htdocs\cms\Application\Admin\Controller\CollegeController.class.php 第 27 行.
SQL: SELECT * FROM customer_deal_user as s ORDER BY s.id DESC LIMIT 0,10   [ RunTime:0.0003s ]
SQL: SHOW COLUMNS FROM `customer_deal_user` [ RunTime:0.0028s ]
NOTIC: [8] Undefined variable: school_data E:\xampp\htdocs\cms\Application\Admin\Controller\IndexController.class.php 第 464 行.
SQL: SELECT COUNT(*) AS tp_count FROM `customer_deal_user` LIMIT 1   [ RunTime:0.0002s ]
SQL: SHOW COLUMNS FROM `customer_college_area` [ RunTime:0.0027s ]
SQL: SELECT `id`,`name` FROM `customer_college_area`  [ RunTime:0.0003s ]
INFO: [ view_parse ] --START--
INFO: [ template_filter ] --START--
INFO: Run Behavior\ContentReplaceBehavior [ RunTime:0.000037s ]
INFO: [ template_filter ] --END-- [ RunTime:0.000059s ]
NOTIC: [8] Undefined variable: current_url E:\xampp\htdocs\cms\Application\Runtime\Cache\Admin\4e97cd0a27de6bf3b88df62786a5a09c.php 第 64 行.
INFO: Run Behavior\ParseTemplateBehavior [ RunTime:0.004142s ]
INFO: [ view_parse ] --END-- [ RunTime:0.004164s ]
INFO: [ view_filter ] --START--
INFO: Run Behavior\WriteHtmlCacheBehavior [ RunTime:0.000223s ]
INFO: [ view_filter ] --END-- [ RunTime:0.000241s ]
INFO: [ app_end ] --START--
INFO: Run Behavior\ShowPageTraceBehavior [ RunTime:0.000399s ]
INFO: [ app_end ] --END-- [ RunTime:0.000418s ]

[ 2019-11-22T18:06:35+08:00 ] 127.0.0.1 /Admin/index/collegeSchoolAdd.html
INFO: [ app_init ] --START--
INFO: Run Behavior\BuildLiteBehavior [ RunTime:0.000005s ]
INFO: [ app_init ] --END-- [ RunTime:0.000223s ]
INFO: [ app_begin ] --START--
INFO: Run Behavior\ReadHtmlCacheBehavior [ RunTime:0.000413s ]
INFO: [ app_begin ] --END-- [ RunTime:0.000445s ]
SQL: SHOW COLUMNS FROM `customer_admin_user_record` [ RunTime:0.0032s ]
SQL: SELECT `session` FROM `customer_admin_user_record` WHERE `uid` = 1 LIMIT 1   [ RunTime:0.0003s ]
SQL: SHOW COLUMNS FROM `customer_college_area` [ RunTime:0.0030s ]
SQL: SELECT `id`,`name` FROM `customer_college_area`  [ RunTime:0.0004s ]
INFO: [ view_parse ] --START--
INFO: [ template_filter ] --START--
INFO: Run Behavior\ContentReplaceBehavior [ RunTime:0.000078s ]
INFO: [ template_filter ] --END-- [ RunTime:0.000106s ]
INFO: Run Behavior\ParseTemplateBehavior [ RunTime:0.006405s ]
INFO: [ view_parse ] --END-- [ RunTime:0.006430s ]
INFO: [ view_filter ] --START--
INFO: Run Behavior\WriteHtmlCacheBehavior [ RunTime:0.000231s ]
INFO: [ view_filter ] --END-- [ RunTime:0.000249s ]
INFO: [ app_end ] --START--
INFO: Run Behavior\ShowPageTraceBehavior [ RunTime:0.000534s ]
INFO: [ app_end ] --END-- [ RunTime:0.000581s ]

[ 2019-11-22T18:06:39+08:00 ] 127.0.0.1 /Admin/index/collegeSchoolAdd.html
INFO: [ app_init ] --START--
INFO: Run Behavior\BuildLiteBehavior [ RunTime:0.000007s ]
INFO: [ app_init ] --END-- [ RunTime:0.000294s ]
INFO: [ app_begin ] --START--
INFO: Run Behavior\ReadHtmlCacheBehavior [ RunTime:0.000426s ]
INFO: [ app_begin ] --END-- [ RunTime:0.000474s ]
SQL: SHOW COLUMNS FROM `customer_admin_user_record` [ RunTime:0.0035s ]
SQL: SELECT `session` FROM `customer_admin_user_record` WHERE `uid` = 1 LIMIT 1   [ RunTime:0.0003s ]
SQL: SHOW COLUMNS FROM `customer_college_area` [ RunTime:0.0033s ]
SQL: SELECT `id`,`name` FROM `customer_college_area`  [ RunTime:0.0004s ]
INFO: [ view_parse ] --START--
INFO: [ template_filter ] --START--
INFO: Run Behavior\ContentReplaceBehavior [ RunTime:0.000077s ]
INFO: [ template_filter ] --END-- [ RunTime:0.000104s ]
INFO: Run Behavior\ParseTemplateBehavior [ RunTime:0.005490s ]
INFO: [ view_parse ] --END-- [ RunTime:0.005515s ]
INFO: [ view_filter ] --START--
INFO: Run Behavior\WriteHtmlCacheBehavior [ RunTime:0.000307s ]
INFO: [ view_filter ] --END-- [ RunTime:0.000328s ]
INFO: [ app_end ] --START--
INFO: Run Behavior\ShowPageTraceBehavior [ RunTime:0.000594s ]
INFO: [ app_end ] --END-- [ RunTime:0.000650s ]

[ 2019-11-22T18:06:42+08:00 ] 127.0.0.1 /Admin/index/collegeSchoolAdd.html
INFO: [ app_init ] --START--
INFO: Run Behavior\BuildLiteBehavior [ RunTime:0.000006s ]
INFO: [ app_init ] --END-- [ RunTime:0.000219s ]
INFO: [ app_begin ] --START--
INFO: Run Behavior\ReadHtmlCacheBehavior [ RunTime:0.000340s ]
INFO: [ app_begin ] --END-- [ RunTime:0.000364s ]
SQL: SHOW COLUMNS FROM `customer_admin_user_record` [ RunTime:0.0034s ]
SQL: SELECT `session` FROM `customer_admin_user_record` WHERE `uid` = 1 LIMIT 1   [ RunTime:0.0002s ]
SQL: SHOW COLUMNS FROM `customer_college_area` [ RunTime:0.0023s ]
SQL: SELECT `id`,`name` FROM `customer_college_area`  [ RunTime:0.0003s ]
INFO: [ view_parse ] --START--
INFO: [ template_filter ] --START--
INFO: Run Behavior\ContentReplaceBehavior [ RunTime:0.000111s ]
INFO: [ template_filter ] --END-- [ RunTime:0.000140s ]
INFO: Run Behavior\ParseTemplateBehavior [ RunTime:0.005469s ]
INFO: [ view_parse ] --END-- [ RunTime:0.005497s ]
INFO: [ view_filter ] --START--
INFO: Run Behavior\WriteHtmlCacheBehavior [ RunTime:0.000398s ]
INFO: [ view_filter ] --END-- [ RunTime:0.000418s ]
INFO: [ app_end ] --START--
INFO: Run Behavior\ShowPageTraceBehavior [ RunTime:0.000628s ]
INFO: [ app_end ] --END-- [ RunTime:0.000686s ]

[ 2019-11-22T18:07:31+08:00 ] 127.0.0.1 /Admin/index/mindManage
INFO: [ app_init ] --START--
INFO: Run Behavior\BuildLiteBehavior [ RunTime:0.000007s ]
INFO: [ app_init ] --END-- [ RunTime:0.000327s ]
INFO: [ app_begin ] --START--
INFO: Run Behavior\ReadHtmlCacheBehavior [ RunTime:0.000579s ]
INFO: [ app_begin ] --END-- [ RunTime:0.000611s ]
SQL: SHOW COLUMNS FROM `customer_admin_user_record` [ RunTime:0.0028s ]
SQL: SELECT `session` FROM `customer_admin_user_record` WHERE `uid` = 1 LIMIT 1   [ RunTime:0.0002s ]
SQL: SELECT `session` FROM `customer_admin_user_record` WHERE `uid` = 1 LIMIT 1   [ RunTime:0.0002s ]
SQL: SHOW COLUMNS FROM `customer_mind_user` [ RunTime:0.0027s ]
NOTIC: [8] Undefined variable: data E:\xampp\htdocs\cms\Application\Admin\Controller\ArticleController.class.php 第 52 行.
SQL: SELECT * FROM customer_mind_user as a ORDER BY create_time DESC LIMIT 0,10   [ RunTime:0.0006s ]
SQL: SHOW COLUMNS FROM `customer_mind_user` [ RunTime:0.0026s ]
NOTIC: [8] Undefined variable: article_data E:\xampp\htdocs\cms\Application\Admin\Controller\IndexController.class.php 第 56 行.
SQL: SELECT COUNT(*) AS tp_count FROM `customer_mind_user` LIMIT 1   [ RunTime:0.0002s ]
SQL: SELECT `session` FROM `customer_admin_user_record` WHERE `uid` = 1 LIMIT 1   [ RunTime:0.0003s ]
SQL: SHOW COLUMNS FROM `customer_index_menu` [ RunTime:0.0025s ]
SQL: SELECT * FROM `customer_index_menu` WHERE `pid` = 0  [ RunTime:0.0002s ]
SQL: SELECT * FROM `customer_index_menu` WHERE `pid` = 2  [ RunTime:0.0002s ]
SQL: SELECT * FROM `customer_index_menu` WHERE `pid` = 3  [ RunTime:0.0001s ]
SQL: SELECT * FROM `customer_index_menu` WHERE `pid` = 4  [ RunTime:0.0001s ]
SQL: SELECT * FROM `customer_index_menu` WHERE `pid` = 5  [ RunTime:0.0001s ]
SQL: SELECT * FROM `customer_index_menu` WHERE `pid` = 9  [ RunTime:0.0002s ]
SQL: SELECT * FROM `customer_index_menu` WHERE `pid` = 6  [ RunTime:0.0002s ]
SQL: SELECT * FROM `customer_index_menu` WHERE `pid` = 18  [ RunTime:0.0002s ]
INFO: [ view_parse ] --START--
INFO: [ template_filter ] --START--
INFO: Run Behavior\ContentReplaceBehavior [ RunTime:0.000129s ]
INFO: [ template_filter ] --END-- [ RunTime:0.000155s ]
INFO: Run Behavior\ParseTemplateBehavior [ RunTime:0.008057s ]
INFO: [ view_parse ] --END-- [ RunTime:0.008083s ]
INFO: [ view_filter ] --START--
INFO: Run Behavior\WriteHtmlCacheBehavior [ RunTime:0.000287s ]
INFO: [ view_filter ] --END-- [ RunTime:0.000306s ]
INFO: [ app_end ] --START--
INFO: Run Behavior\ShowPageTraceBehavior [ RunTime:0.000744s ]
INFO: [ app_end ] --END-- [ RunTime:0.000878s ]

[ 2019-11-22T18:07:33+08:00 ] 127.0.0.1 /Admin/Index/dealManage
INFO: [ app_init ] --START--
INFO: Run Behavior\BuildLiteBehavior [ RunTime:0.000007s ]
INFO: [ app_init ] --END-- [ RunTime:0.000231s ]
INFO: [ app_begin ] --START--
INFO: Run Behavior\ReadHtmlCacheBehavior [ RunTime:0.000375s ]
INFO: [ app_begin ] --END-- [ RunTime:0.000401s ]
SQL: SHOW COLUMNS FROM `customer_admin_user_record` [ RunTime:0.0039s ]
SQL: SELECT `session` FROM `customer_admin_user_record` WHERE `uid` = 1 LIMIT 1   [ RunTime:0.0004s ]
SQL: SHOW COLUMNS FROM `customer_deal_user` [ RunTime:0.0033s ]
NOTIC: [8] Undefined variable: data E:\xampp\htdocs\cms\Application\Admin\Controller\CollegeController.class.php 第 27 行.
SQL: SELECT * FROM customer_deal_user as s ORDER BY s.id DESC LIMIT 0,10   [ RunTime:0.0003s ]
SQL: SHOW COLUMNS FROM `customer_deal_user` [ RunTime:0.0032s ]
NOTIC: [8] Undefined variable: school_data E:\xampp\htdocs\cms\Application\Admin\Controller\IndexController.class.php 第 464 行.
SQL: SELECT COUNT(*) AS tp_count FROM `customer_deal_user` LIMIT 1   [ RunTime:0.0004s ]
SQL: SHOW COLUMNS FROM `customer_college_area` [ RunTime:0.0023s ]
SQL: SELECT `id`,`name` FROM `customer_college_area`  [ RunTime:0.0003s ]
INFO: [ view_parse ] --START--
INFO: [ template_filter ] --START--
INFO: Run Behavior\ContentReplaceBehavior [ RunTime:0.000036s ]
INFO: [ template_filter ] --END-- [ RunTime:0.000059s ]
NOTIC: [8] Undefined variable: current_url E:\xampp\htdocs\cms\Application\Runtime\Cache\Admin\4e97cd0a27de6bf3b88df62786a5a09c.php 第 64 行.
INFO: Run Behavior\ParseTemplateBehavior [ RunTime:0.004128s ]
INFO: [ view_parse ] --END-- [ RunTime:0.004151s ]
INFO: [ view_filter ] --START--
INFO: Run Behavior\WriteHtmlCacheBehavior [ RunTime:0.000223s ]
INFO: [ view_filter ] --END-- [ RunTime:0.000241s ]
INFO: [ app_end ] --START--
INFO: Run Behavior\ShowPageTraceBehavior [ RunTime:0.000358s ]
INFO: [ app_end ] --END-- [ RunTime:0.000378s ]

[ 2019-11-22T18:07:34+08:00 ] 127.0.0.1 /Admin/index/collegeSchoolAdd.html
INFO: [ app_init ] --START--
INFO: Run Behavior\BuildLiteBehavior [ RunTime:0.000007s ]
INFO: [ app_init ] --END-- [ RunTime:0.000256s ]
INFO: [ app_begin ] --START--
INFO: Run Behavior\ReadHtmlCacheBehavior [ RunTime:0.000438s ]
INFO: [ app_begin ] --END-- [ RunTime:0.000485s ]
SQL: SHOW COLUMNS FROM `customer_admin_user_record` [ RunTime:0.0038s ]
SQL: SELECT `session` FROM `customer_admin_user_record` WHERE `uid` = 1 LIMIT 1   [ RunTime:0.0004s ]
SQL: SHOW COLUMNS FROM `customer_college_area` [ RunTime:0.0031s ]
SQL: SELECT `id`,`name` FROM `customer_college_area`  [ RunTime:0.0003s ]
INFO: [ view_parse ] --START--
INFO: [ template_filter ] --START--
INFO: Run Behavior\ContentReplaceBehavior [ RunTime:0.000073s ]
INFO: [ template_filter ] --END-- [ RunTime:0.000096s ]
INFO: Run Behavior\ParseTemplateBehavior [ RunTime:0.004824s ]
INFO: [ view_parse ] --END-- [ RunTime:0.004846s ]
INFO: [ view_filter ] --START--
INFO: Run Behavior\WriteHtmlCacheBehavior [ RunTime:0.000222s ]
INFO: [ view_filter ] --END-- [ RunTime:0.000241s ]
INFO: [ app_end ] --START--
INFO: Run Behavior\ShowPageTraceBehavior [ RunTime:0.000437s ]
INFO: [ app_end ] --END-- [ RunTime:0.000467s ]

[ 2019-11-22T18:07:44+08:00 ] 127.0.0.1 /Admin/index/schoolManage.html
INFO: [ app_init ] --START--
INFO: Run Behavior\BuildLiteBehavior [ RunTime:0.000007s ]
INFO: [ app_init ] --END-- [ RunTime:0.000318s ]
INFO: [ app_begin ] --START--
INFO: Run Behavior\ReadHtmlCacheBehavior [ RunTime:0.000392s ]
INFO: [ app_begin ] --END-- [ RunTime:0.000417s ]
ERR: 非法操作:schoolManage

[ 2019-11-22T18:07:50+08:00 ] 127.0.0.1 /Admin/Index/dealManage
INFO: [ app_init ] --START--
INFO: Run Behavior\BuildLiteBehavior [ RunTime:0.000008s ]
INFO: [ app_init ] --END-- [ RunTime:0.000264s ]
INFO: [ app_begin ] --START--
INFO: Run Behavior\ReadHtmlCacheBehavior [ RunTime:0.000493s ]
INFO: [ app_begin ] --END-- [ RunTime:0.000522s ]
SQL: SHOW COLUMNS FROM `customer_admin_user_record` [ RunTime:0.0031s ]
SQL: SELECT `session` FROM `customer_admin_user_record` WHERE `uid` = 1 LIMIT 1   [ RunTime:0.0003s ]
SQL: SHOW COLUMNS FROM `customer_deal_user` [ RunTime:0.0025s ]
NOTIC: [8] Undefined variable: data E:\xampp\htdocs\cms\Application\Admin\Controller\CollegeController.class.php 第 27 行.
SQL: SELECT * FROM customer_deal_user as s ORDER BY s.id DESC LIMIT 0,10   [ RunTime:0.0004s ]
SQL: SHOW COLUMNS FROM `customer_deal_user` [ RunTime:0.0033s ]
NOTIC: [8] Undefined variable: school_data E:\xampp\htdocs\cms\Application\Admin\Controller\IndexController.class.php 第 464 行.
SQL: SELECT COUNT(*) AS tp_count FROM `customer_deal_user` LIMIT 1   [ RunTime:0.0002s ]
SQL: SHOW COLUMNS FROM `customer_college_area` [ RunTime:0.0030s ]
SQL: SELECT `id`,`name` FROM `customer_college_area`  [ RunTime:0.0003s ]
INFO: [ view_parse ] --START--
INFO: [ template_filter ] --START--
INFO: Run Behavior\ContentReplaceBehavior [ RunTime:0.000039s ]
INFO: [ template_filter ] --END-- [ RunTime:0.000063s ]
NOTIC: [8] Undefined variable: current_url E:\xampp\htdocs\cms\Application\Runtime\Cache\Admin\4e97cd0a27de6bf3b88df62786a5a09c.php 第 64 行.
INFO: Run Behavior\ParseTemplateBehavior [ RunTime:0.004213s ]
INFO: [ view_parse ] --END-- [ RunTime:0.004235s ]
INFO: [ view_filter ] --START--
INFO: Run Behavior\WriteHtmlCacheBehavior [ RunTime:0.000221s ]
INFO: [ view_filter ] --END-- [ RunTime:0.000240s ]
INFO: [ app_end ] --START--
INFO: Run Behavior\ShowPageTraceBehavior [ RunTime:0.000386s ]
INFO: [ app_end ] --END-- [ RunTime:0.000406s ]

[ 2019-11-22T18:28:45+08:00 ] 127.0.0.1 /Admin/index/collegeSchoolAdd.html
INFO: [ app_init ] --START--
INFO: Run Behavior\BuildLiteBehavior [ RunTime:0.000022s ]
INFO: [ app_init ] --END-- [ RunTime:0.000349s ]
INFO: [ app_begin ] --START--
INFO: Run Behavior\ReadHtmlCacheBehavior [ RunTime:0.000491s ]
INFO: [ app_begin ] --END-- [ RunTime:0.000521s ]
SQL: SHOW COLUMNS FROM `customer_admin_user_record` [ RunTime:0.0036s ]
SQL: SELECT `session` FROM `customer_admin_user_record` WHERE `uid` = 1 LIMIT 1   [ RunTime:0.0003s ]
SQL: SHOW COLUMNS FROM `customer_college_area` [ RunTime:0.0034s ]
SQL: SELECT `id`,`name` FROM `customer_college_area`  [ RunTime:0.0003s ]
INFO: [ view_parse ] --START--
INFO: [ template_filter ] --START--
INFO: Run Behavior\ContentReplaceBehavior [ RunTime:0.000201s ]
INFO: [ template_filter ] --END-- [ RunTime:0.000247s ]
INFO: Run Behavior\ParseTemplateBehavior [ RunTime:0.008660s ]
INFO: [ view_parse ] --END-- [ RunTime:0.008689s ]
INFO: [ view_filter ] --START--
INFO: Run Behavior\WriteHtmlCacheBehavior [ RunTime:0.000326s ]
INFO: [ view_filter ] --END-- [ RunTime:0.000371s ]
INFO: [ app_end ] --START--
INFO: Run Behavior\ShowPageTraceBehavior [ RunTime:0.000929s ]
INFO: [ app_end ] --END-- [ RunTime:0.000995s ]

