[ 2019-11-18T18:27:41+08:00 ] 127.0.0.1 /Admin/Index/questManage
INFO: [ app_init ] --START--
INFO: Run Behavior\BuildLiteBehavior [ RunTime:0.000015s ]
INFO: [ app_init ] --END-- [ RunTime:0.009851s ]
INFO: [ app_begin ] --START--
INFO: Run Behavior\ReadHtmlCacheBehavior [ RunTime:0.001122s ]
INFO: [ app_begin ] --END-- [ RunTime:0.001161s ]
SQL: SHOW COLUMNS FROM `customer_admin_user_record` [ RunTime:0.0852s ]
SQL: SELECT `session` FROM `customer_admin_user_record` WHERE `uid` = 1 LIMIT 1   [ RunTime:0.0037s ]
SQL: SELECT `session` FROM `customer_admin_user_record` WHERE `uid` = 1 LIMIT 1   [ RunTime:0.0004s ]
SQL: SHOW COLUMNS FROM `customer_quest` [ RunTime:0.0452s ]
NOTIC: [8] Undefined variable: data E:\xampp\htdocs\cms\Application\Admin\Controller\QuestController.class.php 第 18 行.
SQL: SELECT `id`,`send_name`,`send_content`,`send_datetime`,`put_content`,`status`,`n_id` FROM `customer_quest` ORDER BY send_datetime DESC LIMIT 0,10   [ RunTime:0.0069s ]
NOTIC: [8] Undefined variable: quest_data E:\xampp\htdocs\cms\Application\Admin\Controller\IndexController.class.php 第 302 行.
SQL: SELECT COUNT(*) AS tp_count FROM `customer_quest` LIMIT 1   [ RunTime:0.0016s ]
INFO: [ view_parse ] --START--
INFO: [ template_filter ] --START--
INFO: Run Behavior\ContentReplaceBehavior [ RunTime:0.014440s ]
INFO: [ template_filter ] --END-- [ RunTime:0.014482s ]
INFO: Run Behavior\ParseTemplateBehavior [ RunTime:0.096956s ]
INFO: [ view_parse ] --END-- [ RunTime:0.096999s ]
INFO: [ view_filter ] --START--
INFO: Run Behavior\WriteHtmlCacheBehavior [ RunTime:0.000970s ]
INFO: [ view_filter ] --END-- [ RunTime:0.001040s ]
INFO: [ app_end ] --START--
INFO: Run Behavior\ShowPageTraceBehavior [ RunTime:0.001370s ]
INFO: [ app_end ] --END-- [ RunTime:0.001433s ]

[ 2019-11-18T18:27:42+08:00 ] 127.0.0.1 /Admin/Index/questManage
INFO: [ app_init ] --START--
INFO: Run Behavior\BuildLiteBehavior [ RunTime:0.000008s ]
INFO: [ app_init ] --END-- [ RunTime:0.000508s ]
INFO: [ app_begin ] --START--
INFO: Run Behavior\ReadHtmlCacheBehavior [ RunTime:0.000730s ]
INFO: [ app_begin ] --END-- [ RunTime:0.000771s ]
SQL: SHOW COLUMNS FROM `customer_admin_user_record` [ RunTime:0.0049s ]
SQL: SELECT `session` FROM `customer_admin_user_record` WHERE `uid` = 1 LIMIT 1   [ RunTime:0.0002s ]
SQL: SELECT `session` FROM `customer_admin_user_record` WHERE `uid` = 1 LIMIT 1   [ RunTime:0.0003s ]
SQL: SHOW COLUMNS FROM `customer_quest` [ RunTime:0.0047s ]
NOTIC: [8] Undefined variable: data E:\xampp\htdocs\cms\Application\Admin\Controller\QuestController.class.php 第 18 行.
SQL: SELECT `id`,`send_name`,`send_content`,`send_datetime`,`put_content`,`status`,`n_id` FROM `customer_quest` ORDER BY send_datetime DESC LIMIT 0,10   [ RunTime:0.0004s ]
NOTIC: [8] Undefined variable: quest_data E:\xampp\htdocs\cms\Application\Admin\Controller\IndexController.class.php 第 302 行.
SQL: SELECT COUNT(*) AS tp_count FROM `customer_quest` LIMIT 1   [ RunTime:0.0003s ]
INFO: [ view_parse ] --START--
INFO: [ template_filter ] --START--
INFO: Run Behavior\ContentReplaceBehavior [ RunTime:0.000032s ]
INFO: [ template_filter ] --END-- [ RunTime:0.000053s ]
INFO: Run Behavior\ParseTemplateBehavior [ RunTime:0.011538s ]
INFO: [ view_parse ] --END-- [ RunTime:0.011563s ]
INFO: [ view_filter ] --START--
INFO: Run Behavior\WriteHtmlCacheBehavior [ RunTime:0.000440s ]
INFO: [ view_filter ] --END-- [ RunTime:0.000460s ]
INFO: [ app_end ] --START--
INFO: Run Behavior\ShowPageTraceBehavior [ RunTime:0.000864s ]
INFO: [ app_end ] --END-- [ RunTime:0.000892s ]

[ 2019-11-18T18:27:43+08:00 ] 127.0.0.1 /Admin/Index/dealManage
INFO: [ app_init ] --START--
INFO: Run Behavior\BuildLiteBehavior [ RunTime:0.000005s ]
INFO: [ app_init ] --END-- [ RunTime:0.000421s ]
INFO: [ app_begin ] --START--
INFO: Run Behavior\ReadHtmlCacheBehavior [ RunTime:0.000528s ]
INFO: [ app_begin ] --END-- [ RunTime:0.000551s ]
SQL: SHOW COLUMNS FROM `customer_admin_user_record` [ RunTime:0.0047s ]
SQL: SELECT `session` FROM `customer_admin_user_record` WHERE `uid` = 1 LIMIT 1   [ RunTime:0.0003s ]
SQL: SHOW COLUMNS FROM `customer_deal_user` [ RunTime:0.0555s ]
NOTIC: [8] Undefined variable: data E:\xampp\htdocs\cms\Application\Admin\Controller\CollegeController.class.php 第 27 行.
SQL: SELECT * FROM customer_deal_user as s ORDER BY s.id DESC LIMIT 0,10   [ RunTime:0.0009s ]
SQL: SHOW COLUMNS FROM `customer_deal_user` [ RunTime:0.0044s ]
NOTIC: [8] Undefined variable: school_data E:\xampp\htdocs\cms\Application\Admin\Controller\IndexController.class.php 第 464 行.
SQL: SELECT COUNT(*) AS tp_count FROM `customer_deal_user` LIMIT 1   [ RunTime:0.0003s ]
SQL: SHOW COLUMNS FROM `customer_college_area` [ RunTime:0.0296s ]
SQL: SELECT `id`,`name` FROM `customer_college_area`  [ RunTime:0.0003s ]
INFO: [ view_parse ] --START--
INFO: [ template_filter ] --START--
INFO: Run Behavior\ContentReplaceBehavior [ RunTime:0.000037s ]
INFO: [ template_filter ] --END-- [ RunTime:0.000063s ]
NOTIC: [8] Undefined variable: current_url E:\xampp\htdocs\cms\Application\Runtime\Cache\Admin\4e97cd0a27de6bf3b88df62786a5a09c.php 第 64 行.
INFO: Run Behavior\ParseTemplateBehavior [ RunTime:0.024831s ]
INFO: [ view_parse ] --END-- [ RunTime:0.024872s ]
INFO: [ view_filter ] --START--
INFO: Run Behavior\WriteHtmlCacheBehavior [ RunTime:0.000434s ]
INFO: [ view_filter ] --END-- [ RunTime:0.000452s ]
INFO: [ app_end ] --START--
INFO: Run Behavior\ShowPageTraceBehavior [ RunTime:0.000568s ]
INFO: [ app_end ] --END-- [ RunTime:0.000588s ]

[ 2019-11-18T18:27:44+08:00 ] 127.0.0.1 /Admin/index/mindManage
INFO: [ app_init ] --START--
INFO: Run Behavior\BuildLiteBehavior [ RunTime:0.000006s ]
INFO: [ app_init ] --END-- [ RunTime:0.000433s ]
INFO: [ app_begin ] --START--
INFO: Run Behavior\ReadHtmlCacheBehavior [ RunTime:0.000554s ]
INFO: [ app_begin ] --END-- [ RunTime:0.000577s ]
SQL: SHOW COLUMNS FROM `customer_admin_user_record` [ RunTime:0.0051s ]
SQL: SELECT `session` FROM `customer_admin_user_record` WHERE `uid` = 1 LIMIT 1   [ RunTime:0.0003s ]
SQL: SELECT `session` FROM `customer_admin_user_record` WHERE `uid` = 1 LIMIT 1   [ RunTime:0.0004s ]
SQL: SHOW COLUMNS FROM `customer_mind_user` [ RunTime:0.0235s ]
NOTIC: [8] Undefined variable: data E:\xampp\htdocs\cms\Application\Admin\Controller\ArticleController.class.php 第 52 行.
SQL: SELECT * FROM customer_mind_user as a ORDER BY create_time DESC LIMIT 0,10   [ RunTime:0.0004s ]
SQL: SHOW COLUMNS FROM `customer_mind_user` [ RunTime:0.0046s ]
NOTIC: [8] Undefined variable: article_data E:\xampp\htdocs\cms\Application\Admin\Controller\IndexController.class.php 第 56 行.
SQL: SELECT COUNT(*) AS tp_count FROM `customer_mind_user` LIMIT 1   [ RunTime:0.0004s ]
SQL: SELECT `session` FROM `customer_admin_user_record` WHERE `uid` = 1 LIMIT 1   [ RunTime:0.0003s ]
SQL: SHOW COLUMNS FROM `customer_index_menu` [ RunTime:0.0103s ]
SQL: SELECT * FROM `customer_index_menu` WHERE `pid` = 0  [ RunTime:0.0003s ]
SQL: SELECT * FROM `customer_index_menu` WHERE `pid` = 2  [ RunTime:0.0003s ]
SQL: SELECT * FROM `customer_index_menu` WHERE `pid` = 3  [ RunTime:0.0003s ]
SQL: SELECT * FROM `customer_index_menu` WHERE `pid` = 4  [ RunTime:0.0003s ]
SQL: SELECT * FROM `customer_index_menu` WHERE `pid` = 5  [ RunTime:0.0002s ]
SQL: SELECT * FROM `customer_index_menu` WHERE `pid` = 9  [ RunTime:0.0002s ]
SQL: SELECT * FROM `customer_index_menu` WHERE `pid` = 6  [ RunTime:0.0003s ]
SQL: SELECT * FROM `customer_index_menu` WHERE `pid` = 18  [ RunTime:0.0003s ]
INFO: [ view_parse ] --START--
INFO: [ template_filter ] --START--
INFO: Run Behavior\ContentReplaceBehavior [ RunTime:0.000128s ]
INFO: [ template_filter ] --END-- [ RunTime:0.000155s ]
INFO: Run Behavior\ParseTemplateBehavior [ RunTime:0.033305s ]
INFO: [ view_parse ] --END-- [ RunTime:0.033337s ]
INFO: [ view_filter ] --START--
INFO: Run Behavior\WriteHtmlCacheBehavior [ RunTime:0.000431s ]
INFO: [ view_filter ] --END-- [ RunTime:0.000450s ]
INFO: [ app_end ] --START--
INFO: Run Behavior\ShowPageTraceBehavior [ RunTime:0.000918s ]
INFO: [ app_end ] --END-- [ RunTime:0.000982s ]

[ 2019-11-18T18:27:50+08:00 ] 127.0.0.1 /Admin/index/mindManage
INFO: [ app_init ] --START--
INFO: Run Behavior\BuildLiteBehavior [ RunTime:0.000006s ]
INFO: [ app_init ] --END-- [ RunTime:0.000432s ]
INFO: [ app_begin ] --START--
INFO: Run Behavior\ReadHtmlCacheBehavior [ RunTime:0.001009s ]
INFO: [ app_begin ] --END-- [ RunTime:0.001033s ]
SQL: SHOW COLUMNS FROM `customer_admin_user_record` [ RunTime:0.0052s ]
SQL: SELECT `session` FROM `customer_admin_user_record` WHERE `uid` = 1 LIMIT 1   [ RunTime:0.0003s ]
SQL: SELECT `session` FROM `customer_admin_user_record` WHERE `uid` = 1 LIMIT 1   [ RunTime:0.0003s ]
SQL: SHOW COLUMNS FROM `customer_mind_user` [ RunTime:0.0045s ]
NOTIC: [8] Undefined variable: data E:\xampp\htdocs\cms\Application\Admin\Controller\ArticleController.class.php 第 52 行.
SQL: SELECT * FROM customer_mind_user as a ORDER BY create_time DESC LIMIT 0,10   [ RunTime:0.0004s ]
SQL: SHOW COLUMNS FROM `customer_mind_user` [ RunTime:0.0046s ]
NOTIC: [8] Undefined variable: article_data E:\xampp\htdocs\cms\Application\Admin\Controller\IndexController.class.php 第 56 行.
SQL: SELECT COUNT(*) AS tp_count FROM `customer_mind_user` LIMIT 1   [ RunTime:0.0003s ]
SQL: SELECT `session` FROM `customer_admin_user_record` WHERE `uid` = 1 LIMIT 1   [ RunTime:0.0003s ]
SQL: SHOW COLUMNS FROM `customer_index_menu` [ RunTime:0.0047s ]
SQL: SELECT * FROM `customer_index_menu` WHERE `pid` = 0  [ RunTime:0.0003s ]
SQL: SELECT * FROM `customer_index_menu` WHERE `pid` = 2  [ RunTime:0.0003s ]
SQL: SELECT * FROM `customer_index_menu` WHERE `pid` = 3  [ RunTime:0.0002s ]
SQL: SELECT * FROM `customer_index_menu` WHERE `pid` = 4  [ RunTime:0.0002s ]
SQL: SELECT * FROM `customer_index_menu` WHERE `pid` = 5  [ RunTime:0.0003s ]
SQL: SELECT * FROM `customer_index_menu` WHERE `pid` = 9  [ RunTime:0.0002s ]
SQL: SELECT * FROM `customer_index_menu` WHERE `pid` = 6  [ RunTime:0.0002s ]
SQL: SELECT * FROM `customer_index_menu` WHERE `pid` = 18  [ RunTime:0.0003s ]
INFO: [ view_parse ] --START--
INFO: [ template_filter ] --START--
INFO: Run Behavior\ContentReplaceBehavior [ RunTime:0.000145s ]
INFO: [ template_filter ] --END-- [ RunTime:0.000179s ]
INFO: Run Behavior\ParseTemplateBehavior [ RunTime:0.009353s ]
INFO: [ view_parse ] --END-- [ RunTime:0.009375s ]
INFO: [ view_filter ] --START--
INFO: Run Behavior\WriteHtmlCacheBehavior [ RunTime:0.000424s ]
INFO: [ view_filter ] --END-- [ RunTime:0.000442s ]
INFO: [ app_end ] --START--
INFO: Run Behavior\ShowPageTraceBehavior [ RunTime:0.001129s ]
INFO: [ app_end ] --END-- [ RunTime:0.001177s ]

[ 2019-11-18T18:27:51+08:00 ] 127.0.0.1 /Admin/index/index
INFO: [ app_init ] --START--
INFO: Run Behavior\BuildLiteBehavior [ RunTime:0.000007s ]
INFO: [ app_init ] --END-- [ RunTime:0.000434s ]
INFO: [ app_begin ] --START--
INFO: Run Behavior\ReadHtmlCacheBehavior [ RunTime:0.000551s ]
INFO: [ app_begin ] --END-- [ RunTime:0.000575s ]
SQL: SHOW COLUMNS FROM `customer_admin_user_record` [ RunTime:0.0043s ]
SQL: SELECT `session` FROM `customer_admin_user_record` WHERE `uid` = 1 LIMIT 1   [ RunTime:0.0003s ]
SQL: SELECT `session` FROM `customer_admin_user_record` WHERE `uid` = 1 LIMIT 1   [ RunTime:0.0003s ]
SQL: SHOW COLUMNS FROM `customer_admin_menu` [ RunTime:0.0347s ]
SQL: SELECT * FROM `customer_admin_menu` WHERE ( pid=0 )  [ RunTime:0.0003s ]
SQL: SELECT * FROM `customer_admin_menu` WHERE ( pid=1 )  [ RunTime:0.0003s ]
SQL: SELECT * FROM `customer_admin_menu` WHERE ( pid=2 )  [ RunTime:0.0003s ]
SQL: SELECT * FROM `customer_admin_menu` WHERE ( pid=3 )  [ RunTime:0.0003s ]
SQL: SELECT * FROM `customer_admin_menu` WHERE ( pid=12 )  [ RunTime:0.0003s ]
SQL: SELECT * FROM `customer_admin_menu` WHERE ( pid=13 )  [ RunTime:0.0003s ]
SQL: SELECT * FROM `customer_admin_menu` WHERE ( pid=14 )  [ RunTime:0.0003s ]
SQL: SELECT * FROM `customer_admin_menu` WHERE ( pid=20 )  [ RunTime:0.0003s ]
SQL: SELECT * FROM `customer_admin_menu` WHERE ( pid=19 )  [ RunTime:0.0003s ]
SQL: SELECT * FROM `customer_admin_menu` WHERE ( pid=22 )  [ RunTime:0.0003s ]
SQL: SELECT * FROM `customer_admin_menu` WHERE ( pid=33 )  [ RunTime:0.0003s ]
SQL: SELECT * FROM `customer_admin_menu` WHERE ( pid=36 )  [ RunTime:0.0003s ]
SQL: SELECT * FROM `customer_admin_menu` WHERE ( pid=28 )  [ RunTime:0.0003s ]
SQL: SELECT * FROM `customer_admin_menu` WHERE ( pid=29 )  [ RunTime:0.0003s ]
SQL: SELECT * FROM `customer_admin_menu` WHERE ( pid=32 )  [ RunTime:0.0003s ]
SQL: SELECT * FROM `customer_admin_menu` WHERE ( pid=34 )  [ RunTime:0.0003s ]
SQL: SELECT * FROM `customer_admin_menu` WHERE ( pid=35 )  [ RunTime:0.0003s ]
SQL: SELECT * FROM `customer_admin_menu` WHERE ( pid=40 )  [ RunTime:0.0003s ]
SQL: SELECT * FROM `customer_admin_menu` WHERE ( pid=41 )  [ RunTime:0.0002s ]
SQL: SELECT * FROM `customer_admin_menu` WHERE ( pid=42 )  [ RunTime:0.0003s ]
INFO: [ view_parse ] --START--
INFO: [ template_filter ] --START--
INFO: Run Behavior\ContentReplaceBehavior [ RunTime:0.000047s ]
INFO: [ template_filter ] --END-- [ RunTime:0.000073s ]
INFO: Run Behavior\ParseTemplateBehavior [ RunTime:0.007199s ]
INFO: [ view_parse ] --END-- [ RunTime:0.007228s ]
INFO: [ view_filter ] --START--
INFO: Run Behavior\WriteHtmlCacheBehavior [ RunTime:0.000523s ]
INFO: [ view_filter ] --END-- [ RunTime:0.000543s ]
INFO: [ app_end ] --START--
INFO: Run Behavior\ShowPageTraceBehavior [ RunTime:0.000925s ]
INFO: [ app_end ] --END-- [ RunTime:0.000979s ]

[ 2019-11-18T18:27:51+08:00 ] 127.0.0.1 /Admin/index/main
INFO: [ app_init ] --START--
INFO: Run Behavior\BuildLiteBehavior [ RunTime:0.000007s ]
INFO: [ app_init ] --END-- [ RunTime:0.000571s ]
INFO: [ app_begin ] --START--
INFO: Run Behavior\ReadHtmlCacheBehavior [ RunTime:0.000580s ]
INFO: [ app_begin ] --END-- [ RunTime:0.000605s ]
SQL: SHOW COLUMNS FROM `customer_admin_user_record` [ RunTime:0.0109s ]
SQL: SELECT `session` FROM `customer_admin_user_record` WHERE `uid` = 1 LIMIT 1   [ RunTime:0.0004s ]
INFO: [ view_parse ] --START--
INFO: [ template_filter ] --START--
INFO: Run Behavior\ContentReplaceBehavior [ RunTime:0.000093s ]
INFO: [ template_filter ] --END-- [ RunTime:0.000145s ]
NOTIC: [8] Undefined index: SYSTEMROOT E:\xampp\htdocs\cms\Application\Runtime\Cache\Admin\65a1f94348fbcf8ea0b7b04e37c32a89.php 第 110 行.
NOTIC: [8] Undefined index: PHP_FCGI_MAX_REQUESTS E:\xampp\htdocs\cms\Application\Runtime\Cache\Admin\65a1f94348fbcf8ea0b7b04e37c32a89.php 第 115 行.
NOTIC: [8] Undefined index: _FCGI_SHUTDOWN_EVENT_ E:\xampp\htdocs\cms\Application\Runtime\Cache\Admin\65a1f94348fbcf8ea0b7b04e37c32a89.php 第 117 行.
NOTIC: [8] Undefined index: HTTP_ACCERT E:\xampp\htdocs\cms\Application\Runtime\Cache\Admin\65a1f94348fbcf8ea0b7b04e37c32a89.php 第 163 行.
NOTIC: [8] Undefined index: FCGI_ROLE E:\xampp\htdocs\cms\Application\Runtime\Cache\Admin\65a1f94348fbcf8ea0b7b04e37c32a89.php 第 175 行.
INFO: Run Behavior\ParseTemplateBehavior [ RunTime:0.024179s ]
INFO: [ view_parse ] --END-- [ RunTime:0.024220s ]
INFO: [ view_filter ] --START--
INFO: Run Behavior\WriteHtmlCacheBehavior [ RunTime:0.000468s ]
INFO: [ view_filter ] --END-- [ RunTime:0.000487s ]
INFO: [ app_end ] --START--
INFO: Run Behavior\ShowPageTraceBehavior [ RunTime:0.001219s ]
INFO: [ app_end ] --END-- [ RunTime:0.001256s ]

[ 2019-11-18T18:27:53+08:00 ] 127.0.0.1 /Admin/Index/questManage
INFO: [ app_init ] --START--
INFO: Run Behavior\BuildLiteBehavior [ RunTime:0.000006s ]
INFO: [ app_init ] --END-- [ RunTime:0.000420s ]
INFO: [ app_begin ] --START--
INFO: Run Behavior\ReadHtmlCacheBehavior [ RunTime:0.000542s ]
INFO: [ app_begin ] --END-- [ RunTime:0.000565s ]
SQL: SHOW COLUMNS FROM `customer_admin_user_record` [ RunTime:0.0062s ]
SQL: SELECT `session` FROM `customer_admin_user_record` WHERE `uid` = 1 LIMIT 1   [ RunTime:0.0002s ]
SQL: SELECT `session` FROM `customer_admin_user_record` WHERE `uid` = 1 LIMIT 1   [ RunTime:0.0002s ]
SQL: SHOW COLUMNS FROM `customer_quest` [ RunTime:0.0046s ]
NOTIC: [8] Undefined variable: data E:\xampp\htdocs\cms\Application\Admin\Controller\QuestController.class.php 第 18 行.
SQL: SELECT `id`,`send_name`,`send_content`,`send_datetime`,`put_content`,`status`,`n_id` FROM `customer_quest` ORDER BY send_datetime DESC LIMIT 0,10   [ RunTime:0.0004s ]
NOTIC: [8] Undefined variable: quest_data E:\xampp\htdocs\cms\Application\Admin\Controller\IndexController.class.php 第 302 行.
SQL: SELECT COUNT(*) AS tp_count FROM `customer_quest` LIMIT 1   [ RunTime:0.0002s ]
INFO: [ view_parse ] --START--
INFO: [ template_filter ] --START--
INFO: Run Behavior\ContentReplaceBehavior [ RunTime:0.000032s ]
INFO: [ template_filter ] --END-- [ RunTime:0.000053s ]
INFO: Run Behavior\ParseTemplateBehavior [ RunTime:0.006036s ]
INFO: [ view_parse ] --END-- [ RunTime:0.006059s ]
INFO: [ view_filter ] --START--
INFO: Run Behavior\WriteHtmlCacheBehavior [ RunTime:0.000467s ]
INFO: [ view_filter ] --END-- [ RunTime:0.000484s ]
INFO: [ app_end ] --START--
INFO: Run Behavior\ShowPageTraceBehavior [ RunTime:0.000921s ]
INFO: [ app_end ] --END-- [ RunTime:0.000952s ]

[ 2019-11-18T18:27:57+08:00 ] 127.0.0.1 /Admin/Index/dealManage
INFO: [ app_init ] --START--
INFO: Run Behavior\BuildLiteBehavior [ RunTime:0.000006s ]
INFO: [ app_init ] --END-- [ RunTime:0.000442s ]
INFO: [ app_begin ] --START--
INFO: Run Behavior\ReadHtmlCacheBehavior [ RunTime:0.000604s ]
INFO: [ app_begin ] --END-- [ RunTime:0.000627s ]
SQL: SHOW COLUMNS FROM `customer_admin_user_record` [ RunTime:0.0051s ]
SQL: SELECT `session` FROM `customer_admin_user_record` WHERE `uid` = 1 LIMIT 1   [ RunTime:0.0003s ]
SQL: SHOW COLUMNS FROM `customer_deal_user` [ RunTime:0.0046s ]
NOTIC: [8] Undefined variable: data E:\xampp\htdocs\cms\Application\Admin\Controller\CollegeController.class.php 第 27 行.
SQL: SELECT * FROM customer_deal_user as s ORDER BY s.id DESC LIMIT 0,10   [ RunTime:0.0003s ]
SQL: SHOW COLUMNS FROM `customer_deal_user` [ RunTime:0.0046s ]
NOTIC: [8] Undefined variable: school_data E:\xampp\htdocs\cms\Application\Admin\Controller\IndexController.class.php 第 464 行.
SQL: SELECT COUNT(*) AS tp_count FROM `customer_deal_user` LIMIT 1   [ RunTime:0.0003s ]
SQL: SHOW COLUMNS FROM `customer_college_area` [ RunTime:0.0043s ]
SQL: SELECT `id`,`name` FROM `customer_college_area`  [ RunTime:0.0003s ]
INFO: [ view_parse ] --START--
INFO: [ template_filter ] --START--
INFO: Run Behavior\ContentReplaceBehavior [ RunTime:0.000035s ]
INFO: [ template_filter ] --END-- [ RunTime:0.000057s ]
NOTIC: [8] Undefined variable: current_url E:\xampp\htdocs\cms\Application\Runtime\Cache\Admin\4e97cd0a27de6bf3b88df62786a5a09c.php 第 64 行.
INFO: Run Behavior\ParseTemplateBehavior [ RunTime:0.006273s ]
INFO: [ view_parse ] --END-- [ RunTime:0.006294s ]
INFO: [ view_filter ] --START--
INFO: Run Behavior\WriteHtmlCacheBehavior [ RunTime:0.000436s ]
INFO: [ view_filter ] --END-- [ RunTime:0.000454s ]
INFO: [ app_end ] --START--
INFO: Run Behavior\ShowPageTraceBehavior [ RunTime:0.000566s ]
INFO: [ app_end ] --END-- [ RunTime:0.000588s ]

