[ 2020-03-05T10:43:32+08:00 ] 127.0.0.1 /
INFO: [ app_init ] --START--
INFO: Run Behavior\BuildLiteBehavior [ RunTime:0.000011s ]
INFO: [ app_init ] --END-- [ RunTime:0.000780s ]
INFO: [ app_begin ] --START--
INFO: Run Behavior\ReadHtmlCacheBehavior [ RunTime:0.001162s ]
INFO: [ app_begin ] --END-- [ RunTime:0.001204s ]
NOTIC: [8] Undefined index: AdminUserInfo E:\xampp\htdocs\customer\Application\Admin\Controller\AdminUserController.class.php 第 35 行.
INFO: [ view_parse ] --START--
INFO: [ template_filter ] --START--
INFO: Run Behavior\ContentReplaceBehavior [ RunTime:0.007245s ]
INFO: [ template_filter ] --END-- [ RunTime:0.007275s ]
INFO: Run Behavior\ParseTemplateBehavior [ RunTime:0.021308s ]
INFO: [ view_parse ] --END-- [ RunTime:0.021333s ]
INFO: [ view_filter ] --START--
INFO: Run Behavior\WriteHtmlCacheBehavior [ RunTime:0.003923s ]
INFO: [ view_filter ] --END-- [ RunTime:0.003960s ]

[ 2020-03-05T10:43:33+08:00 ] 127.0.0.1 /
INFO: [ app_init ] --START--
INFO: Run Behavior\BuildLiteBehavior [ RunTime:0.000007s ]
INFO: [ app_init ] --END-- [ RunTime:0.000460s ]
INFO: [ app_begin ] --START--
INFO: Run Behavior\ReadHtmlCacheBehavior [ RunTime:0.000589s ]
INFO: [ app_begin ] --END-- [ RunTime:0.000618s ]
NOTIC: [8] Undefined index: AdminUserInfo E:\xampp\htdocs\customer\Application\Admin\Controller\AdminUserController.class.php 第 35 行.
INFO: [ view_parse ] --START--
INFO: [ template_filter ] --START--
INFO: Run Behavior\ContentReplaceBehavior [ RunTime:0.000015s ]
INFO: [ template_filter ] --END-- [ RunTime:0.000094s ]
INFO: Run Behavior\ParseTemplateBehavior [ RunTime:0.005249s ]
INFO: [ view_parse ] --END-- [ RunTime:0.005343s ]
INFO: [ view_filter ] --START--
INFO: Run Behavior\WriteHtmlCacheBehavior [ RunTime:0.001470s ]
INFO: [ view_filter ] --END-- [ RunTime:0.001558s ]

[ 2020-03-05T10:43:35+08:00 ] 127.0.0.1 /Admin/index/login.html
INFO: [ app_init ] --START--
INFO: Run Behavior\BuildLiteBehavior [ RunTime:0.000007s ]
INFO: [ app_init ] --END-- [ RunTime:0.000419s ]
INFO: [ app_begin ] --START--
INFO: Run Behavior\ReadHtmlCacheBehavior [ RunTime:0.000539s ]
INFO: [ app_begin ] --END-- [ RunTime:0.000563s ]
INFO: [ view_parse ] --START--
INFO: [ template_filter ] --START--
INFO: Run Behavior\ContentReplaceBehavior [ RunTime:0.000301s ]
INFO: [ template_filter ] --END-- [ RunTime:0.000335s ]
INFO: Run Behavior\ParseTemplateBehavior [ RunTime:0.031560s ]
INFO: [ view_parse ] --END-- [ RunTime:0.031603s ]
INFO: [ view_filter ] --START--
INFO: Run Behavior\WriteHtmlCacheBehavior [ RunTime:0.000406s ]
INFO: [ view_filter ] --END-- [ RunTime:0.000425s ]
INFO: [ app_end ] --START--
INFO: Run Behavior\ShowPageTraceBehavior [ RunTime:0.005075s ]
INFO: [ app_end ] --END-- [ RunTime:0.005159s ]

[ 2020-03-05T10:43:35+08:00 ] 127.0.0.1 /Admin/index/getVerify.html
INFO: [ app_init ] --START--
INFO: Run Behavior\BuildLiteBehavior [ RunTime:0.000006s ]
INFO: [ app_init ] --END-- [ RunTime:0.000472s ]
INFO: [ app_begin ] --START--
INFO: Run Behavior\ReadHtmlCacheBehavior [ RunTime:0.000790s ]
INFO: [ app_begin ] --END-- [ RunTime:0.000817s ]
INFO: [ app_end ] --START--
INFO: Run Behavior\ShowPageTraceBehavior [ RunTime:0.001415s ]
INFO: [ app_end ] --END-- [ RunTime:0.001529s ]

[ 2020-03-05T10:43:39+08:00 ] 127.0.0.1 /Admin/index/getVerify/0.6353893667645436
INFO: [ app_init ] --START--
INFO: Run Behavior\BuildLiteBehavior [ RunTime:0.000005s ]
INFO: [ app_init ] --END-- [ RunTime:0.000496s ]
INFO: [ app_begin ] --START--
INFO: Run Behavior\ReadHtmlCacheBehavior [ RunTime:0.000593s ]
INFO: [ app_begin ] --END-- [ RunTime:0.000615s ]
INFO: [ app_end ] --START--
INFO: Run Behavior\ShowPageTraceBehavior [ RunTime:0.000671s ]
INFO: [ app_end ] --END-- [ RunTime:0.000718s ]

[ 2020-03-05T10:43:40+08:00 ] 127.0.0.1 /Admin/index/getVerify/0.3148672984233256
INFO: [ app_init ] --START--
INFO: Run Behavior\BuildLiteBehavior [ RunTime:0.000005s ]
INFO: [ app_init ] --END-- [ RunTime:0.000391s ]
INFO: [ app_begin ] --START--
INFO: Run Behavior\ReadHtmlCacheBehavior [ RunTime:0.000890s ]
INFO: [ app_begin ] --END-- [ RunTime:0.000917s ]
INFO: [ app_end ] --START--
INFO: Run Behavior\ShowPageTraceBehavior [ RunTime:0.000610s ]
INFO: [ app_end ] --END-- [ RunTime:0.000639s ]

[ 2020-03-05T10:43:41+08:00 ] 127.0.0.1 /Admin/index/getVerify/0.7927109267851011
INFO: [ app_init ] --START--
INFO: Run Behavior\BuildLiteBehavior [ RunTime:0.000006s ]
INFO: [ app_init ] --END-- [ RunTime:0.000523s ]
INFO: [ app_begin ] --START--
INFO: Run Behavior\ReadHtmlCacheBehavior [ RunTime:0.000581s ]
INFO: [ app_begin ] --END-- [ RunTime:0.000609s ]
INFO: [ app_end ] --START--
INFO: Run Behavior\ShowPageTraceBehavior [ RunTime:0.000847s ]
INFO: [ app_end ] --END-- [ RunTime:0.000881s ]

[ 2020-03-05T10:43:47+08:00 ] 127.0.0.1 /Admin/AdminUser/login
INFO: [ app_init ] --START--
INFO: Run Behavior\BuildLiteBehavior [ RunTime:0.000006s ]
INFO: [ app_init ] --END-- [ RunTime:0.000435s ]
INFO: [ app_begin ] --START--
INFO: Run Behavior\ReadHtmlCacheBehavior [ RunTime:0.000578s ]
INFO: [ app_begin ] --END-- [ RunTime:0.000600s ]
SQL: SHOW COLUMNS FROM `customer_admin_user` [ RunTime:0.0410s ]
SQL: SELECT `id`,`user`,`pwd`,`user_name`,`exa_juris` FROM `customer_admin_user` WHERE `user` = 'admin' AND `pwd` = 'c550959926ea7636f849ccf1720c4972' LIMIT 1   [ RunTime:0.0406s ]
SQL: SHOW COLUMNS FROM `customer_admin_user_record` [ RunTime:0.0408s ]
SQL: UPDATE `customer_admin_user_record` SET `session`='plekdtf9j63onarf4rchg8h2v6' WHERE `uid` = 1 [ RunTime:0.0409s ]
INFO: [ app_end ] --START--
INFO: Run Behavior\ShowPageTraceBehavior [ RunTime:0.000705s ]
INFO: [ app_end ] --END-- [ RunTime:0.000747s ]

[ 2020-03-05T10:43:48+08:00 ] 127.0.0.1 /Admin/index/index
INFO: [ app_init ] --START--
INFO: Run Behavior\BuildLiteBehavior [ RunTime:0.000007s ]
INFO: [ app_init ] --END-- [ RunTime:0.000483s ]
INFO: [ app_begin ] --START--
INFO: Run Behavior\ReadHtmlCacheBehavior [ RunTime:0.000583s ]
INFO: [ app_begin ] --END-- [ RunTime:0.000606s ]
SQL: SHOW COLUMNS FROM `customer_admin_user_record` [ RunTime:0.0394s ]
SQL: SELECT `session` FROM `customer_admin_user_record` WHERE `uid` = 1 LIMIT 1   [ RunTime:0.0392s ]
SQL: SELECT `session` FROM `customer_admin_user_record` WHERE `uid` = 1 LIMIT 1   [ RunTime:0.0388s ]
SQL: SHOW COLUMNS FROM `customer_admin_menu` [ RunTime:0.0394s ]
SQL: SELECT * FROM `customer_admin_menu` WHERE ( pid=0 )  [ RunTime:0.0399s ]
SQL: SELECT * FROM `customer_admin_menu` WHERE ( pid=1 )  [ RunTime:0.0393s ]
SQL: SELECT * FROM `customer_admin_menu` WHERE ( pid=2 )  [ RunTime:0.0390s ]
SQL: SELECT * FROM `customer_admin_menu` WHERE ( pid=3 )  [ RunTime:0.0392s ]
SQL: SELECT * FROM `customer_admin_menu` WHERE ( pid=12 )  [ RunTime:0.0391s ]
SQL: SELECT * FROM `customer_admin_menu` WHERE ( pid=13 )  [ RunTime:0.0391s ]
SQL: SELECT * FROM `customer_admin_menu` WHERE ( pid=14 )  [ RunTime:0.0392s ]
SQL: SELECT * FROM `customer_admin_menu` WHERE ( pid=19 )  [ RunTime:0.0394s ]
SQL: SELECT * FROM `customer_admin_menu` WHERE ( pid=22 )  [ RunTime:0.0391s ]
SQL: SELECT * FROM `customer_admin_menu` WHERE ( pid=36 )  [ RunTime:0.0396s ]
SQL: SELECT * FROM `customer_admin_menu` WHERE ( pid=28 )  [ RunTime:0.0392s ]
SQL: SELECT * FROM `customer_admin_menu` WHERE ( pid=29 )  [ RunTime:0.0391s ]
SQL: SELECT * FROM `customer_admin_menu` WHERE ( pid=32 )  [ RunTime:0.0391s ]
INFO: [ view_parse ] --START--
INFO: [ template_filter ] --START--
INFO: Run Behavior\ContentReplaceBehavior [ RunTime:0.000049s ]
INFO: [ template_filter ] --END-- [ RunTime:0.000076s ]
INFO: Run Behavior\ParseTemplateBehavior [ RunTime:0.014955s ]
INFO: [ view_parse ] --END-- [ RunTime:0.014993s ]
INFO: [ view_filter ] --START--
INFO: Run Behavior\WriteHtmlCacheBehavior [ RunTime:0.000648s ]
INFO: [ view_filter ] --END-- [ RunTime:0.000668s ]
INFO: [ app_end ] --START--
INFO: Run Behavior\ShowPageTraceBehavior [ RunTime:0.001000s ]
INFO: [ app_end ] --END-- [ RunTime:0.001063s ]

[ 2020-03-05T10:43:49+08:00 ] 127.0.0.1 /Admin/index/main
INFO: [ app_init ] --START--
INFO: Run Behavior\BuildLiteBehavior [ RunTime:0.000036s ]
INFO: [ app_init ] --END-- [ RunTime:0.001138s ]
INFO: [ app_begin ] --START--
INFO: Run Behavior\ReadHtmlCacheBehavior [ RunTime:0.000615s ]
INFO: [ app_begin ] --END-- [ RunTime:0.000649s ]
SQL: SHOW COLUMNS FROM `customer_admin_user_record` [ RunTime:0.0434s ]
SQL: SELECT `session` FROM `customer_admin_user_record` WHERE `uid` = 1 LIMIT 1   [ RunTime:0.0392s ]
INFO: [ view_parse ] --START--
INFO: [ template_filter ] --START--
INFO: Run Behavior\ContentReplaceBehavior [ RunTime:0.000053s ]
INFO: [ template_filter ] --END-- [ RunTime:0.000080s ]
NOTIC: [8] Undefined index: SYSTEMROOT E:\xampp\htdocs\customer\Application\Runtime\Cache\Admin\65a1f94348fbcf8ea0b7b04e37c32a89.php 第 110 行.
NOTIC: [8] Undefined index: PHP_FCGI_MAX_REQUESTS E:\xampp\htdocs\customer\Application\Runtime\Cache\Admin\65a1f94348fbcf8ea0b7b04e37c32a89.php 第 115 行.
NOTIC: [8] Undefined index: _FCGI_SHUTDOWN_EVENT_ E:\xampp\htdocs\customer\Application\Runtime\Cache\Admin\65a1f94348fbcf8ea0b7b04e37c32a89.php 第 117 行.
NOTIC: [8] Undefined index: HTTP_ACCERT E:\xampp\htdocs\customer\Application\Runtime\Cache\Admin\65a1f94348fbcf8ea0b7b04e37c32a89.php 第 163 行.
NOTIC: [8] Undefined index: FCGI_ROLE E:\xampp\htdocs\customer\Application\Runtime\Cache\Admin\65a1f94348fbcf8ea0b7b04e37c32a89.php 第 175 行.
INFO: Run Behavior\ParseTemplateBehavior [ RunTime:0.012377s ]
INFO: [ view_parse ] --END-- [ RunTime:0.012401s ]
INFO: [ view_filter ] --START--
INFO: Run Behavior\WriteHtmlCacheBehavior [ RunTime:0.000421s ]
INFO: [ view_filter ] --END-- [ RunTime:0.000439s ]
INFO: [ app_end ] --START--
INFO: Run Behavior\ShowPageTraceBehavior [ RunTime:0.001595s ]
INFO: [ app_end ] --END-- [ RunTime:0.001667s ]

[ 2020-03-05T10:43:56+08:00 ] 127.0.0.1 /Admin/AdminUser/outLogin
INFO: [ app_init ] --START--
INFO: Run Behavior\BuildLiteBehavior [ RunTime:0.000021s ]
INFO: [ app_init ] --END-- [ RunTime:0.000541s ]
INFO: [ app_begin ] --START--
INFO: Run Behavior\ReadHtmlCacheBehavior [ RunTime:0.000667s ]
INFO: [ app_begin ] --END-- [ RunTime:0.000705s ]
INFO: [ app_end ] --START--
INFO: Run Behavior\ShowPageTraceBehavior [ RunTime:0.000808s ]
INFO: [ app_end ] --END-- [ RunTime:0.000847s ]

[ 2020-03-05T10:43:56+08:00 ] 127.0.0.1 /Admin/index/login
INFO: [ app_init ] --START--
INFO: Run Behavior\BuildLiteBehavior [ RunTime:0.000023s ]
INFO: [ app_init ] --END-- [ RunTime:0.000620s ]
INFO: [ app_begin ] --START--
INFO: Run Behavior\ReadHtmlCacheBehavior [ RunTime:0.000793s ]
INFO: [ app_begin ] --END-- [ RunTime:0.000841s ]
INFO: [ view_parse ] --START--
INFO: [ template_filter ] --START--
INFO: Run Behavior\ContentReplaceBehavior [ RunTime:0.000069s ]
INFO: [ template_filter ] --END-- [ RunTime:0.000133s ]
INFO: Run Behavior\ParseTemplateBehavior [ RunTime:0.006807s ]
INFO: [ view_parse ] --END-- [ RunTime:0.006842s ]
INFO: [ view_filter ] --START--
INFO: Run Behavior\WriteHtmlCacheBehavior [ RunTime:0.000557s ]
INFO: [ view_filter ] --END-- [ RunTime:0.000578s ]
INFO: [ app_end ] --START--
INFO: Run Behavior\ShowPageTraceBehavior [ RunTime:0.000777s ]
INFO: [ app_end ] --END-- [ RunTime:0.000806s ]

[ 2020-03-05T10:43:56+08:00 ] 127.0.0.1 /Admin/index/getVerify.html
INFO: [ app_init ] --START--
INFO: Run Behavior\BuildLiteBehavior [ RunTime:0.000010s ]
INFO: [ app_init ] --END-- [ RunTime:0.000615s ]
INFO: [ app_begin ] --START--
INFO: Run Behavior\ReadHtmlCacheBehavior [ RunTime:0.001020s ]
INFO: [ app_begin ] --END-- [ RunTime:0.001095s ]
INFO: [ app_end ] --START--
INFO: Run Behavior\ShowPageTraceBehavior [ RunTime:0.000695s ]
INFO: [ app_end ] --END-- [ RunTime:0.000751s ]

