[ 2020-03-06T10:45:42+08:00 ] 127.0.0.1 /Admin/index/getVerify/0.5895167038265225
INFO: [ app_init ] --START--
INFO: Run Behavior\BuildLiteBehavior [ RunTime:0.000007s ]
INFO: [ app_init ] --END-- [ RunTime:0.000817s ]
INFO: [ app_begin ] --START--
INFO: Run Behavior\ReadHtmlCacheBehavior [ RunTime:0.000873s ]
INFO: [ app_begin ] --END-- [ RunTime:0.000902s ]
INFO: [ app_end ] --START--
INFO: Run Behavior\ShowPageTraceBehavior [ RunTime:0.005405s ]
INFO: [ app_end ] --END-- [ RunTime:0.005443s ]

[ 2020-03-06T10:45:43+08:00 ] 127.0.0.1 /Admin/index/getVerify/0.7247497776687706
INFO: [ app_init ] --START--
INFO: Run Behavior\BuildLiteBehavior [ RunTime:0.000005s ]
INFO: [ app_init ] --END-- [ RunTime:0.000443s ]
INFO: [ app_begin ] --START--
INFO: Run Behavior\ReadHtmlCacheBehavior [ RunTime:0.000591s ]
INFO: [ app_begin ] --END-- [ RunTime:0.000613s ]
INFO: [ app_end ] --START--
INFO: Run Behavior\ShowPageTraceBehavior [ RunTime:0.000627s ]
INFO: [ app_end ] --END-- [ RunTime:0.000657s ]

[ 2020-03-06T10:45:44+08:00 ] 127.0.0.1 /Admin/index/getVerify/0.7736300124946125
INFO: [ app_init ] --START--
INFO: Run Behavior\BuildLiteBehavior [ RunTime:0.000005s ]
INFO: [ app_init ] --END-- [ RunTime:0.000472s ]
INFO: [ app_begin ] --START--
INFO: Run Behavior\ReadHtmlCacheBehavior [ RunTime:0.000562s ]
INFO: [ app_begin ] --END-- [ RunTime:0.000591s ]
INFO: [ app_end ] --START--
INFO: Run Behavior\ShowPageTraceBehavior [ RunTime:0.000570s ]
INFO: [ app_end ] --END-- [ RunTime:0.000598s ]

[ 2020-03-06T10:45:45+08:00 ] 127.0.0.1 /Admin/index/getVerify/0.6388277840153906
INFO: [ app_init ] --START--
INFO: Run Behavior\BuildLiteBehavior [ RunTime:0.000008s ]
INFO: [ app_init ] --END-- [ RunTime:0.000701s ]
INFO: [ app_begin ] --START--
INFO: Run Behavior\ReadHtmlCacheBehavior [ RunTime:0.000631s ]
INFO: [ app_begin ] --END-- [ RunTime:0.000671s ]
INFO: [ app_end ] --START--
INFO: Run Behavior\ShowPageTraceBehavior [ RunTime:0.000658s ]
INFO: [ app_end ] --END-- [ RunTime:0.000686s ]

[ 2020-03-06T10:45:48+08:00 ] 127.0.0.1 /Admin/index/getVerify/0.06463914599345633
INFO: [ app_init ] --START--
INFO: Run Behavior\BuildLiteBehavior [ RunTime:0.000006s ]
INFO: [ app_init ] --END-- [ RunTime:0.000404s ]
INFO: [ app_begin ] --START--
INFO: Run Behavior\ReadHtmlCacheBehavior [ RunTime:0.000527s ]
INFO: [ app_begin ] --END-- [ RunTime:0.000550s ]
INFO: [ app_end ] --START--
INFO: Run Behavior\ShowPageTraceBehavior [ RunTime:0.000737s ]
INFO: [ app_end ] --END-- [ RunTime:0.000770s ]

[ 2020-03-06T10:45:49+08:00 ] 127.0.0.1 /Admin/index/getVerify/0.27728485594432484
INFO: [ app_init ] --START--
INFO: Run Behavior\BuildLiteBehavior [ RunTime:0.000006s ]
INFO: [ app_init ] --END-- [ RunTime:0.000403s ]
INFO: [ app_begin ] --START--
INFO: Run Behavior\ReadHtmlCacheBehavior [ RunTime:0.000530s ]
INFO: [ app_begin ] --END-- [ RunTime:0.000554s ]
INFO: [ app_end ] --START--
INFO: Run Behavior\ShowPageTraceBehavior [ RunTime:0.000548s ]
INFO: [ app_end ] --END-- [ RunTime:0.000573s ]

[ 2020-03-06T10:45:50+08:00 ] 127.0.0.1 /Admin/index/getVerify/0.8690931238467898
INFO: [ app_init ] --START--
INFO: Run Behavior\BuildLiteBehavior [ RunTime:0.000006s ]
INFO: [ app_init ] --END-- [ RunTime:0.000407s ]
INFO: [ app_begin ] --START--
INFO: Run Behavior\ReadHtmlCacheBehavior [ RunTime:0.000525s ]
INFO: [ app_begin ] --END-- [ RunTime:0.000548s ]
INFO: [ app_end ] --START--
INFO: Run Behavior\ShowPageTraceBehavior [ RunTime:0.000593s ]
INFO: [ app_end ] --END-- [ RunTime:0.000618s ]

[ 2020-03-06T10:45:56+08:00 ] 127.0.0.1 /Admin/AdminUser/login
INFO: [ app_init ] --START--
INFO: Run Behavior\BuildLiteBehavior [ RunTime:0.000006s ]
INFO: [ app_init ] --END-- [ RunTime:0.000407s ]
INFO: [ app_begin ] --START--
INFO: Run Behavior\ReadHtmlCacheBehavior [ RunTime:0.000527s ]
INFO: [ app_begin ] --END-- [ RunTime:0.000554s ]
SQL: SHOW COLUMNS FROM `customer_admin_user` [ RunTime:0.0385s ]
SQL: SELECT `id`,`user`,`pwd`,`user_name`,`exa_juris` FROM `customer_admin_user` WHERE `user` = 'zhuyunfei' AND `pwd` = '3e7ef2d52d4916ea428fd42daebd4a16' LIMIT 1   [ RunTime:0.0382s ]
SQL: SHOW COLUMNS FROM `customer_admin_user_record` [ RunTime:0.0385s ]
SQL: UPDATE `customer_admin_user_record` SET `session`='plekdtf9j63onarf4rchg8h2v6' WHERE `uid` = 2 [ RunTime:0.0396s ]
INFO: [ app_end ] --START--
INFO: Run Behavior\ShowPageTraceBehavior [ RunTime:0.000847s ]
INFO: [ app_end ] --END-- [ RunTime:0.000896s ]

[ 2020-03-06T10:45:57+08:00 ] 127.0.0.1 /Admin/index/index
INFO: [ app_init ] --START--
INFO: Run Behavior\BuildLiteBehavior [ RunTime:0.000006s ]
INFO: [ app_init ] --END-- [ RunTime:0.000428s ]
INFO: [ app_begin ] --START--
INFO: Run Behavior\ReadHtmlCacheBehavior [ RunTime:0.000661s ]
INFO: [ app_begin ] --END-- [ RunTime:0.000685s ]
SQL: SHOW COLUMNS FROM `customer_admin_user_record` [ RunTime:0.0460s ]
SQL: SELECT `session` FROM `customer_admin_user_record` WHERE `uid` = 2 LIMIT 1   [ RunTime:0.0379s ]
SQL: SELECT `session` FROM `customer_admin_user_record` WHERE `uid` = 2 LIMIT 1   [ RunTime:0.0416s ]
SQL: SHOW COLUMNS FROM `customer_admin_menu` [ RunTime:0.0392s ]
SQL: SELECT * FROM `customer_admin_menu` WHERE ( pid=0 )  [ RunTime:0.0399s ]
SQL: SELECT * FROM `customer_admin_menu` WHERE ( pid=19 )  [ RunTime:0.0417s ]
SQL: SELECT * FROM `customer_admin_menu` WHERE ( pid=22 )  [ RunTime:0.0422s ]
SQL: SELECT * FROM `customer_admin_menu` WHERE ( pid=36 )  [ RunTime:0.0379s ]
INFO: [ view_parse ] --START--
INFO: [ template_filter ] --START--
INFO: Run Behavior\ContentReplaceBehavior [ RunTime:0.000049s ]
INFO: [ template_filter ] --END-- [ RunTime:0.000077s ]
INFO: Run Behavior\ParseTemplateBehavior [ RunTime:0.040500s ]
INFO: [ view_parse ] --END-- [ RunTime:0.040528s ]
INFO: [ view_filter ] --START--
INFO: Run Behavior\WriteHtmlCacheBehavior [ RunTime:0.007148s ]
INFO: [ view_filter ] --END-- [ RunTime:0.007170s ]
INFO: [ app_end ] --START--
INFO: Run Behavior\ShowPageTraceBehavior [ RunTime:0.000627s ]
INFO: [ app_end ] --END-- [ RunTime:0.000647s ]

[ 2020-03-06T10:45:57+08:00 ] 127.0.0.1 /Admin/index/main
INFO: [ app_init ] --START--
INFO: Run Behavior\BuildLiteBehavior [ RunTime:0.000008s ]
INFO: [ app_init ] --END-- [ RunTime:0.000483s ]
INFO: [ app_begin ] --START--
INFO: Run Behavior\ReadHtmlCacheBehavior [ RunTime:0.001171s ]
INFO: [ app_begin ] --END-- [ RunTime:0.001222s ]
SQL: SHOW COLUMNS FROM `customer_admin_user_record` [ RunTime:0.0392s ]
SQL: SELECT `session` FROM `customer_admin_user_record` WHERE `uid` = 2 LIMIT 1   [ RunTime:0.0393s ]
INFO: [ view_parse ] --START--
INFO: [ template_filter ] --START--
INFO: Run Behavior\ContentReplaceBehavior [ RunTime:0.000058s ]
INFO: [ template_filter ] --END-- [ RunTime:0.000101s ]
NOTIC: [8] Undefined index: SYSTEMROOT E:\xampp\htdocs\customer\Application\Runtime\Cache\Admin\65a1f94348fbcf8ea0b7b04e37c32a89.php 第 110 行.
NOTIC: [8] Undefined index: PHP_FCGI_MAX_REQUESTS E:\xampp\htdocs\customer\Application\Runtime\Cache\Admin\65a1f94348fbcf8ea0b7b04e37c32a89.php 第 115 行.
NOTIC: [8] Undefined index: _FCGI_SHUTDOWN_EVENT_ E:\xampp\htdocs\customer\Application\Runtime\Cache\Admin\65a1f94348fbcf8ea0b7b04e37c32a89.php 第 117 行.
NOTIC: [8] Undefined index: HTTP_ACCERT E:\xampp\htdocs\customer\Application\Runtime\Cache\Admin\65a1f94348fbcf8ea0b7b04e37c32a89.php 第 163 行.
NOTIC: [8] Undefined index: FCGI_ROLE E:\xampp\htdocs\customer\Application\Runtime\Cache\Admin\65a1f94348fbcf8ea0b7b04e37c32a89.php 第 175 行.
INFO: Run Behavior\ParseTemplateBehavior [ RunTime:0.030056s ]
INFO: [ view_parse ] --END-- [ RunTime:0.030102s ]
INFO: [ view_filter ] --START--
INFO: Run Behavior\WriteHtmlCacheBehavior [ RunTime:0.001684s ]
INFO: [ view_filter ] --END-- [ RunTime:0.001795s ]
INFO: [ app_end ] --START--
INFO: Run Behavior\ShowPageTraceBehavior [ RunTime:0.003415s ]
INFO: [ app_end ] --END-- [ RunTime:0.003514s ]

[ 2020-03-06T10:46:00+08:00 ] 127.0.0.1 /Admin/index/mindManage
INFO: [ app_init ] --START--
INFO: Run Behavior\BuildLiteBehavior [ RunTime:0.000006s ]
INFO: [ app_init ] --END-- [ RunTime:0.000437s ]
INFO: [ app_begin ] --START--
INFO: Run Behavior\ReadHtmlCacheBehavior [ RunTime:0.000531s ]
INFO: [ app_begin ] --END-- [ RunTime:0.000572s ]
SQL: SHOW COLUMNS FROM `customer_admin_user_record` [ RunTime:0.0389s ]
SQL: SELECT `session` FROM `customer_admin_user_record` WHERE `uid` = 2 LIMIT 1   [ RunTime:0.0386s ]
SQL: SHOW COLUMNS FROM `customer_user_pid` [ RunTime:0.0389s ]
SQL: SELECT `uid` FROM `customer_user_pid` WHERE ( pid = 1 )  [ RunTime:0.0384s ]
SQL: SELECT `session` FROM `customer_admin_user_record` WHERE `uid` = 2 LIMIT 1   [ RunTime:0.0383s ]
SQL: SHOW COLUMNS FROM `customer_mind_user` [ RunTime:0.0391s ]
SQL: SELECT * FROM customer_mind_user as a WHERE a.admin_id = '2' ORDER BY create_time DESC LIMIT 0,10   [ RunTime:0.0392s ]
SQL: SHOW COLUMNS FROM `customer_mind_user` [ RunTime:0.0389s ]
SQL: SELECT COUNT(*) AS tp_count FROM `customer_mind_user` WHERE `admin_id` = 2 LIMIT 1   [ RunTime:0.0384s ]
SQL: SELECT `session` FROM `customer_admin_user_record` WHERE `uid` = 2 LIMIT 1   [ RunTime:0.0385s ]
SQL: SHOW COLUMNS FROM `customer_index_menu` [ RunTime:0.0391s ]
SQL: SELECT * FROM `customer_index_menu` WHERE `pid` = 0  [ RunTime:0.0386s ]
SQL: SELECT * FROM `customer_index_menu` WHERE `pid` = 2  [ RunTime:0.0387s ]
SQL: SELECT * FROM `customer_index_menu` WHERE `pid` = 3  [ RunTime:0.0385s ]
SQL: SELECT * FROM `customer_index_menu` WHERE `pid` = 4  [ RunTime:0.0386s ]
SQL: SELECT * FROM `customer_index_menu` WHERE `pid` = 5  [ RunTime:0.0385s ]
SQL: SELECT * FROM `customer_index_menu` WHERE `pid` = 9  [ RunTime:0.0386s ]
SQL: SELECT * FROM `customer_index_menu` WHERE `pid` = 6  [ RunTime:0.0386s ]
SQL: SELECT * FROM `customer_index_menu` WHERE `pid` = 18  [ RunTime:0.0385s ]
INFO: [ view_parse ] --START--
INFO: [ template_filter ] --START--
INFO: Run Behavior\ContentReplaceBehavior [ RunTime:0.000129s ]
INFO: [ template_filter ] --END-- [ RunTime:0.000155s ]
INFO: Run Behavior\ParseTemplateBehavior [ RunTime:0.060473s ]
INFO: [ view_parse ] --END-- [ RunTime:0.060499s ]
INFO: [ view_filter ] --START--
INFO: Run Behavior\WriteHtmlCacheBehavior [ RunTime:0.000531s ]
INFO: [ view_filter ] --END-- [ RunTime:0.000550s ]
INFO: [ app_end ] --START--
INFO: Run Behavior\ShowPageTraceBehavior [ RunTime:0.000823s ]
INFO: [ app_end ] --END-- [ RunTime:0.000868s ]

[ 2020-03-06T10:46:07+08:00 ] 127.0.0.1 /Admin/Index/dealManage
INFO: [ app_init ] --START--
INFO: Run Behavior\BuildLiteBehavior [ RunTime:0.000005s ]
INFO: [ app_init ] --END-- [ RunTime:0.000400s ]
INFO: [ app_begin ] --START--
INFO: Run Behavior\ReadHtmlCacheBehavior [ RunTime:0.000600s ]
INFO: [ app_begin ] --END-- [ RunTime:0.000624s ]
SQL: SHOW COLUMNS FROM `customer_user_pid` [ RunTime:0.0461s ]
SQL: SELECT `uid` FROM `customer_user_pid` WHERE ( pid = 1 )  [ RunTime:0.0394s ]
SQL: SHOW COLUMNS FROM `customer_deal_user` [ RunTime:0.0446s ]
SQL: SELECT * FROM customer_deal_user as s WHERE s.admin_id = '2' ORDER BY s.id DESC LIMIT 0,10   [ RunTime:0.0403s ]
SQL: SHOW COLUMNS FROM `customer_deal_user` [ RunTime:0.0429s ]
SQL: SELECT COUNT(*) AS tp_count FROM `customer_deal_user` WHERE `admin_id` = 2 LIMIT 1   [ RunTime:0.0417s ]
INFO: [ view_parse ] --START--
INFO: [ template_filter ] --START--
INFO: Run Behavior\ContentReplaceBehavior [ RunTime:0.000078s ]
INFO: [ template_filter ] --END-- [ RunTime:0.000138s ]
NOTIC: [8] Undefined variable: current_url E:\xampp\htdocs\customer\Application\Runtime\Cache\Admin\4e97cd0a27de6bf3b88df62786a5a09c.php 第 66 行.
INFO: Run Behavior\ParseTemplateBehavior [ RunTime:0.030324s ]
INFO: [ view_parse ] --END-- [ RunTime:0.030389s ]
INFO: [ view_filter ] --START--
INFO: Run Behavior\WriteHtmlCacheBehavior [ RunTime:0.000462s ]
INFO: [ view_filter ] --END-- [ RunTime:0.000498s ]
INFO: [ app_end ] --START--
INFO: Run Behavior\ShowPageTraceBehavior [ RunTime:0.000604s ]
INFO: [ app_end ] --END-- [ RunTime:0.000622s ]

[ 2020-03-06T10:46:24+08:00 ] 127.0.0.1 /Admin/index/mindManage
INFO: [ app_init ] --START--
INFO: Run Behavior\BuildLiteBehavior [ RunTime:0.000006s ]
INFO: [ app_init ] --END-- [ RunTime:0.000414s ]
INFO: [ app_begin ] --START--
INFO: Run Behavior\ReadHtmlCacheBehavior [ RunTime:0.000579s ]
INFO: [ app_begin ] --END-- [ RunTime:0.000603s ]
SQL: SHOW COLUMNS FROM `customer_admin_user_record` [ RunTime:0.0400s ]
SQL: SELECT `session` FROM `customer_admin_user_record` WHERE `uid` = 2 LIMIT 1   [ RunTime:0.0402s ]
SQL: SHOW COLUMNS FROM `customer_user_pid` [ RunTime:0.0397s ]
SQL: SELECT `uid` FROM `customer_user_pid` WHERE ( pid = 1 )  [ RunTime:0.0394s ]
SQL: SELECT `session` FROM `customer_admin_user_record` WHERE `uid` = 2 LIMIT 1   [ RunTime:0.0397s ]
SQL: SHOW COLUMNS FROM `customer_mind_user` [ RunTime:0.0403s ]
SQL: SELECT * FROM customer_mind_user as a WHERE a.admin_id = '2' ORDER BY create_time DESC LIMIT 0,10   [ RunTime:0.0406s ]
SQL: SHOW COLUMNS FROM `customer_mind_user` [ RunTime:0.0400s ]
SQL: SELECT COUNT(*) AS tp_count FROM `customer_mind_user` WHERE `admin_id` = 2 LIMIT 1   [ RunTime:0.0393s ]
SQL: SELECT `session` FROM `customer_admin_user_record` WHERE `uid` = 2 LIMIT 1   [ RunTime:0.0394s ]
SQL: SHOW COLUMNS FROM `customer_index_menu` [ RunTime:0.0400s ]
SQL: SELECT * FROM `customer_index_menu` WHERE `pid` = 0  [ RunTime:0.0396s ]
SQL: SELECT * FROM `customer_index_menu` WHERE `pid` = 2  [ RunTime:0.0396s ]
SQL: SELECT * FROM `customer_index_menu` WHERE `pid` = 3  [ RunTime:0.0406s ]
SQL: SELECT * FROM `customer_index_menu` WHERE `pid` = 4  [ RunTime:0.0396s ]
SQL: SELECT * FROM `customer_index_menu` WHERE `pid` = 5  [ RunTime:0.0399s ]
SQL: SELECT * FROM `customer_index_menu` WHERE `pid` = 9  [ RunTime:0.0398s ]
SQL: SELECT * FROM `customer_index_menu` WHERE `pid` = 6  [ RunTime:0.0396s ]
SQL: SELECT * FROM `customer_index_menu` WHERE `pid` = 18  [ RunTime:0.0435s ]
INFO: [ view_parse ] --START--
INFO: [ template_filter ] --START--
INFO: Run Behavior\ContentReplaceBehavior [ RunTime:0.000247s ]
INFO: [ template_filter ] --END-- [ RunTime:0.000294s ]
INFO: Run Behavior\ParseTemplateBehavior [ RunTime:0.009671s ]
INFO: [ view_parse ] --END-- [ RunTime:0.009701s ]
INFO: [ view_filter ] --START--
INFO: Run Behavior\WriteHtmlCacheBehavior [ RunTime:0.000519s ]
INFO: [ view_filter ] --END-- [ RunTime:0.000540s ]
INFO: [ app_end ] --START--
INFO: Run Behavior\ShowPageTraceBehavior [ RunTime:0.000864s ]
INFO: [ app_end ] --END-- [ RunTime:0.000912s ]

[ 2020-03-06T10:46:41+08:00 ] 127.0.0.1 /Admin/index/addArticle.html
INFO: [ app_init ] --START--
INFO: Run Behavior\BuildLiteBehavior [ RunTime:0.000007s ]
INFO: [ app_init ] --END-- [ RunTime:0.000449s ]
INFO: [ app_begin ] --START--
INFO: Run Behavior\ReadHtmlCacheBehavior [ RunTime:0.000628s ]
INFO: [ app_begin ] --END-- [ RunTime:0.000653s ]
SQL: SHOW COLUMNS FROM `customer_admin_user_record` [ RunTime:0.0382s ]
SQL: SELECT `session` FROM `customer_admin_user_record` WHERE `uid` = 2 LIMIT 1   [ RunTime:0.0380s ]
SQL: SELECT `session` FROM `customer_admin_user_record` WHERE `uid` = 2 LIMIT 1   [ RunTime:0.0378s ]
SQL: SHOW COLUMNS FROM `customer_index_menu` [ RunTime:0.0382s ]
SQL: SELECT * FROM `customer_index_menu` WHERE `pid` = 0  [ RunTime:0.0383s ]
SQL: SELECT * FROM `customer_index_menu` WHERE `pid` = 2  [ RunTime:0.0392s ]
SQL: SELECT * FROM `customer_index_menu` WHERE `pid` = 3  [ RunTime:0.0387s ]
SQL: SELECT * FROM `customer_index_menu` WHERE `pid` = 4  [ RunTime:0.0380s ]
SQL: SELECT * FROM `customer_index_menu` WHERE `pid` = 5  [ RunTime:0.0380s ]
SQL: SELECT * FROM `customer_index_menu` WHERE `pid` = 9  [ RunTime:0.0379s ]
SQL: SELECT * FROM `customer_index_menu` WHERE `pid` = 6  [ RunTime:0.0380s ]
SQL: SELECT * FROM `customer_index_menu` WHERE `pid` = 18  [ RunTime:0.0379s ]
INFO: [ view_parse ] --START--
INFO: [ template_filter ] --START--
INFO: Run Behavior\ContentReplaceBehavior [ RunTime:0.000101s ]
INFO: [ template_filter ] --END-- [ RunTime:0.000131s ]
INFO: Run Behavior\ParseTemplateBehavior [ RunTime:0.053817s ]
INFO: [ view_parse ] --END-- [ RunTime:0.053843s ]
INFO: [ view_filter ] --START--
INFO: Run Behavior\WriteHtmlCacheBehavior [ RunTime:0.000407s ]
INFO: [ view_filter ] --END-- [ RunTime:0.000426s ]
INFO: [ app_end ] --START--
INFO: Run Behavior\ShowPageTraceBehavior [ RunTime:0.000900s ]
INFO: [ app_end ] --END-- [ RunTime:0.000934s ]

[ 2020-03-06T10:46:41+08:00 ] 127.0.0.1 /admin/index/plupload
INFO: [ app_init ] --START--
INFO: Run Behavior\BuildLiteBehavior [ RunTime:0.000009s ]
INFO: [ app_init ] --END-- [ RunTime:0.000634s ]
INFO: [ app_begin ] --START--
INFO: Run Behavior\ReadHtmlCacheBehavior [ RunTime:0.000809s ]
INFO: [ app_begin ] --END-- [ RunTime:0.000851s ]
SQL: SHOW COLUMNS FROM `customer_admin_user_record` [ RunTime:0.0396s ]
SQL: SELECT `session` FROM `customer_admin_user_record` WHERE `uid` = 2 LIMIT 1   [ RunTime:0.0394s ]
INFO: [ view_parse ] --START--
INFO: [ template_filter ] --START--
INFO: Run Behavior\ContentReplaceBehavior [ RunTime:0.000029s ]
INFO: [ template_filter ] --END-- [ RunTime:0.000056s ]
INFO: Run Behavior\ParseTemplateBehavior [ RunTime:0.023142s ]
INFO: [ view_parse ] --END-- [ RunTime:0.023189s ]
INFO: [ view_filter ] --START--
INFO: Run Behavior\WriteHtmlCacheBehavior [ RunTime:0.000398s ]
INFO: [ view_filter ] --END-- [ RunTime:0.000416s ]
INFO: [ app_end ] --START--
INFO: Run Behavior\ShowPageTraceBehavior [ RunTime:0.000790s ]
INFO: [ app_end ] --END-- [ RunTime:0.000810s ]

[ 2020-03-06T10:46:41+08:00 ] 127.0.0.1 /admin/index/plupload
INFO: [ app_init ] --START--
INFO: Run Behavior\BuildLiteBehavior [ RunTime:0.000008s ]
INFO: [ app_init ] --END-- [ RunTime:0.000547s ]
INFO: [ app_begin ] --START--
INFO: Run Behavior\ReadHtmlCacheBehavior [ RunTime:0.000620s ]
INFO: [ app_begin ] --END-- [ RunTime:0.000647s ]
SQL: SHOW COLUMNS FROM `customer_admin_user_record` [ RunTime:0.0382s ]
SQL: SELECT `session` FROM `customer_admin_user_record` WHERE `uid` = 2 LIMIT 1   [ RunTime:0.0381s ]
INFO: [ view_parse ] --START--
INFO: [ template_filter ] --START--
INFO: Run Behavior\ContentReplaceBehavior [ RunTime:0.000029s ]
INFO: [ template_filter ] --END-- [ RunTime:0.000055s ]
INFO: Run Behavior\ParseTemplateBehavior [ RunTime:0.005709s ]
INFO: [ view_parse ] --END-- [ RunTime:0.005737s ]
INFO: [ view_filter ] --START--
INFO: Run Behavior\WriteHtmlCacheBehavior [ RunTime:0.000499s ]
INFO: [ view_filter ] --END-- [ RunTime:0.000518s ]
INFO: [ app_end ] --START--
INFO: Run Behavior\ShowPageTraceBehavior [ RunTime:0.000594s ]
INFO: [ app_end ] --END-- [ RunTime:0.000613s ]

[ 2020-03-06T10:46:49+08:00 ] 127.0.0.1 /Admin/Index/dealManage
INFO: [ app_init ] --START--
INFO: Run Behavior\BuildLiteBehavior [ RunTime:0.000005s ]
INFO: [ app_init ] --END-- [ RunTime:0.000400s ]
INFO: [ app_begin ] --START--
INFO: Run Behavior\ReadHtmlCacheBehavior [ RunTime:0.000556s ]
INFO: [ app_begin ] --END-- [ RunTime:0.000579s ]
SQL: SHOW COLUMNS FROM `customer_user_pid` [ RunTime:0.0395s ]
SQL: SELECT `uid` FROM `customer_user_pid` WHERE ( pid = 1 )  [ RunTime:0.0391s ]
SQL: SHOW COLUMNS FROM `customer_deal_user` [ RunTime:0.0396s ]
SQL: SELECT * FROM customer_deal_user as s WHERE s.admin_id = '2' ORDER BY s.id DESC LIMIT 0,10   [ RunTime:0.0397s ]
SQL: SHOW COLUMNS FROM `customer_deal_user` [ RunTime:0.0398s ]
SQL: SELECT COUNT(*) AS tp_count FROM `customer_deal_user` WHERE `admin_id` = 2 LIMIT 1   [ RunTime:0.0390s ]
INFO: [ view_parse ] --START--
INFO: [ template_filter ] --START--
INFO: Run Behavior\ContentReplaceBehavior [ RunTime:0.000037s ]
INFO: [ template_filter ] --END-- [ RunTime:0.000058s ]
NOTIC: [8] Undefined variable: current_url E:\xampp\htdocs\customer\Application\Runtime\Cache\Admin\4e97cd0a27de6bf3b88df62786a5a09c.php 第 66 行.
INFO: Run Behavior\ParseTemplateBehavior [ RunTime:0.005884s ]
INFO: [ view_parse ] --END-- [ RunTime:0.005905s ]
INFO: [ view_filter ] --START--
INFO: Run Behavior\WriteHtmlCacheBehavior [ RunTime:0.000391s ]
INFO: [ view_filter ] --END-- [ RunTime:0.000409s ]
INFO: [ app_end ] --START--
INFO: Run Behavior\ShowPageTraceBehavior [ RunTime:0.000605s ]
INFO: [ app_end ] --END-- [ RunTime:0.000624s ]

[ 2020-03-06T10:47:55+08:00 ] 127.0.0.1 /Admin/index/mindManage
INFO: [ app_init ] --START--
INFO: Run Behavior\BuildLiteBehavior [ RunTime:0.000007s ]
INFO: [ app_init ] --END-- [ RunTime:0.000459s ]
INFO: [ app_begin ] --START--
INFO: Run Behavior\ReadHtmlCacheBehavior [ RunTime:0.000578s ]
INFO: [ app_begin ] --END-- [ RunTime:0.000602s ]
SQL: SHOW COLUMNS FROM `customer_admin_user_record` [ RunTime:0.0379s ]
SQL: SELECT `session` FROM `customer_admin_user_record` WHERE `uid` = 2 LIMIT 1   [ RunTime:0.0379s ]
SQL: SHOW COLUMNS FROM `customer_user_pid` [ RunTime:0.0378s ]
SQL: SELECT `uid` FROM `customer_user_pid` WHERE ( pid = 1 )  [ RunTime:0.0412s ]

[ 2020-03-06T10:48:07+08:00 ] 127.0.0.1 /Admin/index/mindManage
INFO: [ app_init ] --START--
INFO: Run Behavior\BuildLiteBehavior [ RunTime:0.000007s ]
INFO: [ app_init ] --END-- [ RunTime:0.000515s ]
INFO: [ app_begin ] --START--
INFO: Run Behavior\ReadHtmlCacheBehavior [ RunTime:0.000657s ]
INFO: [ app_begin ] --END-- [ RunTime:0.000684s ]
SQL: SHOW COLUMNS FROM `customer_admin_user_record` [ RunTime:0.0401s ]
SQL: SELECT `session` FROM `customer_admin_user_record` WHERE `uid` = 2 LIMIT 1   [ RunTime:0.0399s ]
SQL: SHOW COLUMNS FROM `customer_user_pid` [ RunTime:0.0399s ]
SQL: SELECT `uid` FROM `customer_user_pid` WHERE ( pid = 1 )  [ RunTime:0.0397s ]

[ 2020-03-06T10:49:16+08:00 ] 127.0.0.1 /Admin/index/mindManage
INFO: [ app_init ] --START--
INFO: Run Behavior\BuildLiteBehavior [ RunTime:0.000007s ]
INFO: [ app_init ] --END-- [ RunTime:0.000452s ]
INFO: [ app_begin ] --START--
INFO: Run Behavior\ReadHtmlCacheBehavior [ RunTime:0.000554s ]
INFO: [ app_begin ] --END-- [ RunTime:0.000596s ]
SQL: SHOW COLUMNS FROM `customer_admin_user_record` [ RunTime:0.0393s ]
SQL: SELECT `session` FROM `customer_admin_user_record` WHERE `uid` = 2 LIMIT 1   [ RunTime:0.0385s ]
SQL: SHOW COLUMNS FROM `customer_user_pid` [ RunTime:0.0389s ]
SQL: SELECT `uid` FROM `customer_user_pid` WHERE ( pid = 1 )  [ RunTime:0.0386s ]
SQL: SELECT `session` FROM `customer_admin_user_record` WHERE `uid` = 2 LIMIT 1   [ RunTime:0.0387s ]
NOTIC: [2] Illegal string offset 'uid' E:\xampp\htdocs\customer\Application\Admin\Controller\IndexController.class.php 第 61 行.
SQL: SHOW COLUMNS FROM `customer_mind_user` [ RunTime:0.0393s ]
SQL: SELECT * FROM customer_mind_user as a WHERE a.admin_id = '2' ORDER BY create_time DESC LIMIT 0,10   [ RunTime:0.0393s ]

[ 2020-03-06T11:04:53+08:00 ] 127.0.0.1 /Admin/index/mindManage
INFO: [ app_init ] --START--
INFO: Run Behavior\BuildLiteBehavior [ RunTime:0.000008s ]
INFO: [ app_init ] --END-- [ RunTime:0.000473s ]
INFO: [ app_begin ] --START--
INFO: Run Behavior\ReadHtmlCacheBehavior [ RunTime:0.000930s ]
INFO: [ app_begin ] --END-- [ RunTime:0.000983s ]
SQL: SHOW COLUMNS FROM `customer_admin_user_record` [ RunTime:0.0405s ]
SQL: SELECT `session` FROM `customer_admin_user_record` WHERE `uid` = 2 LIMIT 1   [ RunTime:0.0403s ]
SQL: SHOW COLUMNS FROM `customer_user_pid` [ RunTime:0.0407s ]
SQL: SELECT `uid` FROM `customer_user_pid` WHERE ( pid = 2 )  [ RunTime:0.0402s ]

[ 2020-03-06T11:08:24+08:00 ] 127.0.0.1 /Admin/index/mindManage
INFO: [ app_init ] --START--
INFO: Run Behavior\BuildLiteBehavior [ RunTime:0.000007s ]
INFO: [ app_init ] --END-- [ RunTime:0.000472s ]
INFO: [ app_begin ] --START--
INFO: Run Behavior\ReadHtmlCacheBehavior [ RunTime:0.000636s ]
INFO: [ app_begin ] --END-- [ RunTime:0.000661s ]
SQL: SHOW COLUMNS FROM `customer_admin_user_record` [ RunTime:0.0402s ]
SQL: SELECT `session` FROM `customer_admin_user_record` WHERE `uid` = 2 LIMIT 1   [ RunTime:0.0397s ]
SQL: SHOW COLUMNS FROM `customer_user_pid` [ RunTime:0.0400s ]
SQL: SELECT `uid` FROM `customer_user_pid` WHERE ( pid = 2 )  [ RunTime:0.0397s ]

[ 2020-03-06T11:08:58+08:00 ] 127.0.0.1 /Admin/index/mindManage
INFO: [ app_init ] --START--
INFO: Run Behavior\BuildLiteBehavior [ RunTime:0.000027s ]
INFO: [ app_init ] --END-- [ RunTime:0.000965s ]
INFO: [ app_begin ] --START--
INFO: Run Behavior\ReadHtmlCacheBehavior [ RunTime:0.000588s ]
INFO: [ app_begin ] --END-- [ RunTime:0.000619s ]
SQL: SHOW COLUMNS FROM `customer_admin_user_record` [ RunTime:0.0403s ]
SQL: SELECT `session` FROM `customer_admin_user_record` WHERE `uid` = 2 LIMIT 1   [ RunTime:0.0398s ]
SQL: SHOW COLUMNS FROM `customer_user_pid` [ RunTime:0.0573s ]
SQL: SELECT `uid` FROM `customer_user_pid` WHERE ( pid = 2 )  [ RunTime:0.0458s ]

[ 2020-03-06T11:09:30+08:00 ] 127.0.0.1 /Admin/index/mindManage
INFO: [ app_init ] --START--
INFO: Run Behavior\BuildLiteBehavior [ RunTime:0.000010s ]
INFO: [ app_init ] --END-- [ RunTime:0.000611s ]
INFO: [ app_begin ] --START--
INFO: Run Behavior\ReadHtmlCacheBehavior [ RunTime:0.000592s ]
INFO: [ app_begin ] --END-- [ RunTime:0.000616s ]
SQL: SHOW COLUMNS FROM `customer_admin_user_record` [ RunTime:0.0388s ]
SQL: SELECT `session` FROM `customer_admin_user_record` WHERE `uid` = 2 LIMIT 1   [ RunTime:0.0383s ]
SQL: SHOW COLUMNS FROM `customer_user_pid` [ RunTime:0.0385s ]
SQL: SELECT `uid` FROM `customer_user_pid` WHERE ( pid = 2 )  [ RunTime:0.0381s ]

[ 2020-03-06T11:14:05+08:00 ] 127.0.0.1 /Admin/index/mindManage
INFO: [ app_init ] --START--
INFO: Run Behavior\BuildLiteBehavior [ RunTime:0.000013s ]
INFO: [ app_init ] --END-- [ RunTime:0.000703s ]
INFO: [ app_begin ] --START--
INFO: Run Behavior\ReadHtmlCacheBehavior [ RunTime:0.001271s ]
INFO: [ app_begin ] --END-- [ RunTime:0.001327s ]
SQL: SHOW COLUMNS FROM `customer_admin_user_record` [ RunTime:0.0399s ]
SQL: SELECT `session` FROM `customer_admin_user_record` WHERE `uid` = 2 LIMIT 1   [ RunTime:0.0395s ]
SQL: SHOW COLUMNS FROM `customer_user_pid` [ RunTime:0.0397s ]
SQL: SELECT `uid` FROM `customer_user_pid` WHERE ( pid = 2 )  [ RunTime:0.0394s ]

[ 2020-03-06T11:14:41+08:00 ] 127.0.0.1 /Admin/index/mindManage
INFO: [ app_init ] --START--
INFO: Run Behavior\BuildLiteBehavior [ RunTime:0.000030s ]
INFO: [ app_init ] --END-- [ RunTime:0.001096s ]
INFO: [ app_begin ] --START--
INFO: Run Behavior\ReadHtmlCacheBehavior [ RunTime:0.000648s ]
INFO: [ app_begin ] --END-- [ RunTime:0.000682s ]
SQL: SHOW COLUMNS FROM `customer_admin_user_record` [ RunTime:0.0393s ]
SQL: SELECT `session` FROM `customer_admin_user_record` WHERE `uid` = 2 LIMIT 1   [ RunTime:0.0390s ]
SQL: SHOW COLUMNS FROM `customer_user_pid` [ RunTime:0.0396s ]
SQL: SELECT `uid` FROM `customer_user_pid` WHERE ( pid = 2 )  [ RunTime:0.0389s ]

[ 2020-03-06T11:16:48+08:00 ] 127.0.0.1 /Admin/index/mindManage
INFO: [ app_init ] --START--
INFO: Run Behavior\BuildLiteBehavior [ RunTime:0.000010s ]
INFO: [ app_init ] --END-- [ RunTime:0.000749s ]
INFO: [ app_begin ] --START--
INFO: Run Behavior\ReadHtmlCacheBehavior [ RunTime:0.000746s ]
INFO: [ app_begin ] --END-- [ RunTime:0.000772s ]
SQL: SHOW COLUMNS FROM `customer_admin_user_record` [ RunTime:0.0400s ]
SQL: SELECT `session` FROM `customer_admin_user_record` WHERE `uid` = 2 LIMIT 1   [ RunTime:0.0396s ]
SQL: SHOW COLUMNS FROM `customer_user_pid` [ RunTime:0.0401s ]
SQL: SELECT `uid` FROM `customer_user_pid` WHERE ( pid = 2 )  [ RunTime:0.0396s ]

[ 2020-03-06T11:17:45+08:00 ] 127.0.0.1 /Admin/index/mindManage
INFO: [ app_init ] --START--
INFO: Run Behavior\BuildLiteBehavior [ RunTime:0.000008s ]
INFO: [ app_init ] --END-- [ RunTime:0.000663s ]
INFO: [ app_begin ] --START--
INFO: Run Behavior\ReadHtmlCacheBehavior [ RunTime:0.000703s ]
INFO: [ app_begin ] --END-- [ RunTime:0.000739s ]
SQL: SHOW COLUMNS FROM `customer_admin_user_record` [ RunTime:0.0403s ]
SQL: SELECT `session` FROM `customer_admin_user_record` WHERE `uid` = 2 LIMIT 1   [ RunTime:0.0400s ]
SQL: SHOW COLUMNS FROM `customer_user_pid` [ RunTime:0.0400s ]
SQL: SELECT `uid` FROM `customer_user_pid` WHERE ( pid = 2 )  [ RunTime:0.0397s ]
SQL: SELECT `session` FROM `customer_admin_user_record` WHERE `uid` = 2 LIMIT 1   [ RunTime:0.0397s ]
SQL: SHOW COLUMNS FROM `customer_mind_user` [ RunTime:0.0406s ]
SQL: SELECT * FROM customer_mind_user as a WHERE a.admin_id = '11' ORDER BY create_time DESC LIMIT 0,10   [ RunTime:0.0402s ]
SQL: SELECT * FROM customer_mind_user as a WHERE a.admin_id = '12' ORDER BY create_time DESC LIMIT 0,10   [ RunTime:0.0403s ]
SQL: SELECT * FROM customer_mind_user as a WHERE a.admin_id = '13' ORDER BY create_time DESC LIMIT 0,10   [ RunTime:0.0401s ]
SQL: SELECT * FROM customer_mind_user as a WHERE a.admin_id = '2' ORDER BY create_time DESC LIMIT 0,10   [ RunTime:0.0401s ]
SQL: SHOW COLUMNS FROM `customer_mind_user` [ RunTime:0.0402s ]
SQL: SELECT COUNT(*) AS tp_count FROM `customer_mind_user` WHERE `admin_id` = 2 LIMIT 1   [ RunTime:0.0396s ]
SQL: SELECT `session` FROM `customer_admin_user_record` WHERE `uid` = 2 LIMIT 1   [ RunTime:0.0399s ]
SQL: SHOW COLUMNS FROM `customer_index_menu` [ RunTime:0.0401s ]
SQL: SELECT * FROM `customer_index_menu` WHERE `pid` = 0  [ RunTime:0.0396s ]
SQL: SELECT * FROM `customer_index_menu` WHERE `pid` = 2  [ RunTime:0.0397s ]
SQL: SELECT * FROM `customer_index_menu` WHERE `pid` = 3  [ RunTime:0.0397s ]
SQL: SELECT * FROM `customer_index_menu` WHERE `pid` = 4  [ RunTime:0.0396s ]
SQL: SELECT * FROM `customer_index_menu` WHERE `pid` = 5  [ RunTime:0.0396s ]
SQL: SELECT * FROM `customer_index_menu` WHERE `pid` = 9  [ RunTime:0.0396s ]
SQL: SELECT * FROM `customer_index_menu` WHERE `pid` = 6  [ RunTime:0.0396s ]
SQL: SELECT * FROM `customer_index_menu` WHERE `pid` = 18  [ RunTime:0.0395s ]
INFO: [ view_parse ] --START--
INFO: [ template_filter ] --START--
INFO: Run Behavior\ContentReplaceBehavior [ RunTime:0.000164s ]
INFO: [ template_filter ] --END-- [ RunTime:0.000187s ]
INFO: Run Behavior\ParseTemplateBehavior [ RunTime:0.009669s ]
INFO: [ view_parse ] --END-- [ RunTime:0.009692s ]
INFO: [ view_filter ] --START--
INFO: Run Behavior\WriteHtmlCacheBehavior [ RunTime:0.000541s ]
INFO: [ view_filter ] --END-- [ RunTime:0.000559s ]
INFO: [ app_end ] --START--
INFO: Run Behavior\ShowPageTraceBehavior [ RunTime:0.000912s ]
INFO: [ app_end ] --END-- [ RunTime:0.000966s ]

[ 2020-03-06T13:16:01+08:00 ] 127.0.0.1 /Admin/index/mindManage
INFO: [ app_init ] --START--
INFO: Run Behavior\BuildLiteBehavior [ RunTime:0.000007s ]
INFO: [ app_init ] --END-- [ RunTime:0.000674s ]
INFO: [ app_begin ] --START--
INFO: Run Behavior\ReadHtmlCacheBehavior [ RunTime:0.000789s ]
INFO: [ app_begin ] --END-- [ RunTime:0.000816s ]
SQL: SHOW COLUMNS FROM `customer_admin_user_record` [ RunTime:0.0398s ]
SQL: SELECT `session` FROM `customer_admin_user_record` WHERE `uid` = 2 LIMIT 1   [ RunTime:0.0394s ]
SQL: SHOW COLUMNS FROM `customer_user_pid` [ RunTime:0.0396s ]
SQL: SELECT `uid` FROM `customer_user_pid` WHERE ( pid = 1 )  [ RunTime:0.0399s ]
SQL: SELECT `session` FROM `customer_admin_user_record` WHERE `uid` = 2 LIMIT 1   [ RunTime:0.0405s ]
NOTIC: [2] Illegal string offset 'uid' E:\xampp\htdocs\customer\Application\Admin\Controller\IndexController.class.php 第 68 行.
SQL: SHOW COLUMNS FROM `customer_mind_user` [ RunTime:0.0403s ]
SQL: SELECT * FROM customer_mind_user as a WHERE a.admin_id = '2' ORDER BY create_time DESC LIMIT 0,10   [ RunTime:0.0399s ]
SQL: SHOW COLUMNS FROM `customer_mind_user` [ RunTime:0.0406s ]
SQL: SELECT COUNT(*) AS tp_count FROM `customer_mind_user` WHERE `admin_id` = 2 LIMIT 1   [ RunTime:0.0390s ]
SQL: SELECT `session` FROM `customer_admin_user_record` WHERE `uid` = 2 LIMIT 1   [ RunTime:0.0390s ]
SQL: SHOW COLUMNS FROM `customer_index_menu` [ RunTime:0.0396s ]
SQL: SELECT * FROM `customer_index_menu` WHERE `pid` = 0  [ RunTime:0.0394s ]
SQL: SELECT * FROM `customer_index_menu` WHERE `pid` = 2  [ RunTime:0.0394s ]
SQL: SELECT * FROM `customer_index_menu` WHERE `pid` = 3  [ RunTime:0.0410s ]
SQL: SELECT * FROM `customer_index_menu` WHERE `pid` = 4  [ RunTime:0.0392s ]
SQL: SELECT * FROM `customer_index_menu` WHERE `pid` = 5  [ RunTime:0.0393s ]
SQL: SELECT * FROM `customer_index_menu` WHERE `pid` = 9  [ RunTime:0.0393s ]
SQL: SELECT * FROM `customer_index_menu` WHERE `pid` = 6  [ RunTime:0.0391s ]
SQL: SELECT * FROM `customer_index_menu` WHERE `pid` = 18  [ RunTime:0.0392s ]
INFO: [ view_parse ] --START--
INFO: [ template_filter ] --START--
INFO: Run Behavior\ContentReplaceBehavior [ RunTime:0.000197s ]
INFO: [ template_filter ] --END-- [ RunTime:0.000221s ]
INFO: Run Behavior\ParseTemplateBehavior [ RunTime:0.009942s ]
INFO: [ view_parse ] --END-- [ RunTime:0.009973s ]
INFO: [ view_filter ] --START--
INFO: Run Behavior\WriteHtmlCacheBehavior [ RunTime:0.000483s ]
INFO: [ view_filter ] --END-- [ RunTime:0.000501s ]
INFO: [ app_end ] --START--
INFO: Run Behavior\ShowPageTraceBehavior [ RunTime:0.001043s ]
INFO: [ app_end ] --END-- [ RunTime:0.001095s ]

[ 2020-03-06T13:16:03+08:00 ] 127.0.0.1 /Admin/Index/dealManage
INFO: [ app_init ] --START--
INFO: Run Behavior\BuildLiteBehavior [ RunTime:0.000007s ]
INFO: [ app_init ] --END-- [ RunTime:0.000536s ]
INFO: [ app_begin ] --START--
INFO: Run Behavior\ReadHtmlCacheBehavior [ RunTime:0.000817s ]
INFO: [ app_begin ] --END-- [ RunTime:0.000860s ]
SQL: SHOW COLUMNS FROM `customer_user_pid` [ RunTime:0.0406s ]
SQL: SELECT `uid` FROM `customer_user_pid` WHERE ( pid = 1 )  [ RunTime:0.0397s ]
SQL: SHOW COLUMNS FROM `customer_deal_user` [ RunTime:0.0403s ]
SQL: SELECT * FROM customer_deal_user as s WHERE s.admin_id = '2' ORDER BY s.id DESC LIMIT 0,10   [ RunTime:0.0407s ]
SQL: SHOW COLUMNS FROM `customer_deal_user` [ RunTime:0.0404s ]
SQL: SELECT COUNT(*) AS tp_count FROM `customer_deal_user` WHERE `admin_id` = 2 LIMIT 1   [ RunTime:0.0398s ]
INFO: [ view_parse ] --START--
INFO: [ template_filter ] --START--
INFO: Run Behavior\ContentReplaceBehavior [ RunTime:0.000036s ]
INFO: [ template_filter ] --END-- [ RunTime:0.000058s ]
NOTIC: [8] Undefined variable: current_url E:\xampp\htdocs\customer\Application\Runtime\Cache\Admin\4e97cd0a27de6bf3b88df62786a5a09c.php 第 66 行.
INFO: Run Behavior\ParseTemplateBehavior [ RunTime:0.006637s ]
INFO: [ view_parse ] --END-- [ RunTime:0.006662s ]
INFO: [ view_filter ] --START--
INFO: Run Behavior\WriteHtmlCacheBehavior [ RunTime:0.000481s ]
INFO: [ view_filter ] --END-- [ RunTime:0.000499s ]
INFO: [ app_end ] --START--
INFO: Run Behavior\ShowPageTraceBehavior [ RunTime:0.000661s ]
INFO: [ app_end ] --END-- [ RunTime:0.000696s ]

[ 2020-03-06T13:20:20+08:00 ] 127.0.0.1 /Admin/Index/dealManage
INFO: [ app_init ] --START--
INFO: Run Behavior\BuildLiteBehavior [ RunTime:0.000007s ]
INFO: [ app_init ] --END-- [ RunTime:0.000502s ]
INFO: [ app_begin ] --START--
INFO: Run Behavior\ReadHtmlCacheBehavior [ RunTime:0.000643s ]
INFO: [ app_begin ] --END-- [ RunTime:0.000668s ]
SQL: SHOW COLUMNS FROM `customer_user_pid` [ RunTime:0.0390s ]
SQL: SELECT `uid` FROM `customer_user_pid` WHERE ( pid = 2 )  [ RunTime:0.0386s ]
SQL: SHOW COLUMNS FROM `customer_deal_user` [ RunTime:0.0397s ]
SQL: SELECT * FROM customer_deal_user as s WHERE s.admin_id = '11' ORDER BY s.id DESC LIMIT 0,10   [ RunTime:0.0394s ]
SQL: SELECT * FROM customer_deal_user as s WHERE s.admin_id = '12' ORDER BY s.id DESC LIMIT 0,10   [ RunTime:0.0393s ]
SQL: SELECT * FROM customer_deal_user as s WHERE s.admin_id = '13' ORDER BY s.id DESC LIMIT 0,10   [ RunTime:0.0391s ]
SQL: SELECT * FROM customer_deal_user as s WHERE s.admin_id = '2' ORDER BY s.id DESC LIMIT 0,10   [ RunTime:0.0394s ]
SQL: SHOW COLUMNS FROM `customer_deal_user` [ RunTime:0.0392s ]
SQL: SELECT COUNT(*) AS tp_count FROM `customer_deal_user` WHERE `admin_id` = 2 LIMIT 1   [ RunTime:0.0390s ]
INFO: [ view_parse ] --START--
INFO: [ template_filter ] --START--
INFO: Run Behavior\ContentReplaceBehavior [ RunTime:0.000052s ]
INFO: [ template_filter ] --END-- [ RunTime:0.000090s ]
NOTIC: [8] Undefined variable: current_url E:\xampp\htdocs\customer\Application\Runtime\Cache\Admin\4e97cd0a27de6bf3b88df62786a5a09c.php 第 66 行.
INFO: Run Behavior\ParseTemplateBehavior [ RunTime:0.006960s ]
INFO: [ view_parse ] --END-- [ RunTime:0.007000s ]
INFO: [ view_filter ] --START--
INFO: Run Behavior\WriteHtmlCacheBehavior [ RunTime:0.000506s ]
INFO: [ view_filter ] --END-- [ RunTime:0.000523s ]
INFO: [ app_end ] --START--
INFO: Run Behavior\ShowPageTraceBehavior [ RunTime:0.000657s ]
INFO: [ app_end ] --END-- [ RunTime:0.000676s ]

[ 2020-03-06T13:21:51+08:00 ] 127.0.0.1 /Admin/AdminUser/outLogin
INFO: [ app_init ] --START--
INFO: Run Behavior\BuildLiteBehavior [ RunTime:0.000007s ]
INFO: [ app_init ] --END-- [ RunTime:0.000498s ]
INFO: [ app_begin ] --START--
INFO: Run Behavior\ReadHtmlCacheBehavior [ RunTime:0.000641s ]
INFO: [ app_begin ] --END-- [ RunTime:0.000664s ]
INFO: [ app_end ] --START--
INFO: Run Behavior\ShowPageTraceBehavior [ RunTime:0.001734s ]
INFO: [ app_end ] --END-- [ RunTime:0.001768s ]

[ 2020-03-06T13:21:51+08:00 ] 127.0.0.1 /Admin/index/login
INFO: [ app_init ] --START--
INFO: Run Behavior\BuildLiteBehavior [ RunTime:0.000006s ]
INFO: [ app_init ] --END-- [ RunTime:0.000470s ]
INFO: [ app_begin ] --START--
INFO: Run Behavior\ReadHtmlCacheBehavior [ RunTime:0.001645s ]
INFO: [ app_begin ] --END-- [ RunTime:0.001777s ]
INFO: [ view_parse ] --START--
INFO: [ template_filter ] --START--
INFO: Run Behavior\ContentReplaceBehavior [ RunTime:0.000049s ]
INFO: [ template_filter ] --END-- [ RunTime:0.000111s ]
INFO: Run Behavior\ParseTemplateBehavior [ RunTime:0.022116s ]
INFO: [ view_parse ] --END-- [ RunTime:0.022153s ]
INFO: [ view_filter ] --START--
INFO: Run Behavior\WriteHtmlCacheBehavior [ RunTime:0.000676s ]
INFO: [ view_filter ] --END-- [ RunTime:0.000705s ]
INFO: [ app_end ] --START--
INFO: Run Behavior\ShowPageTraceBehavior [ RunTime:0.000862s ]
INFO: [ app_end ] --END-- [ RunTime:0.000902s ]

[ 2020-03-06T13:21:51+08:00 ] 127.0.0.1 /Admin/index/getVerify.html
INFO: [ app_init ] --START--
INFO: Run Behavior\BuildLiteBehavior [ RunTime:0.000008s ]
INFO: [ app_init ] --END-- [ RunTime:0.000586s ]
INFO: [ app_begin ] --START--
INFO: Run Behavior\ReadHtmlCacheBehavior [ RunTime:0.001145s ]
INFO: [ app_begin ] --END-- [ RunTime:0.001213s ]
INFO: [ app_end ] --START--
INFO: Run Behavior\ShowPageTraceBehavior [ RunTime:0.002422s ]
INFO: [ app_end ] --END-- [ RunTime:0.002478s ]

[ 2020-03-06T13:22:00+08:00 ] 127.0.0.1 /Admin/index/getVerify/0.6208226676338953
INFO: [ app_init ] --START--
INFO: Run Behavior\BuildLiteBehavior [ RunTime:0.000005s ]
INFO: [ app_init ] --END-- [ RunTime:0.000487s ]
INFO: [ app_begin ] --START--
INFO: Run Behavior\ReadHtmlCacheBehavior [ RunTime:0.000649s ]
INFO: [ app_begin ] --END-- [ RunTime:0.000673s ]
INFO: [ app_end ] --START--
INFO: Run Behavior\ShowPageTraceBehavior [ RunTime:0.000774s ]
INFO: [ app_end ] --END-- [ RunTime:0.000823s ]

[ 2020-03-06T13:22:00+08:00 ] 127.0.0.1 /Admin/index/getVerify/0.7440198305281627
INFO: [ app_init ] --START--
INFO: Run Behavior\BuildLiteBehavior [ RunTime:0.000007s ]
INFO: [ app_init ] --END-- [ RunTime:0.000574s ]
INFO: [ app_begin ] --START--
INFO: Run Behavior\ReadHtmlCacheBehavior [ RunTime:0.000638s ]
INFO: [ app_begin ] --END-- [ RunTime:0.000667s ]
INFO: [ app_end ] --START--
INFO: Run Behavior\ShowPageTraceBehavior [ RunTime:0.000772s ]
INFO: [ app_end ] --END-- [ RunTime:0.000816s ]

[ 2020-03-06T13:22:01+08:00 ] 127.0.0.1 /Admin/index/getVerify/0.10544398166597468
INFO: [ app_init ] --START--
INFO: Run Behavior\BuildLiteBehavior [ RunTime:0.000006s ]
INFO: [ app_init ] --END-- [ RunTime:0.000469s ]
INFO: [ app_begin ] --START--
INFO: Run Behavior\ReadHtmlCacheBehavior [ RunTime:0.000513s ]
INFO: [ app_begin ] --END-- [ RunTime:0.000536s ]
INFO: [ app_end ] --START--
INFO: Run Behavior\ShowPageTraceBehavior [ RunTime:0.000540s ]
INFO: [ app_end ] --END-- [ RunTime:0.000565s ]

[ 2020-03-06T13:22:02+08:00 ] 127.0.0.1 /Admin/index/getVerify/0.639704826880158
INFO: [ app_init ] --START--
INFO: Run Behavior\BuildLiteBehavior [ RunTime:0.000006s ]
INFO: [ app_init ] --END-- [ RunTime:0.000454s ]
INFO: [ app_begin ] --START--
INFO: Run Behavior\ReadHtmlCacheBehavior [ RunTime:0.000548s ]
INFO: [ app_begin ] --END-- [ RunTime:0.000572s ]
INFO: [ app_end ] --START--
INFO: Run Behavior\ShowPageTraceBehavior [ RunTime:0.000571s ]
INFO: [ app_end ] --END-- [ RunTime:0.000599s ]

[ 2020-03-06T13:22:03+08:00 ] 127.0.0.1 /Admin/index/getVerify/0.6044693158529422
INFO: [ app_init ] --START--
INFO: Run Behavior\BuildLiteBehavior [ RunTime:0.000007s ]
INFO: [ app_init ] --END-- [ RunTime:0.000419s ]
INFO: [ app_begin ] --START--
INFO: Run Behavior\ReadHtmlCacheBehavior [ RunTime:0.000537s ]
INFO: [ app_begin ] --END-- [ RunTime:0.000560s ]
INFO: [ app_end ] --START--
INFO: Run Behavior\ShowPageTraceBehavior [ RunTime:0.000631s ]
INFO: [ app_end ] --END-- [ RunTime:0.000671s ]

[ 2020-03-06T13:22:04+08:00 ] 127.0.0.1 /Admin/index/getVerify/0.5429430843860223
INFO: [ app_init ] --START--
INFO: Run Behavior\BuildLiteBehavior [ RunTime:0.000006s ]
INFO: [ app_init ] --END-- [ RunTime:0.000408s ]
INFO: [ app_begin ] --START--
INFO: Run Behavior\ReadHtmlCacheBehavior [ RunTime:0.000673s ]
INFO: [ app_begin ] --END-- [ RunTime:0.000712s ]
INFO: [ app_end ] --START--
INFO: Run Behavior\ShowPageTraceBehavior [ RunTime:0.000609s ]
INFO: [ app_end ] --END-- [ RunTime:0.000634s ]

[ 2020-03-06T13:22:05+08:00 ] 127.0.0.1 /Admin/index/getVerify/0.3272883014468819
INFO: [ app_init ] --START--
INFO: Run Behavior\BuildLiteBehavior [ RunTime:0.000007s ]
INFO: [ app_init ] --END-- [ RunTime:0.000411s ]
INFO: [ app_begin ] --START--
INFO: Run Behavior\ReadHtmlCacheBehavior [ RunTime:0.000590s ]
INFO: [ app_begin ] --END-- [ RunTime:0.000613s ]
INFO: [ app_end ] --START--
INFO: Run Behavior\ShowPageTraceBehavior [ RunTime:0.000624s ]
INFO: [ app_end ] --END-- [ RunTime:0.000651s ]

[ 2020-03-06T13:22:10+08:00 ] 127.0.0.1 /Admin/AdminUser/login
INFO: [ app_init ] --START--
INFO: Run Behavior\BuildLiteBehavior [ RunTime:0.000007s ]
INFO: [ app_init ] --END-- [ RunTime:0.000496s ]
INFO: [ app_begin ] --START--
INFO: Run Behavior\ReadHtmlCacheBehavior [ RunTime:0.000589s ]
INFO: [ app_begin ] --END-- [ RunTime:0.000618s ]
SQL: SHOW COLUMNS FROM `customer_admin_user` [ RunTime:0.0531s ]
SQL: SELECT `id`,`user`,`pwd`,`user_name`,`exa_juris` FROM `customer_admin_user` WHERE `user` = 'qiudan' AND `pwd` = '3e7ef2d52d4916ea428fd42daebd4a16' LIMIT 1   [ RunTime:0.0570s ]
SQL: SHOW COLUMNS FROM `customer_admin_user_record` [ RunTime:0.0530s ]
SQL: UPDATE `customer_admin_user_record` SET `session`='plekdtf9j63onarf4rchg8h2v6' WHERE `uid` = 12 [ RunTime:0.0559s ]
INFO: [ app_end ] --START--
INFO: Run Behavior\ShowPageTraceBehavior [ RunTime:0.000793s ]
INFO: [ app_end ] --END-- [ RunTime:0.000819s ]

[ 2020-03-06T13:22:10+08:00 ] 127.0.0.1 /Admin/index/index
INFO: [ app_init ] --START--
INFO: Run Behavior\BuildLiteBehavior [ RunTime:0.000007s ]
INFO: [ app_init ] --END-- [ RunTime:0.000549s ]
INFO: [ app_begin ] --START--
INFO: Run Behavior\ReadHtmlCacheBehavior [ RunTime:0.000823s ]
INFO: [ app_begin ] --END-- [ RunTime:0.000863s ]
SQL: SHOW COLUMNS FROM `customer_admin_user_record` [ RunTime:0.0382s ]
SQL: SELECT `session` FROM `customer_admin_user_record` WHERE `uid` = 12 LIMIT 1   [ RunTime:0.0382s ]
SQL: SELECT `session` FROM `customer_admin_user_record` WHERE `uid` = 12 LIMIT 1   [ RunTime:0.0382s ]
SQL: SHOW COLUMNS FROM `customer_admin_menu` [ RunTime:0.0385s ]
SQL: SELECT * FROM `customer_admin_menu` WHERE ( pid=0 )  [ RunTime:0.0381s ]
SQL: SELECT * FROM `customer_admin_menu` WHERE ( pid=19 )  [ RunTime:0.0381s ]
SQL: SELECT * FROM `customer_admin_menu` WHERE ( pid=22 )  [ RunTime:0.0381s ]
SQL: SELECT * FROM `customer_admin_menu` WHERE ( pid=36 )  [ RunTime:0.0382s ]
INFO: [ view_parse ] --START--
INFO: [ template_filter ] --START--
INFO: Run Behavior\ContentReplaceBehavior [ RunTime:0.000048s ]
INFO: [ template_filter ] --END-- [ RunTime:0.000075s ]
INFO: Run Behavior\ParseTemplateBehavior [ RunTime:0.008654s ]
INFO: [ view_parse ] --END-- [ RunTime:0.008694s ]
INFO: [ view_filter ] --START--
INFO: Run Behavior\WriteHtmlCacheBehavior [ RunTime:0.000772s ]
INFO: [ view_filter ] --END-- [ RunTime:0.000822s ]
INFO: [ app_end ] --START--
INFO: Run Behavior\ShowPageTraceBehavior [ RunTime:0.000852s ]
INFO: [ app_end ] --END-- [ RunTime:0.000888s ]

[ 2020-03-06T13:22:11+08:00 ] 127.0.0.1 /Admin/index/main
INFO: [ app_init ] --START--
INFO: Run Behavior\BuildLiteBehavior [ RunTime:0.000006s ]
INFO: [ app_init ] --END-- [ RunTime:0.000465s ]
INFO: [ app_begin ] --START--
INFO: Run Behavior\ReadHtmlCacheBehavior [ RunTime:0.000619s ]
INFO: [ app_begin ] --END-- [ RunTime:0.000656s ]
SQL: SHOW COLUMNS FROM `customer_admin_user_record` [ RunTime:0.0390s ]
SQL: SELECT `session` FROM `customer_admin_user_record` WHERE `uid` = 12 LIMIT 1   [ RunTime:0.0386s ]
INFO: [ view_parse ] --START--
INFO: [ template_filter ] --START--
INFO: Run Behavior\ContentReplaceBehavior [ RunTime:0.000053s ]
INFO: [ template_filter ] --END-- [ RunTime:0.000076s ]
NOTIC: [8] Undefined index: SYSTEMROOT E:\xampp\htdocs\customer\Application\Runtime\Cache\Admin\65a1f94348fbcf8ea0b7b04e37c32a89.php 第 110 行.
NOTIC: [8] Undefined index: PHP_FCGI_MAX_REQUESTS E:\xampp\htdocs\customer\Application\Runtime\Cache\Admin\65a1f94348fbcf8ea0b7b04e37c32a89.php 第 115 行.
NOTIC: [8] Undefined index: _FCGI_SHUTDOWN_EVENT_ E:\xampp\htdocs\customer\Application\Runtime\Cache\Admin\65a1f94348fbcf8ea0b7b04e37c32a89.php 第 117 行.
NOTIC: [8] Undefined index: HTTP_ACCERT E:\xampp\htdocs\customer\Application\Runtime\Cache\Admin\65a1f94348fbcf8ea0b7b04e37c32a89.php 第 163 行.
NOTIC: [8] Undefined index: FCGI_ROLE E:\xampp\htdocs\customer\Application\Runtime\Cache\Admin\65a1f94348fbcf8ea0b7b04e37c32a89.php 第 175 行.
INFO: Run Behavior\ParseTemplateBehavior [ RunTime:0.006535s ]
INFO: [ view_parse ] --END-- [ RunTime:0.006565s ]
INFO: [ view_filter ] --START--
INFO: Run Behavior\WriteHtmlCacheBehavior [ RunTime:0.000633s ]
INFO: [ view_filter ] --END-- [ RunTime:0.000657s ]
INFO: [ app_end ] --START--
INFO: Run Behavior\ShowPageTraceBehavior [ RunTime:0.002324s ]
INFO: [ app_end ] --END-- [ RunTime:0.002466s ]

[ 2020-03-06T13:22:15+08:00 ] 127.0.0.1 /Admin/index/mindManage
INFO: [ app_init ] --START--
INFO: Run Behavior\BuildLiteBehavior [ RunTime:0.000006s ]
INFO: [ app_init ] --END-- [ RunTime:0.000449s ]
INFO: [ app_begin ] --START--
INFO: Run Behavior\ReadHtmlCacheBehavior [ RunTime:0.000527s ]
INFO: [ app_begin ] --END-- [ RunTime:0.000550s ]
SQL: SHOW COLUMNS FROM `customer_admin_user_record` [ RunTime:0.0407s ]
SQL: SELECT `session` FROM `customer_admin_user_record` WHERE `uid` = 12 LIMIT 1   [ RunTime:0.0392s ]
SQL: SELECT `session` FROM `customer_admin_user_record` WHERE `uid` = 12 LIMIT 1   [ RunTime:0.0373s ]
SQL: SHOW COLUMNS FROM `customer_mind_user` [ RunTime:0.0381s ]
SQL: SELECT * FROM customer_mind_user as a WHERE a.admin_id = '12' ORDER BY create_time DESC LIMIT 0,10   [ RunTime:0.0382s ]
SQL: SHOW COLUMNS FROM `customer_mind_user` [ RunTime:0.0380s ]
SQL: SELECT COUNT(*) AS tp_count FROM `customer_mind_user` WHERE `admin_id` = 12 LIMIT 1   [ RunTime:0.0380s ]
SQL: SELECT `session` FROM `customer_admin_user_record` WHERE `uid` = 12 LIMIT 1   [ RunTime:0.0393s ]
SQL: SHOW COLUMNS FROM `customer_index_menu` [ RunTime:0.0390s ]
SQL: SELECT * FROM `customer_index_menu` WHERE `pid` = 0  [ RunTime:0.0378s ]
SQL: SELECT * FROM `customer_index_menu` WHERE `pid` = 2  [ RunTime:0.0375s ]
SQL: SELECT * FROM `customer_index_menu` WHERE `pid` = 3  [ RunTime:0.0375s ]
SQL: SELECT * FROM `customer_index_menu` WHERE `pid` = 4  [ RunTime:0.0377s ]
SQL: SELECT * FROM `customer_index_menu` WHERE `pid` = 5  [ RunTime:0.0375s ]
SQL: SELECT * FROM `customer_index_menu` WHERE `pid` = 9  [ RunTime:0.0377s ]
SQL: SELECT * FROM `customer_index_menu` WHERE `pid` = 6  [ RunTime:0.0377s ]
SQL: SELECT * FROM `customer_index_menu` WHERE `pid` = 18  [ RunTime:0.0378s ]
INFO: [ view_parse ] --START--
INFO: [ template_filter ] --START--
INFO: Run Behavior\ContentReplaceBehavior [ RunTime:0.000163s ]
INFO: [ template_filter ] --END-- [ RunTime:0.000190s ]
INFO: Run Behavior\ParseTemplateBehavior [ RunTime:0.009625s ]
INFO: [ view_parse ] --END-- [ RunTime:0.009659s ]
INFO: [ view_filter ] --START--
INFO: Run Behavior\WriteHtmlCacheBehavior [ RunTime:0.000423s ]
INFO: [ view_filter ] --END-- [ RunTime:0.000443s ]
INFO: [ app_end ] --START--
INFO: Run Behavior\ShowPageTraceBehavior [ RunTime:0.000790s ]
INFO: [ app_end ] --END-- [ RunTime:0.000855s ]

[ 2020-03-06T13:22:18+08:00 ] 127.0.0.1 /Admin/Index/dealManage
INFO: [ app_init ] --START--
INFO: Run Behavior\BuildLiteBehavior [ RunTime:0.000006s ]
INFO: [ app_init ] --END-- [ RunTime:0.000415s ]
INFO: [ app_begin ] --START--
INFO: Run Behavior\ReadHtmlCacheBehavior [ RunTime:0.000560s ]
INFO: [ app_begin ] --END-- [ RunTime:0.000583s ]
SQL: SHOW COLUMNS FROM `customer_deal_user` [ RunTime:0.0398s ]
SQL: SELECT * FROM customer_deal_user as s WHERE s.admin_id = '12' ORDER BY s.id DESC LIMIT 0,10   [ RunTime:0.0392s ]
SQL: SHOW COLUMNS FROM `customer_deal_user` [ RunTime:0.0389s ]
SQL: SELECT COUNT(*) AS tp_count FROM `customer_deal_user` WHERE `admin_id` = 12 LIMIT 1   [ RunTime:0.0389s ]
INFO: [ view_parse ] --START--
INFO: [ template_filter ] --START--
INFO: Run Behavior\ContentReplaceBehavior [ RunTime:0.000066s ]
INFO: [ template_filter ] --END-- [ RunTime:0.000129s ]
NOTIC: [8] Undefined variable: current_url E:\xampp\htdocs\customer\Application\Runtime\Cache\Admin\4e97cd0a27de6bf3b88df62786a5a09c.php 第 66 行.
INFO: Run Behavior\ParseTemplateBehavior [ RunTime:0.007476s ]
INFO: [ view_parse ] --END-- [ RunTime:0.007517s ]
INFO: [ view_filter ] --START--
INFO: Run Behavior\WriteHtmlCacheBehavior [ RunTime:0.000631s ]
INFO: [ view_filter ] --END-- [ RunTime:0.000650s ]
INFO: [ app_end ] --START--
INFO: Run Behavior\ShowPageTraceBehavior [ RunTime:0.000767s ]
INFO: [ app_end ] --END-- [ RunTime:0.000788s ]

[ 2020-03-06T13:22:31+08:00 ] 127.0.0.1 /Admin/index/dealManage.html
INFO: [ app_init ] --START--
INFO: Run Behavior\BuildLiteBehavior [ RunTime:0.000006s ]
INFO: [ app_init ] --END-- [ RunTime:0.000403s ]
INFO: [ app_begin ] --START--
INFO: Run Behavior\ReadHtmlCacheBehavior [ RunTime:0.000554s ]
INFO: [ app_begin ] --END-- [ RunTime:0.000577s ]
SQL: SHOW COLUMNS FROM `customer_deal_user` [ RunTime:0.0390s ]
SQL: SELECT * FROM customer_deal_user as s WHERE s.admin_id = '12' AND s.corp_name LIKE '%广州柯依%' ORDER BY s.id DESC LIMIT 0,10   [ RunTime:0.0382s ]
SQL: SHOW COLUMNS FROM `customer_deal_user` [ RunTime:0.0380s ]
SQL: SELECT COUNT(*) AS tp_count FROM `customer_deal_user` WHERE `corp_name` LIKE '%广州柯依%' AND `admin_id` = 12 LIMIT 1   [ RunTime:0.0373s ]
INFO: [ view_parse ] --START--
INFO: [ template_filter ] --START--
INFO: Run Behavior\ContentReplaceBehavior [ RunTime:0.000026s ]
INFO: [ template_filter ] --END-- [ RunTime:0.000044s ]
NOTIC: [8] Undefined variable: current_url E:\xampp\htdocs\customer\Application\Runtime\Cache\Admin\3e639491178467a5e0b6ba2040437ade.php 第 12 行.
NOTIC: [8] Undefined variable: admin_id E:\xampp\htdocs\customer\Application\Runtime\Cache\Admin\3e639491178467a5e0b6ba2040437ade.php 第 67 行.
INFO: Run Behavior\ParseTemplateBehavior [ RunTime:0.005199s ]
INFO: [ view_parse ] --END-- [ RunTime:0.005219s ]
INFO: [ view_filter ] --START--
INFO: Run Behavior\WriteHtmlCacheBehavior [ RunTime:0.000544s ]
INFO: [ view_filter ] --END-- [ RunTime:0.000561s ]

[ 2020-03-06T13:22:32+08:00 ] 127.0.0.1 /Admin/index/dealManage.html
INFO: [ app_init ] --START--
INFO: Run Behavior\BuildLiteBehavior [ RunTime:0.000006s ]
INFO: [ app_init ] --END-- [ RunTime:0.000406s ]
INFO: [ app_begin ] --START--
INFO: Run Behavior\ReadHtmlCacheBehavior [ RunTime:0.000553s ]
INFO: [ app_begin ] --END-- [ RunTime:0.000575s ]
SQL: SHOW COLUMNS FROM `customer_deal_user` [ RunTime:0.0409s ]
SQL: SELECT * FROM customer_deal_user as s WHERE s.admin_id = '12' AND s.corp_name LIKE '%广州柯依%' ORDER BY s.id DESC LIMIT 0,10   [ RunTime:0.0406s ]
SQL: SHOW COLUMNS FROM `customer_deal_user` [ RunTime:0.0403s ]
SQL: SELECT COUNT(*) AS tp_count FROM `customer_deal_user` WHERE `corp_name` LIKE '%广州柯依%' AND `admin_id` = 12 LIMIT 1   [ RunTime:0.0402s ]
INFO: [ view_parse ] --START--
INFO: [ template_filter ] --START--
INFO: Run Behavior\ContentReplaceBehavior [ RunTime:0.000026s ]
INFO: [ template_filter ] --END-- [ RunTime:0.000048s ]
NOTIC: [8] Undefined variable: current_url E:\xampp\htdocs\customer\Application\Runtime\Cache\Admin\3e639491178467a5e0b6ba2040437ade.php 第 12 行.
NOTIC: [8] Undefined variable: admin_id E:\xampp\htdocs\customer\Application\Runtime\Cache\Admin\3e639491178467a5e0b6ba2040437ade.php 第 67 行.
INFO: Run Behavior\ParseTemplateBehavior [ RunTime:0.006103s ]
INFO: [ view_parse ] --END-- [ RunTime:0.006127s ]
INFO: [ view_filter ] --START--
INFO: Run Behavior\WriteHtmlCacheBehavior [ RunTime:0.000482s ]
INFO: [ view_filter ] --END-- [ RunTime:0.000498s ]

[ 2020-03-06T13:22:34+08:00 ] 127.0.0.1 /Admin/AdminUser/outLogin
INFO: [ app_init ] --START--
INFO: Run Behavior\BuildLiteBehavior [ RunTime:0.000006s ]
INFO: [ app_init ] --END-- [ RunTime:0.000462s ]
INFO: [ app_begin ] --START--
INFO: Run Behavior\ReadHtmlCacheBehavior [ RunTime:0.000522s ]
INFO: [ app_begin ] --END-- [ RunTime:0.000544s ]
INFO: [ app_end ] --START--
INFO: Run Behavior\ShowPageTraceBehavior [ RunTime:0.000544s ]
INFO: [ app_end ] --END-- [ RunTime:0.000565s ]

[ 2020-03-06T13:22:34+08:00 ] 127.0.0.1 /Admin/index/login
INFO: [ app_init ] --START--
INFO: Run Behavior\BuildLiteBehavior [ RunTime:0.000007s ]
INFO: [ app_init ] --END-- [ RunTime:0.000424s ]
INFO: [ app_begin ] --START--
INFO: Run Behavior\ReadHtmlCacheBehavior [ RunTime:0.000539s ]
INFO: [ app_begin ] --END-- [ RunTime:0.000563s ]
INFO: [ view_parse ] --START--
INFO: [ template_filter ] --START--
INFO: Run Behavior\ContentReplaceBehavior [ RunTime:0.000068s ]
INFO: [ template_filter ] --END-- [ RunTime:0.000266s ]
INFO: Run Behavior\ParseTemplateBehavior [ RunTime:0.007530s ]
INFO: [ view_parse ] --END-- [ RunTime:0.007562s ]
INFO: [ view_filter ] --START--
INFO: Run Behavior\WriteHtmlCacheBehavior [ RunTime:0.000599s ]
INFO: [ view_filter ] --END-- [ RunTime:0.000622s ]
INFO: [ app_end ] --START--
INFO: Run Behavior\ShowPageTraceBehavior [ RunTime:0.000758s ]
INFO: [ app_end ] --END-- [ RunTime:0.000792s ]

[ 2020-03-06T13:22:34+08:00 ] 127.0.0.1 /Admin/index/getVerify.html
INFO: [ app_init ] --START--
INFO: Run Behavior\BuildLiteBehavior [ RunTime:0.000032s ]
INFO: [ app_init ] --END-- [ RunTime:0.001140s ]
INFO: [ app_begin ] --START--
INFO: Run Behavior\ReadHtmlCacheBehavior [ RunTime:0.001001s ]
INFO: [ app_begin ] --END-- [ RunTime:0.001109s ]
INFO: [ app_end ] --START--
INFO: Run Behavior\ShowPageTraceBehavior [ RunTime:0.002371s ]
INFO: [ app_end ] --END-- [ RunTime:0.002422s ]

[ 2020-03-06T13:24:18+08:00 ] 127.0.0.1 /Admin/index/login
INFO: [ app_init ] --START--
INFO: Run Behavior\BuildLiteBehavior [ RunTime:0.000008s ]
INFO: [ app_init ] --END-- [ RunTime:0.000562s ]
INFO: [ app_begin ] --START--
INFO: Run Behavior\ReadHtmlCacheBehavior [ RunTime:0.000727s ]
INFO: [ app_begin ] --END-- [ RunTime:0.000758s ]
INFO: [ view_parse ] --START--
INFO: [ template_filter ] --START--
INFO: Run Behavior\ContentReplaceBehavior [ RunTime:0.000050s ]
INFO: [ template_filter ] --END-- [ RunTime:0.000102s ]
INFO: Run Behavior\ParseTemplateBehavior [ RunTime:0.005764s ]
INFO: [ view_parse ] --END-- [ RunTime:0.005790s ]
INFO: [ view_filter ] --START--
INFO: Run Behavior\WriteHtmlCacheBehavior [ RunTime:0.000506s ]
INFO: [ view_filter ] --END-- [ RunTime:0.000526s ]
INFO: [ app_end ] --START--
INFO: Run Behavior\ShowPageTraceBehavior [ RunTime:0.000641s ]
INFO: [ app_end ] --END-- [ RunTime:0.000661s ]

[ 2020-03-06T13:24:18+08:00 ] 127.0.0.1 /Admin/index/getVerify.html
INFO: [ app_init ] --START--
INFO: Run Behavior\BuildLiteBehavior [ RunTime:0.000008s ]
INFO: [ app_init ] --END-- [ RunTime:0.000602s ]
INFO: [ app_begin ] --START--
INFO: Run Behavior\ReadHtmlCacheBehavior [ RunTime:0.000636s ]
INFO: [ app_begin ] --END-- [ RunTime:0.000685s ]
INFO: [ app_end ] --START--
INFO: Run Behavior\ShowPageTraceBehavior [ RunTime:0.000766s ]
INFO: [ app_end ] --END-- [ RunTime:0.000814s ]

[ 2020-03-06T13:28:09+08:00 ] 127.0.0.1 /Admin/index/getVerify/0.8179979303483158
INFO: [ app_init ] --START--
INFO: Run Behavior\BuildLiteBehavior [ RunTime:0.000007s ]
INFO: [ app_init ] --END-- [ RunTime:0.000458s ]
INFO: [ app_begin ] --START--
INFO: Run Behavior\ReadHtmlCacheBehavior [ RunTime:0.000726s ]
INFO: [ app_begin ] --END-- [ RunTime:0.000750s ]
INFO: [ app_end ] --START--
INFO: Run Behavior\ShowPageTraceBehavior [ RunTime:0.000612s ]
INFO: [ app_end ] --END-- [ RunTime:0.000638s ]

[ 2020-03-06T13:28:15+08:00 ] 127.0.0.1 /Admin/AdminUser/login
INFO: [ app_init ] --START--
INFO: Run Behavior\BuildLiteBehavior [ RunTime:0.000005s ]
INFO: [ app_init ] --END-- [ RunTime:0.000404s ]
INFO: [ app_begin ] --START--
INFO: Run Behavior\ReadHtmlCacheBehavior [ RunTime:0.000511s ]
INFO: [ app_begin ] --END-- [ RunTime:0.000533s ]
SQL: SHOW COLUMNS FROM `customer_admin_user` [ RunTime:0.0391s ]
SQL: SELECT `id`,`user`,`pwd`,`user_name`,`exa_juris` FROM `customer_admin_user` WHERE `user` = 'zhuyunfei' AND `pwd` = '3e7ef2d52d4916ea428fd42daebd4a16' LIMIT 1   [ RunTime:0.0387s ]
SQL: SHOW COLUMNS FROM `customer_admin_user_record` [ RunTime:0.0386s ]
SQL: UPDATE `customer_admin_user_record` SET `session`='plekdtf9j63onarf4rchg8h2v6' WHERE `uid` = 2 [ RunTime:0.0388s ]
INFO: [ app_end ] --START--
INFO: Run Behavior\ShowPageTraceBehavior [ RunTime:0.000816s ]
INFO: [ app_end ] --END-- [ RunTime:0.000843s ]

[ 2020-03-06T13:28:15+08:00 ] 127.0.0.1 /Admin/index/index
INFO: [ app_init ] --START--
INFO: Run Behavior\BuildLiteBehavior [ RunTime:0.000014s ]
INFO: [ app_init ] --END-- [ RunTime:0.000615s ]
INFO: [ app_begin ] --START--
INFO: Run Behavior\ReadHtmlCacheBehavior [ RunTime:0.000958s ]
INFO: [ app_begin ] --END-- [ RunTime:0.001125s ]
SQL: SHOW COLUMNS FROM `customer_admin_user_record` [ RunTime:0.0391s ]
SQL: SELECT `session` FROM `customer_admin_user_record` WHERE `uid` = 2 LIMIT 1   [ RunTime:0.0389s ]
SQL: SELECT `session` FROM `customer_admin_user_record` WHERE `uid` = 2 LIMIT 1   [ RunTime:0.0385s ]
SQL: SHOW COLUMNS FROM `customer_admin_menu` [ RunTime:0.0390s ]
SQL: SELECT * FROM `customer_admin_menu` WHERE ( pid=0 )  [ RunTime:0.0391s ]
SQL: SELECT * FROM `customer_admin_menu` WHERE ( pid=19 )  [ RunTime:0.0396s ]
SQL: SELECT * FROM `customer_admin_menu` WHERE ( pid=22 )  [ RunTime:0.0396s ]
SQL: SELECT * FROM `customer_admin_menu` WHERE ( pid=36 )  [ RunTime:0.0397s ]
INFO: [ view_parse ] --START--
INFO: [ template_filter ] --START--
INFO: Run Behavior\ContentReplaceBehavior [ RunTime:0.000050s ]
INFO: [ template_filter ] --END-- [ RunTime:0.000077s ]
INFO: Run Behavior\ParseTemplateBehavior [ RunTime:0.007785s ]
INFO: [ view_parse ] --END-- [ RunTime:0.007817s ]
INFO: [ view_filter ] --START--
INFO: Run Behavior\WriteHtmlCacheBehavior [ RunTime:0.000770s ]
INFO: [ view_filter ] --END-- [ RunTime:0.000807s ]
INFO: [ app_end ] --START--
INFO: Run Behavior\ShowPageTraceBehavior [ RunTime:0.001118s ]
INFO: [ app_end ] --END-- [ RunTime:0.001150s ]

[ 2020-03-06T13:28:16+08:00 ] 127.0.0.1 /Admin/index/main
INFO: [ app_init ] --START--
INFO: Run Behavior\BuildLiteBehavior [ RunTime:0.000007s ]
INFO: [ app_init ] --END-- [ RunTime:0.000578s ]
INFO: [ app_begin ] --START--
INFO: Run Behavior\ReadHtmlCacheBehavior [ RunTime:0.000706s ]
INFO: [ app_begin ] --END-- [ RunTime:0.000778s ]
SQL: SHOW COLUMNS FROM `customer_admin_user_record` [ RunTime:0.0392s ]
SQL: SELECT `session` FROM `customer_admin_user_record` WHERE `uid` = 2 LIMIT 1   [ RunTime:0.0389s ]
INFO: [ view_parse ] --START--
INFO: [ template_filter ] --START--
INFO: Run Behavior\ContentReplaceBehavior [ RunTime:0.000056s ]
INFO: [ template_filter ] --END-- [ RunTime:0.000085s ]
NOTIC: [8] Undefined index: SYSTEMROOT E:\xampp\htdocs\customer\Application\Runtime\Cache\Admin\65a1f94348fbcf8ea0b7b04e37c32a89.php 第 110 行.
NOTIC: [8] Undefined index: PHP_FCGI_MAX_REQUESTS E:\xampp\htdocs\customer\Application\Runtime\Cache\Admin\65a1f94348fbcf8ea0b7b04e37c32a89.php 第 115 行.
NOTIC: [8] Undefined index: _FCGI_SHUTDOWN_EVENT_ E:\xampp\htdocs\customer\Application\Runtime\Cache\Admin\65a1f94348fbcf8ea0b7b04e37c32a89.php 第 117 行.
NOTIC: [8] Undefined index: HTTP_ACCERT E:\xampp\htdocs\customer\Application\Runtime\Cache\Admin\65a1f94348fbcf8ea0b7b04e37c32a89.php 第 163 行.
NOTIC: [8] Undefined index: FCGI_ROLE E:\xampp\htdocs\customer\Application\Runtime\Cache\Admin\65a1f94348fbcf8ea0b7b04e37c32a89.php 第 175 行.
INFO: Run Behavior\ParseTemplateBehavior [ RunTime:0.009219s ]
INFO: [ view_parse ] --END-- [ RunTime:0.009240s ]
INFO: [ view_filter ] --START--
INFO: Run Behavior\WriteHtmlCacheBehavior [ RunTime:0.000419s ]
INFO: [ view_filter ] --END-- [ RunTime:0.000437s ]
INFO: [ app_end ] --START--
INFO: Run Behavior\ShowPageTraceBehavior [ RunTime:0.001013s ]
INFO: [ app_end ] --END-- [ RunTime:0.001074s ]

[ 2020-03-06T13:28:18+08:00 ] 127.0.0.1 /Admin/index/mindManage
INFO: [ app_init ] --START--
INFO: Run Behavior\BuildLiteBehavior [ RunTime:0.000007s ]
INFO: [ app_init ] --END-- [ RunTime:0.000416s ]
INFO: [ app_begin ] --START--
INFO: Run Behavior\ReadHtmlCacheBehavior [ RunTime:0.000592s ]
INFO: [ app_begin ] --END-- [ RunTime:0.000616s ]
SQL: SHOW COLUMNS FROM `customer_admin_user_record` [ RunTime:0.0389s ]
SQL: SELECT `session` FROM `customer_admin_user_record` WHERE `uid` = 2 LIMIT 1   [ RunTime:0.0388s ]
SQL: SHOW COLUMNS FROM `customer_user_pid` [ RunTime:0.0388s ]
SQL: SELECT `uid` FROM `customer_user_pid` WHERE ( pid = 2 )  [ RunTime:0.0385s ]
SQL: SELECT `session` FROM `customer_admin_user_record` WHERE `uid` = 2 LIMIT 1   [ RunTime:0.0384s ]
SQL: SHOW COLUMNS FROM `customer_mind_user` [ RunTime:0.0391s ]
SQL: SELECT * FROM customer_mind_user as a WHERE a.admin_id = '11' ORDER BY create_time DESC LIMIT 0,10   [ RunTime:0.0388s ]
SQL: SELECT * FROM customer_mind_user as a WHERE a.admin_id = '12' ORDER BY create_time DESC LIMIT 0,10   [ RunTime:0.0390s ]
SQL: SELECT * FROM customer_mind_user as a WHERE a.admin_id = '13' ORDER BY create_time DESC LIMIT 0,10   [ RunTime:0.0390s ]
SQL: SELECT * FROM customer_mind_user as a WHERE a.admin_id = '2' ORDER BY create_time DESC LIMIT 0,10   [ RunTime:0.0389s ]
SQL: SHOW COLUMNS FROM `customer_mind_user` [ RunTime:0.0388s ]
SQL: SELECT COUNT(*) AS tp_count FROM `customer_mind_user` WHERE `admin_id` = 2 LIMIT 1   [ RunTime:0.0385s ]
SQL: SELECT `session` FROM `customer_admin_user_record` WHERE `uid` = 2 LIMIT 1   [ RunTime:0.0383s ]
SQL: SHOW COLUMNS FROM `customer_index_menu` [ RunTime:0.0387s ]
SQL: SELECT * FROM `customer_index_menu` WHERE `pid` = 0  [ RunTime:0.0385s ]
SQL: SELECT * FROM `customer_index_menu` WHERE `pid` = 2  [ RunTime:0.0386s ]
SQL: SELECT * FROM `customer_index_menu` WHERE `pid` = 3  [ RunTime:0.0386s ]
SQL: SELECT * FROM `customer_index_menu` WHERE `pid` = 4  [ RunTime:0.0384s ]
SQL: SELECT * FROM `customer_index_menu` WHERE `pid` = 5  [ RunTime:0.0383s ]
SQL: SELECT * FROM `customer_index_menu` WHERE `pid` = 9  [ RunTime:0.0383s ]
SQL: SELECT * FROM `customer_index_menu` WHERE `pid` = 6  [ RunTime:0.0385s ]
SQL: SELECT * FROM `customer_index_menu` WHERE `pid` = 18  [ RunTime:0.0384s ]
INFO: [ view_parse ] --START--
INFO: [ template_filter ] --START--
INFO: Run Behavior\ContentReplaceBehavior [ RunTime:0.000188s ]
INFO: [ template_filter ] --END-- [ RunTime:0.000212s ]
INFO: Run Behavior\ParseTemplateBehavior [ RunTime:0.009141s ]
INFO: [ view_parse ] --END-- [ RunTime:0.009174s ]
INFO: [ view_filter ] --START--
INFO: Run Behavior\WriteHtmlCacheBehavior [ RunTime:0.000412s ]
INFO: [ view_filter ] --END-- [ RunTime:0.000429s ]
INFO: [ app_end ] --START--
INFO: Run Behavior\ShowPageTraceBehavior [ RunTime:0.000969s ]
INFO: [ app_end ] --END-- [ RunTime:0.001012s ]

[ 2020-03-06T13:28:21+08:00 ] 127.0.0.1 /Admin/Index/dealManage
INFO: [ app_init ] --START--
INFO: Run Behavior\BuildLiteBehavior [ RunTime:0.000006s ]
INFO: [ app_init ] --END-- [ RunTime:0.000416s ]
INFO: [ app_begin ] --START--
INFO: Run Behavior\ReadHtmlCacheBehavior [ RunTime:0.000534s ]
INFO: [ app_begin ] --END-- [ RunTime:0.000558s ]
SQL: SHOW COLUMNS FROM `customer_user_pid` [ RunTime:0.0402s ]
SQL: SELECT `uid` FROM `customer_user_pid` WHERE ( pid = 2 )  [ RunTime:0.0404s ]
SQL: SHOW COLUMNS FROM `customer_deal_user` [ RunTime:0.0405s ]
SQL: SELECT * FROM customer_deal_user as s WHERE s.admin_id = '11' ORDER BY s.id DESC LIMIT 0,10   [ RunTime:0.0405s ]
SQL: SELECT * FROM customer_deal_user as s WHERE s.admin_id = '12' ORDER BY s.id DESC LIMIT 0,10   [ RunTime:0.0408s ]
SQL: SELECT * FROM customer_deal_user as s WHERE s.admin_id = '13' ORDER BY s.id DESC LIMIT 0,10   [ RunTime:0.0404s ]
SQL: SELECT * FROM customer_deal_user as s WHERE s.admin_id = '2' ORDER BY s.id DESC LIMIT 0,10   [ RunTime:0.0407s ]
SQL: SHOW COLUMNS FROM `customer_deal_user` [ RunTime:0.0405s ]
SQL: SELECT COUNT(*) AS tp_count FROM `customer_deal_user` WHERE `admin_id` = 2 LIMIT 1   [ RunTime:0.0399s ]
INFO: [ view_parse ] --START--
INFO: [ template_filter ] --START--
INFO: Run Behavior\ContentReplaceBehavior [ RunTime:0.000037s ]
INFO: [ template_filter ] --END-- [ RunTime:0.000059s ]
NOTIC: [8] Undefined variable: current_url E:\xampp\htdocs\customer\Application\Runtime\Cache\Admin\4e97cd0a27de6bf3b88df62786a5a09c.php 第 66 行.
INFO: Run Behavior\ParseTemplateBehavior [ RunTime:0.005713s ]
INFO: [ view_parse ] --END-- [ RunTime:0.005735s ]
INFO: [ view_filter ] --START--
INFO: Run Behavior\WriteHtmlCacheBehavior [ RunTime:0.000406s ]
INFO: [ view_filter ] --END-- [ RunTime:0.000424s ]
INFO: [ app_end ] --START--
INFO: Run Behavior\ShowPageTraceBehavior [ RunTime:0.000543s ]
INFO: [ app_end ] --END-- [ RunTime:0.000562s ]

[ 2020-03-06T13:28:24+08:00 ] 127.0.0.1 /Admin/index/mindManage
INFO: [ app_init ] --START--
INFO: Run Behavior\BuildLiteBehavior [ RunTime:0.000006s ]
INFO: [ app_init ] --END-- [ RunTime:0.000475s ]
INFO: [ app_begin ] --START--
INFO: Run Behavior\ReadHtmlCacheBehavior [ RunTime:0.000517s ]
INFO: [ app_begin ] --END-- [ RunTime:0.000541s ]
SQL: SHOW COLUMNS FROM `customer_admin_user_record` [ RunTime:0.0382s ]
SQL: SELECT `session` FROM `customer_admin_user_record` WHERE `uid` = 2 LIMIT 1   [ RunTime:0.0379s ]
SQL: SHOW COLUMNS FROM `customer_user_pid` [ RunTime:0.0380s ]
SQL: SELECT `uid` FROM `customer_user_pid` WHERE ( pid = 2 )  [ RunTime:0.0376s ]
SQL: SELECT `session` FROM `customer_admin_user_record` WHERE `uid` = 2 LIMIT 1   [ RunTime:0.0377s ]
SQL: SHOW COLUMNS FROM `customer_mind_user` [ RunTime:0.0474s ]
SQL: SELECT * FROM customer_mind_user as a WHERE a.admin_id = '11' ORDER BY create_time DESC LIMIT 0,10   [ RunTime:0.0385s ]
SQL: SELECT * FROM customer_mind_user as a WHERE a.admin_id = '12' ORDER BY create_time DESC LIMIT 0,10   [ RunTime:0.0383s ]
SQL: SELECT * FROM customer_mind_user as a WHERE a.admin_id = '13' ORDER BY create_time DESC LIMIT 0,10   [ RunTime:0.0384s ]
SQL: SELECT * FROM customer_mind_user as a WHERE a.admin_id = '2' ORDER BY create_time DESC LIMIT 0,10   [ RunTime:0.0385s ]
SQL: SHOW COLUMNS FROM `customer_mind_user` [ RunTime:0.0389s ]
SQL: SELECT COUNT(*) AS tp_count FROM `customer_mind_user` WHERE `admin_id` = 2 LIMIT 1   [ RunTime:0.0378s ]
SQL: SELECT `session` FROM `customer_admin_user_record` WHERE `uid` = 2 LIMIT 1   [ RunTime:0.0379s ]
SQL: SHOW COLUMNS FROM `customer_index_menu` [ RunTime:0.0382s ]
SQL: SELECT * FROM `customer_index_menu` WHERE `pid` = 0  [ RunTime:0.0387s ]
SQL: SELECT * FROM `customer_index_menu` WHERE `pid` = 2  [ RunTime:0.0378s ]
SQL: SELECT * FROM `customer_index_menu` WHERE `pid` = 3  [ RunTime:0.0380s ]
SQL: SELECT * FROM `customer_index_menu` WHERE `pid` = 4  [ RunTime:0.0379s ]
SQL: SELECT * FROM `customer_index_menu` WHERE `pid` = 5  [ RunTime:0.0379s ]
SQL: SELECT * FROM `customer_index_menu` WHERE `pid` = 9  [ RunTime:0.0390s ]
SQL: SELECT * FROM `customer_index_menu` WHERE `pid` = 6  [ RunTime:0.0380s ]
SQL: SELECT * FROM `customer_index_menu` WHERE `pid` = 18  [ RunTime:0.0380s ]
INFO: [ view_parse ] --START--
INFO: [ template_filter ] --START--
INFO: Run Behavior\ContentReplaceBehavior [ RunTime:0.000138s ]
INFO: [ template_filter ] --END-- [ RunTime:0.000167s ]
INFO: Run Behavior\ParseTemplateBehavior [ RunTime:0.009745s ]
INFO: [ view_parse ] --END-- [ RunTime:0.009774s ]
INFO: [ view_filter ] --START--
INFO: Run Behavior\WriteHtmlCacheBehavior [ RunTime:0.000493s ]
INFO: [ view_filter ] --END-- [ RunTime:0.000512s ]
INFO: [ app_end ] --START--
INFO: Run Behavior\ShowPageTraceBehavior [ RunTime:0.000917s ]
INFO: [ app_end ] --END-- [ RunTime:0.000971s ]

